Vivado Simulator 2019.1
Copyright 1986-1999, 2001-2019 Xilinx, Inc. All Rights Reserved.
Running: D:/Xilinx/Vivado/2019.1/bin/unwrapped/win64.o/xelab.exe -wto 5e642071d7794766b4b315a510ef4630 --incr --debug typical --relax --mt 2 -L fifo_generator_v13_2_4 -L xil_defaultlib -L unisims_ver -L unimacro_ver -L secureip -L xpm --snapshot data_store_tb_behav xil_defaultlib.data_store_tb xil_defaultlib.glbl -log elaborate.log 
Using 2 slave threads.
Starting static elaboration
Completed static elaboration
Starting simulation data flow analysis
Completed simulation data flow analysis
Time Resolution for simulation is 1ps
Compiling package std.standard
Compiling package std.textio
Compiling package ieee.std_logic_1164
Compiling package ieee.numeric_std
Compiling package unisim.vcomponents
Compiling package vl.vl_types
Compiling module xil_defaultlib.glbl
Compiling module unisims_ver.IBUF
Compiling module unisims_ver.MMCME2_ADV(CLKFBOUT_MULT_F=8.0,C...
Compiling module unisims_ver.BUFG
Compiling module xil_defaultlib.fifo_design_1_clk_wiz_0_clk_wiz
Compiling module xil_defaultlib.fifo_design_1_clk_wiz_0
Compiling module fifo_generator_v13_2_4.fifo_generator_v13_2_4_bhv_ver_s...
Compiling module fifo_generator_v13_2_4.fifo_generator_v13_2_4_bhv_ver_p...
Compiling module fifo_generator_v13_2_4.fifo_generator_v13_2_4_CONV_VER(...
Compiling module fifo_generator_v13_2_4.fifo_generator_vlog_beh(C_COMMON...
Compiling module xil_defaultlib.fifo_design_1_fifo_generator_0_0
Compiling architecture structure of entity xil_defaultlib.fifo_design_1 [fifo_design_1_default]
Compiling architecture structure of entity xil_defaultlib.fifo_design_1_wrapper [fifo_design_1_wrapper_default]
Compiling architecture behavioral of entity xil_defaultlib.data_store [data_store_default]
Compiling architecture behavioral of entity xil_defaultlib.data_store_tb
Built simulation snapshot data_store_tb_behav
