Copyright 1986-2019 Xilinx, Inc. All Rights Reserved.
------------------------------------------------------------------------------------
| Tool Version : Vivado v.2019.1 (win64) Build 2552052 Fri May 24 14:49:42 MDT 2019
| Date         : Mon Feb 16 14:10:31 2026
| Host         : PC running 64-bit major release  (build 9200)
| Command      : upgrade_ip
| Device       : xc7a100tcsg324-1
------------------------------------------------------------------------------------

Upgrade Log for IP 'design_1_arithmetic_ip_0_1'

1. Summary
----------

SUCCESS in the upgrade of design_1_arithmetic_ip_0_1 (xilinx.com:user:arithmetic_ip:1.0) from (Rev. 9) to (Rev. 10)






Copyright 1986-2019 Xilinx, Inc. All Rights Reserved.
------------------------------------------------------------------------------------
| Tool Version : Vivado v.2019.1 (win64) Build 2552052 Fri May 24 14:49:42 MDT 2019
| Date         : Mon Feb 16 13:12:47 2026
| Host         : PC running 64-bit major release  (build 9200)
| Command      : upgrade_ip
| Device       : xc7a100tcsg324-1
------------------------------------------------------------------------------------

Upgrade Log for IP 'design_1_arithmetic_ip_0_1'

1. Summary
----------

SUCCESS in the upgrade of design_1_arithmetic_ip_0_1 (xilinx.com:user:arithmetic_ip:1.0) from (Rev. 8) to (Rev. 9)






Copyright 1986-2019 Xilinx, Inc. All Rights Reserved.
------------------------------------------------------------------------------------
| Tool Version : Vivado v.2019.1 (win64) Build 2552052 Fri May 24 14:49:42 MDT 2019
| Date         : Mon Feb 16 12:58:16 2026
| Host         : PC running 64-bit major release  (build 9200)
| Command      : upgrade_ip
| Device       : xc7a100tcsg324-1
------------------------------------------------------------------------------------

Upgrade Log for IP 'design_1_arithmetic_ip_0_1'

1. Summary
----------

SUCCESS in the upgrade of design_1_arithmetic_ip_0_1 (xilinx.com:user:arithmetic_ip:1.0) from (Rev. 7) to (Rev. 8)






Copyright 1986-2019 Xilinx, Inc. All Rights Reserved.
------------------------------------------------------------------------------------
| Tool Version : Vivado v.2019.1 (win64) Build 2552052 Fri May 24 14:49:42 MDT 2019
| Date         : Mon Feb 16 11:26:33 2026
| Host         : PC running 64-bit major release  (build 9200)
| Command      : upgrade_ip
| Device       : xc7a100tcsg324-1
------------------------------------------------------------------------------------

Upgrade Log for IP 'design_1_arithmetic_ip_0_1'

1. Summary
----------

SUCCESS in the upgrade of design_1_arithmetic_ip_0_1 (xilinx.com:user:arithmetic_ip:1.0) from (Rev. 6) to (Rev. 7)






Copyright 1986-2019 Xilinx, Inc. All Rights Reserved.
------------------------------------------------------------------------------------
| Tool Version : Vivado v.2019.1 (win64) Build 2552052 Fri May 24 14:49:42 MDT 2019
| Date         : Mon Feb 16 11:17:25 2026
| Host         : PC running 64-bit major release  (build 9200)
| Command      : upgrade_ip
| Device       : xc7a100tcsg324-1
------------------------------------------------------------------------------------

Upgrade Log for IP 'design_1_arithmetic_ip_0_1'

1. Summary
----------

SUCCESS in the upgrade of design_1_arithmetic_ip_0_1 (xilinx.com:user:arithmetic_ip:1.0) from (Rev. 5) to (Rev. 6)






Copyright 1986-2019 Xilinx, Inc. All Rights Reserved.
------------------------------------------------------------------------------------
| Tool Version : Vivado v.2019.1 (win64) Build 2552052 Fri May 24 14:49:42 MDT 2019
| Date         : Mon Feb 16 11:07:51 2026
| Host         : PC running 64-bit major release  (build 9200)
| Command      : upgrade_ip
| Device       : xc7a100tcsg324-1
------------------------------------------------------------------------------------

Upgrade Log for IP 'design_1_arithmetic_ip_0_1'

1. Summary
----------

SUCCESS in the upgrade of design_1_arithmetic_ip_0_1 (xilinx.com:user:arithmetic_ip:1.0) from (Rev. 1) to (Rev. 5)

