Copyright 1986-2022 Xilinx, Inc. All Rights Reserved. Copyright 2022-2024 Advanced Micro Devices, Inc. All Rights Reserved.
------------------------------------------------------------------------------------------------------------------------------------------------------------------------------------------------------------------
| Tool Version : Vivado v.2024.1.1 (win64) Build 5094488 Fri Jun 14 08:59:21 MDT 2024
| Date         : Thu Sep  4 00:41:08 2025
| Host         : Mango running 64-bit major release  (build 9200)
| Command      : report_timing_summary -max_paths 10 -report_unconstrained -file reset_1_timing_summary_routed.rpt -pb reset_1_timing_summary_routed.pb -rpx reset_1_timing_summary_routed.rpx -warn_on_violation
| Design       : reset_1
| Device       : 7a35t-cpg236
| Speed File   : -1  PRODUCTION 1.23 2018-06-13
| Design State : Routed
------------------------------------------------------------------------------------------------------------------------------------------------------------------------------------------------------------------

Timing Summary Report

------------------------------------------------------------------------------------------------
| Timer Settings
| --------------
------------------------------------------------------------------------------------------------

  Enable Multi Corner Analysis               :  Yes
  Enable Pessimism Removal                   :  Yes
  Pessimism Removal Resolution               :  Nearest Common Node
  Enable Input Delay Default Clock           :  No
  Enable Preset / Clear Arcs                 :  No
  Disable Flight Delays                      :  No
  Ignore I/O Paths                           :  No
  Timing Early Launch at Borrowing Latches   :  No
  Borrow Time for Max Delay Exceptions       :  Yes
  Merge Timing Exceptions                    :  Yes
  Inter-SLR Compensation                     :  Conservative

  Corner  Analyze    Analyze    
  Name    Max Paths  Min Paths  
  ------  ---------  ---------  
  Slow    Yes        Yes        
  Fast    Yes        Yes        


------------------------------------------------------------------------------------------------
| Report Methodology
| ------------------
------------------------------------------------------------------------------------------------

Rule       Severity          Description                  Violations  
---------  ----------------  ---------------------------  ----------  
TIMING-17  Critical Warning  Non-clocked sequential cell  2           

Note: This report is based on the most recent report_methodology run and may not be up-to-date. Run report_methodology on the current design for the latest report.



check_timing report

Table of Contents
-----------------
1. checking no_clock (2)
2. checking constant_clock (0)
3. checking pulse_width_clock (0)
4. checking unconstrained_internal_endpoints (3)
5. checking no_input_delay (1)
6. checking no_output_delay (1)
7. checking multiple_clock (0)
8. checking generated_clocks (0)
9. checking loops (0)
10. checking partial_input_delay (0)
11. checking partial_output_delay (0)
12. checking latch_loops (0)

1. checking no_clock (2)
------------------------
 There are 2 register/latch pins with no clock driven by root clock pin: clk (HIGH)


2. checking constant_clock (0)
------------------------------
 There are 0 register/latch pins with constant_clock.


3. checking pulse_width_clock (0)
---------------------------------
 There are 0 register/latch pins which need pulse_width check


4. checking unconstrained_internal_endpoints (3)
------------------------------------------------
 There are 3 pins that are not constrained for maximum delay. (HIGH)

 There are 0 pins that are not constrained for maximum delay due to constant clock.


5. checking no_input_delay (1)
------------------------------
 There is 1 input port with no input delay specified. (HIGH)

 There are 0 input ports with no input delay but user has a false path constraint.


6. checking no_output_delay (1)
-------------------------------
 There is 1 port with no output delay specified. (HIGH)

 There are 0 ports with no output delay but user has a false path constraint

 There are 0 ports with no output delay but with a timing clock defined on it or propagating through it


7. checking multiple_clock (0)
------------------------------
 There are 0 register/latch pins with multiple clocks.


8. checking generated_clocks (0)
--------------------------------
 There are 0 generated clocks that are not connected to a clock source.


9. checking loops (0)
---------------------
 There are 0 combinational loops in the design.


10. checking partial_input_delay (0)
------------------------------------
 There are 0 input ports with partial input delay specified.


11. checking partial_output_delay (0)
-------------------------------------
 There are 0 ports with partial output delay specified.


12. checking latch_loops (0)
----------------------------
 There are 0 combinational latch loops in the design through latch input



------------------------------------------------------------------------------------------------
| Design Timing Summary
| ---------------------
------------------------------------------------------------------------------------------------

    WNS(ns)      TNS(ns)  TNS Failing Endpoints  TNS Total Endpoints      WHS(ns)      THS(ns)  THS Failing Endpoints  THS Total Endpoints     WPWS(ns)     TPWS(ns)  TPWS Failing Endpoints  TPWS Total Endpoints  
    -------      -------  ---------------------  -------------------      -------      -------  ---------------------  -------------------     --------     --------  ----------------------  --------------------  
        inf        0.000                      0                    4          inf        0.000                      0                    4           NA           NA                      NA                    NA  


There are no user specified timing constraints.


------------------------------------------------------------------------------------------------
| Clock Summary
| -------------
------------------------------------------------------------------------------------------------


------------------------------------------------------------------------------------------------
| Intra Clock Table
| -----------------
------------------------------------------------------------------------------------------------

Clock             WNS(ns)      TNS(ns)  TNS Failing Endpoints  TNS Total Endpoints      WHS(ns)      THS(ns)  THS Failing Endpoints  THS Total Endpoints     WPWS(ns)     TPWS(ns)  TPWS Failing Endpoints  TPWS Total Endpoints  
-----             -------      -------  ---------------------  -------------------      -------      -------  ---------------------  -------------------     --------     --------  ----------------------  --------------------  


------------------------------------------------------------------------------------------------
| Inter Clock Table
| -----------------
------------------------------------------------------------------------------------------------

From Clock    To Clock          WNS(ns)      TNS(ns)  TNS Failing Endpoints  TNS Total Endpoints      WHS(ns)      THS(ns)  THS Failing Endpoints  THS Total Endpoints  
----------    --------          -------      -------  ---------------------  -------------------      -------      -------  ---------------------  -------------------  


------------------------------------------------------------------------------------------------
| Other Path Groups Table
| -----------------------
------------------------------------------------------------------------------------------------

Path Group    From Clock    To Clock          WNS(ns)      TNS(ns)  TNS Failing Endpoints  TNS Total Endpoints      WHS(ns)      THS(ns)  THS Failing Endpoints  THS Total Endpoints  
----------    ----------    --------          -------      -------  ---------------------  -------------------      -------      -------  ---------------------  -------------------  


------------------------------------------------------------------------------------------------
| User Ignored Path Table
| -----------------------
------------------------------------------------------------------------------------------------

Path Group    From Clock    To Clock    
----------    ----------    --------    


------------------------------------------------------------------------------------------------
| Unconstrained Path Table
| ------------------------
------------------------------------------------------------------------------------------------

Path Group    From Clock    To Clock    
----------    ----------    --------    
(none)                                    


------------------------------------------------------------------------------------------------
| Timing Details
| --------------
------------------------------------------------------------------------------------------------


--------------------------------------------------------------------------------------
Path Group:  (none)
From Clock:  
  To Clock:  

Max Delay             4 Endpoints
Min Delay             4 Endpoints
--------------------------------------------------------------------------------------


Max Delay Paths
--------------------------------------------------------------------------------------
Slack:                    inf
  Source:                 Q2_reg/C
                            (rising edge-triggered cell FDRE)
  Destination:            reset_sync
                            (output port)
  Path Group:             (none)
  Path Type:              Max at Slow Process Corner
  Data Path Delay:        4.722ns  (logic 3.050ns (64.589%)  route 1.672ns (35.411%))
  Logic Levels:           2  (FDRE=1 OBUF=1)

    Location             Delay type                Incr(ns)  Path(ns)    Netlist Resource(s)
  -------------------------------------------------------------------    -------------------
    SLICE_X0Y0           FDRE                         0.000     0.000 r  Q2_reg/C
    SLICE_X0Y0           FDRE (Prop_fdre_C_Q)         0.456     0.456 r  Q2_reg/Q
                         net (fo=1, routed)           1.672     2.128    reset_sync_OBUF
    V14                  OBUF (Prop_obuf_I_O)         2.594     4.722 r  reset_sync_OBUF_inst/O
                         net (fo=0)                   0.000     4.722    reset_sync
    V14                                                               r  reset_sync (OUT)
  -------------------------------------------------------------------    -------------------

Slack:                    inf
  Source:                 reset_async
                            (input port)
  Destination:            Q1_reg/D
  Path Group:             (none)
  Path Type:              Max at Slow Process Corner
  Data Path Delay:        2.129ns  (logic 1.060ns (49.816%)  route 1.068ns (50.184%))
  Logic Levels:           2  (IBUF=1 LUT1=1)

    Location             Delay type                Incr(ns)  Path(ns)    Netlist Resource(s)
  -------------------------------------------------------------------    -------------------
    U14                                               0.000     0.000 f  reset_async (IN)
                         net (fo=0)                   0.000     0.000    reset_async
    U14                  IBUF (Prop_ibuf_I_O)         0.936     0.936 f  reset_async_IBUF_inst/O
                         net (fo=2, routed)           1.068     2.005    reset_async_IBUF
    SLICE_X1Y0           LUT1 (Prop_lut1_I0_O)        0.124     2.129 r  Q1_i_1/O
                         net (fo=1, routed)           0.000     2.129    Q1_i_1_n_0
    SLICE_X1Y0           FDRE                                         r  Q1_reg/D
  -------------------------------------------------------------------    -------------------

Slack:                    inf
  Source:                 reset_async
                            (input port)
  Destination:            Q2_reg/R
  Path Group:             (none)
  Path Type:              Max at Slow Process Corner
  Data Path Delay:        1.848ns  (logic 0.936ns (50.676%)  route 0.911ns (49.324%))
  Logic Levels:           1  (IBUF=1)

    Location             Delay type                Incr(ns)  Path(ns)    Netlist Resource(s)
  -------------------------------------------------------------------    -------------------
    U14                                               0.000     0.000 r  reset_async (IN)
                         net (fo=0)                   0.000     0.000    reset_async
    U14                  IBUF (Prop_ibuf_I_O)         0.936     0.936 r  reset_async_IBUF_inst/O
                         net (fo=2, routed)           0.911     1.848    reset_async_IBUF
    SLICE_X0Y0           FDRE                                         r  Q2_reg/R
  -------------------------------------------------------------------    -------------------

Slack:                    inf
  Source:                 Q1_reg/C
                            (rising edge-triggered cell FDRE)
  Destination:            Q2_reg/D
  Path Group:             (none)
  Path Type:              Max at Slow Process Corner
  Data Path Delay:        0.841ns  (logic 0.456ns (54.220%)  route 0.385ns (45.780%))
  Logic Levels:           1  (FDRE=1)

    Location             Delay type                Incr(ns)  Path(ns)    Netlist Resource(s)
  -------------------------------------------------------------------    -------------------
    SLICE_X1Y0           FDRE                         0.000     0.000 r  Q1_reg/C
    SLICE_X1Y0           FDRE (Prop_fdre_C_Q)         0.456     0.456 r  Q1_reg/Q
                         net (fo=1, routed)           0.385     0.841    Q1
    SLICE_X0Y0           FDRE                                         r  Q2_reg/D
  -------------------------------------------------------------------    -------------------





Min Delay Paths
--------------------------------------------------------------------------------------
Slack:                    inf
  Source:                 Q1_reg/C
                            (rising edge-triggered cell FDRE)
  Destination:            Q2_reg/D
  Path Group:             (none)
  Path Type:              Min at Fast Process Corner
  Data Path Delay:        0.263ns  (logic 0.141ns (53.607%)  route 0.122ns (46.393%))
  Logic Levels:           1  (FDRE=1)

    Location             Delay type                Incr(ns)  Path(ns)    Netlist Resource(s)
  -------------------------------------------------------------------    -------------------
    SLICE_X1Y0           FDRE                         0.000     0.000 r  Q1_reg/C
    SLICE_X1Y0           FDRE (Prop_fdre_C_Q)         0.141     0.141 r  Q1_reg/Q
                         net (fo=1, routed)           0.122     0.263    Q1
    SLICE_X0Y0           FDRE                                         r  Q2_reg/D
  -------------------------------------------------------------------    -------------------

Slack:                    inf
  Source:                 reset_async
                            (input port)
  Destination:            Q2_reg/R
  Path Group:             (none)
  Path Type:              Min at Fast Process Corner
  Data Path Delay:        0.527ns  (logic 0.165ns (31.411%)  route 0.361ns (68.589%))
  Logic Levels:           1  (IBUF=1)

    Location             Delay type                Incr(ns)  Path(ns)    Netlist Resource(s)
  -------------------------------------------------------------------    -------------------
    U14                                               0.000     0.000 r  reset_async (IN)
                         net (fo=0)                   0.000     0.000    reset_async
    U14                  IBUF (Prop_ibuf_I_O)         0.165     0.165 r  reset_async_IBUF_inst/O
                         net (fo=2, routed)           0.361     0.527    reset_async_IBUF
    SLICE_X0Y0           FDRE                                         r  Q2_reg/R
  -------------------------------------------------------------------    -------------------

Slack:                    inf
  Source:                 reset_async
                            (input port)
  Destination:            Q1_reg/D
  Path Group:             (none)
  Path Type:              Min at Fast Process Corner
  Data Path Delay:        0.616ns  (logic 0.210ns (34.187%)  route 0.405ns (65.813%))
  Logic Levels:           2  (IBUF=1 LUT1=1)

    Location             Delay type                Incr(ns)  Path(ns)    Netlist Resource(s)
  -------------------------------------------------------------------    -------------------
    U14                                               0.000     0.000 f  reset_async (IN)
                         net (fo=0)                   0.000     0.000    reset_async
    U14                  IBUF (Prop_ibuf_I_O)         0.165     0.165 f  reset_async_IBUF_inst/O
                         net (fo=2, routed)           0.405     0.571    reset_async_IBUF
    SLICE_X1Y0           LUT1 (Prop_lut1_I0_O)        0.045     0.616 r  Q1_i_1/O
                         net (fo=1, routed)           0.000     0.616    Q1_i_1_n_0
    SLICE_X1Y0           FDRE                                         r  Q1_reg/D
  -------------------------------------------------------------------    -------------------

Slack:                    inf
  Source:                 Q2_reg/C
                            (rising edge-triggered cell FDRE)
  Destination:            reset_sync
                            (output port)
  Path Group:             (none)
  Path Type:              Min at Fast Process Corner
  Data Path Delay:        1.575ns  (logic 1.252ns (79.491%)  route 0.323ns (20.509%))
  Logic Levels:           2  (FDRE=1 OBUF=1)

    Location             Delay type                Incr(ns)  Path(ns)    Netlist Resource(s)
  -------------------------------------------------------------------    -------------------
    SLICE_X0Y0           FDRE                         0.000     0.000 r  Q2_reg/C
    SLICE_X0Y0           FDRE (Prop_fdre_C_Q)         0.141     0.141 r  Q2_reg/Q
                         net (fo=1, routed)           0.323     0.464    reset_sync_OBUF
    V14                  OBUF (Prop_obuf_I_O)         1.111     1.575 r  reset_sync_OBUF_inst/O
                         net (fo=0)                   0.000     1.575    reset_sync
    V14                                                               r  reset_sync (OUT)
  -------------------------------------------------------------------    -------------------





