Vivado Simulator v2025.2
Copyright 1986-2022 Xilinx, Inc. All Rights Reserved.
Copyright 2022-2025 Advanced Micro Devices, Inc. All Rights Reserved.
Running: C:/AMDDesignTools/2025.2/Vivado/bin/unwrapped/win64.o/xelab.exe --debug typical --relax --mt 2 -L xil_defaultlib -L secureip --snapshot top_tb_behav xil_defaultlib.top_tb -log elaborate.log 
Using 2 slave threads.
Starting static elaboration
WARNING: [VRFC 10-1537] value 0 is out of target constraint range 0 to -1 [D:/Vivado_Projects/Traffic_Lamb/Traffic_Lamb.srcs/sources_1/new/rgb.vhd:23]
WARNING: [VRFC 10-1537] value 0 is out of target constraint range 0 to -1 [D:/Vivado_Projects/Traffic_Lamb/Traffic_Lamb.srcs/sources_1/new/rgb.vhd:36]
Completed static elaboration
Starting simulation data flow analysis
Completed simulation data flow analysis
Time Resolution for simulation is 1ps
Compiling package std.standard
Compiling package std.textio
Compiling package ieee.std_logic_1164
Compiling package ieee.numeric_std
Compiling package ieee.std_logic_arith
Compiling package ieee.std_logic_unsigned
Compiling architecture behavioral of entity xil_defaultlib.debounce [\debounce(clk_freq=1000)\]
Compiling architecture behavioral of entity xil_defaultlib.main [\main(clk_freq=1000)\]
Compiling architecture behavioral of entity xil_defaultlib.rgb [\rgb(clk_freq=1000)\]
Compiling architecture behavioral of entity xil_defaultlib.bcd_to_sevenseg [\bcd_to_sevenseg(clk_freq=1000)\]
Compiling architecture behavioral of entity xil_defaultlib.top [\top(clk_freq=1000)\]
Compiling architecture behavioral of entity xil_defaultlib.top_tb
Built simulation snapshot top_tb_behav
