Copyright 1986-2019 Xilinx, Inc. All Rights Reserved.
-----------------------------------------------------------------------------------------------
| Tool Version : Vivado v.2019.1 (win64) Build 2552052 Fri May 24 14:49:42 MDT 2019
| Date         : Mon Feb 16 11:56:31 2026
| Host         : PC running 64-bit major release  (build 9200)
| Command      : report_control_sets -verbose -file arithmetic_ip_v1_0_control_sets_placed.rpt
| Design       : arithmetic_ip_v1_0
| Device       : xc7a100t
-----------------------------------------------------------------------------------------------

Control Set Information

Table of Contents
-----------------
1. Summary
2. Histogram
3. Flip-Flop Distribution
4. Detailed Control Set Information

1. Summary
----------

+----------------------------------------------------------+-------+
|                          Status                          | Count |
+----------------------------------------------------------+-------+
| Total control sets                                       |    33 |
|    Minimum number of control sets                        |    33 |
|    Addition due to synthesis replication                 |     0 |
|    Addition due to physical synthesis replication        |     0 |
| Unused register locations in slices containing registers |    29 |
+----------------------------------------------------------+-------+
* Control sets can be merged at opt_design using control_set_merge or merge_equivalent_drivers
** Run report_qor_suggestions for automated merging and remapping suggestions


2. Histogram
------------

+--------------------+-------+
|       Fanout       | Count |
+--------------------+-------+
| Total control sets |    33 |
| >= 0 to < 4        |     2 |
| >= 4 to < 6        |     1 |
| >= 6 to < 8        |     1 |
| >= 8 to < 10       |    21 |
| >= 10 to < 12      |     0 |
| >= 12 to < 14      |     0 |
| >= 14 to < 16      |     0 |
| >= 16              |     8 |
+--------------------+-------+
* Control sets can be remapped at either synth_design or opt_design


3. Flip-Flop Distribution
-------------------------

+--------------+-----------------------+------------------------+-----------------+--------------+
| Clock Enable | Synchronous Set/Reset | Asynchronous Set/Reset | Total Registers | Total Slices |
+--------------+-----------------------+------------------------+-----------------+--------------+
| No           | No                    | No                     |             930 |          166 |
| No           | No                    | Yes                    |               0 |            0 |
| No           | Yes                   | No                     |              10 |            3 |
| Yes          | No                    | No                     |             113 |           24 |
| Yes          | No                    | Yes                    |               0 |            0 |
| Yes          | Yes                   | No                     |             286 |           73 |
+--------------+-----------------------+------------------------+-----------------+--------------+


4. Detailed Control Set Information
-----------------------------------

+-------------------------+---------------------------------------------------------------+--------------------------------------------------------------------+------------------+----------------+
|       Clock Signal      |                         Enable Signal                         |                          Set/Reset Signal                          | Slice Load Count | Bel Load Count |
+-------------------------+---------------------------------------------------------------+--------------------------------------------------------------------+------------------+----------------+
|  s00_axi_aclk_IBUF_BUFG | arithmetic_ip_v1_0_S00_AXI_inst/axi_arready0                  | arithmetic_ip_v1_0_S00_AXI_inst/axi_awaddr[4]_i_1_n_0              |                2 |              3 |
|  s00_axi_aclk_IBUF_BUFG | arithmetic_ip_v1_0_S00_AXI_inst/axi_awready0                  | arithmetic_ip_v1_0_S00_AXI_inst/axi_awaddr[4]_i_1_n_0              |                1 |              3 |
|  s00_axi_aclk_IBUF_BUFG |                                                               | arithmetic_ip_v1_0_S00_AXI_inst/arit_i/temp_divider[31]_i_1_n_0    |                1 |              4 |
|  s00_axi_aclk_IBUF_BUFG |                                                               | arithmetic_ip_v1_0_S00_AXI_inst/axi_awaddr[4]_i_1_n_0              |                2 |              6 |
|  s00_axi_aclk_IBUF_BUFG | arithmetic_ip_v1_0_S00_AXI_inst/slv_reg4[31]_i_1_n_0          | arithmetic_ip_v1_0_S00_AXI_inst/axi_awaddr[4]_i_1_n_0              |                1 |              8 |
|  s00_axi_aclk_IBUF_BUFG | arithmetic_ip_v1_0_S00_AXI_inst/slv_reg4[7]_i_1_n_0           | arithmetic_ip_v1_0_S00_AXI_inst/axi_awaddr[4]_i_1_n_0              |                2 |              8 |
|  s00_axi_aclk_IBUF_BUFG | arithmetic_ip_v1_0_S00_AXI_inst/slv_reg1[15]_i_1_n_0          | arithmetic_ip_v1_0_S00_AXI_inst/axi_awaddr[4]_i_1_n_0              |                1 |              8 |
|  s00_axi_aclk_IBUF_BUFG | arithmetic_ip_v1_0_S00_AXI_inst/slv_reg2[7]_i_1_n_0           | arithmetic_ip_v1_0_S00_AXI_inst/axi_awaddr[4]_i_1_n_0              |                2 |              8 |
|  s00_axi_aclk_IBUF_BUFG | arithmetic_ip_v1_0_S00_AXI_inst/slv_reg2[23]_i_1_n_0          | arithmetic_ip_v1_0_S00_AXI_inst/axi_awaddr[4]_i_1_n_0              |                2 |              8 |
|  s00_axi_aclk_IBUF_BUFG | arithmetic_ip_v1_0_S00_AXI_inst/slv_reg1[31]_i_1_n_0          | arithmetic_ip_v1_0_S00_AXI_inst/axi_awaddr[4]_i_1_n_0              |                1 |              8 |
|  s00_axi_aclk_IBUF_BUFG | arithmetic_ip_v1_0_S00_AXI_inst/slv_reg4[15]_i_1_n_0          | arithmetic_ip_v1_0_S00_AXI_inst/axi_awaddr[4]_i_1_n_0              |                1 |              8 |
|  s00_axi_aclk_IBUF_BUFG | arithmetic_ip_v1_0_S00_AXI_inst/slv_reg0[15]_i_1_n_0          | arithmetic_ip_v1_0_S00_AXI_inst/axi_awaddr[4]_i_1_n_0              |                1 |              8 |
|  s00_axi_aclk_IBUF_BUFG | arithmetic_ip_v1_0_S00_AXI_inst/slv_reg0[23]_i_1_n_0          | arithmetic_ip_v1_0_S00_AXI_inst/axi_awaddr[4]_i_1_n_0              |                1 |              8 |
|  s00_axi_aclk_IBUF_BUFG | arithmetic_ip_v1_0_S00_AXI_inst/slv_reg2[31]_i_1_n_0          | arithmetic_ip_v1_0_S00_AXI_inst/axi_awaddr[4]_i_1_n_0              |                1 |              8 |
|  s00_axi_aclk_IBUF_BUFG | arithmetic_ip_v1_0_S00_AXI_inst/slv_reg4[23]_i_1_n_0          | arithmetic_ip_v1_0_S00_AXI_inst/axi_awaddr[4]_i_1_n_0              |                1 |              8 |
|  s00_axi_aclk_IBUF_BUFG | arithmetic_ip_v1_0_S00_AXI_inst/slv_reg1[23]_i_1_n_0          | arithmetic_ip_v1_0_S00_AXI_inst/axi_awaddr[4]_i_1_n_0              |                1 |              8 |
|  s00_axi_aclk_IBUF_BUFG | arithmetic_ip_v1_0_S00_AXI_inst/slv_reg1[7]_i_1_n_0           | arithmetic_ip_v1_0_S00_AXI_inst/axi_awaddr[4]_i_1_n_0              |                1 |              8 |
|  s00_axi_aclk_IBUF_BUFG | arithmetic_ip_v1_0_S00_AXI_inst/slv_reg0[31]_i_1_n_0          | arithmetic_ip_v1_0_S00_AXI_inst/axi_awaddr[4]_i_1_n_0              |                1 |              8 |
|  s00_axi_aclk_IBUF_BUFG | arithmetic_ip_v1_0_S00_AXI_inst/slv_reg2[15]_i_1_n_0          | arithmetic_ip_v1_0_S00_AXI_inst/axi_awaddr[4]_i_1_n_0              |                1 |              8 |
|  s00_axi_aclk_IBUF_BUFG | arithmetic_ip_v1_0_S00_AXI_inst/slv_reg0[7]_i_1_n_0           | arithmetic_ip_v1_0_S00_AXI_inst/axi_awaddr[4]_i_1_n_0              |                1 |              8 |
|  s00_axi_aclk_IBUF_BUFG | arithmetic_ip_v1_0_S00_AXI_inst/slv_reg5[23]_i_1_n_0          | arithmetic_ip_v1_0_S00_AXI_inst/axi_awaddr[4]_i_1_n_0              |                2 |              8 |
|  s00_axi_aclk_IBUF_BUFG | arithmetic_ip_v1_0_S00_AXI_inst/slv_reg5[31]_i_1_n_0          | arithmetic_ip_v1_0_S00_AXI_inst/axi_awaddr[4]_i_1_n_0              |                3 |              8 |
|  s00_axi_aclk_IBUF_BUFG | arithmetic_ip_v1_0_S00_AXI_inst/slv_reg5[15]_i_1_n_0          | arithmetic_ip_v1_0_S00_AXI_inst/axi_awaddr[4]_i_1_n_0              |                2 |              8 |
|  s00_axi_aclk_IBUF_BUFG | arithmetic_ip_v1_0_S00_AXI_inst/slv_reg5[7]_i_1_n_0           | arithmetic_ip_v1_0_S00_AXI_inst/axi_awaddr[4]_i_1_n_0              |                2 |              8 |
|  s00_axi_aclk_IBUF_BUFG | arithmetic_ip_v1_0_S00_AXI_inst/arit_i/divider_1              | arithmetic_ip_v1_0_S00_AXI_inst/arit_i/temp_divider[31]_i_1_n_0    |                2 |              8 |
|  s00_axi_aclk_IBUF_BUFG | arithmetic_ip_v1_0_S00_AXI_inst/arit_i/shift_left_data        | arithmetic_ip_v1_0_S00_AXI_inst/arit_i/temp_divider[31]_i_1_n_0    |                5 |             16 |
|  s00_axi_aclk_IBUF_BUFG | arithmetic_ip_v1_0_S00_AXI_inst/arit_i/temp_arith[15]_i_1_n_0 |                                                                    |                4 |             16 |
|  s00_axi_aclk_IBUF_BUFG | arithmetic_ip_v1_0_S00_AXI_inst/arit_i/temp_out[31]_i_1_n_0   | arithmetic_ip_v1_0_S00_AXI_inst/arit_i/temp_divider[31]_i_1_n_0    |               11 |             32 |
|  s00_axi_aclk_IBUF_BUFG | arithmetic_ip_v1_0_S00_AXI_inst/slv_reg_rden                  | arithmetic_ip_v1_0_S00_AXI_inst/axi_awaddr[4]_i_1_n_0              |               16 |             32 |
|  s00_axi_aclk_IBUF_BUFG | arithmetic_ip_v1_0_S00_AXI_inst/arit_i/shift_left_data        | arithmetic_ip_v1_0_S00_AXI_inst/arit_i/current_temp_out[0]_i_1_n_0 |                8 |             32 |
|  s00_axi_aclk_IBUF_BUFG | arithmetic_ip_v1_0_S00_AXI_inst/arith_start                   |                                                                    |                8 |             33 |
|  s00_axi_aclk_IBUF_BUFG | arithmetic_ip_v1_0_S00_AXI_inst/arit_i/one_delay_0            |                                                                    |               12 |             64 |
|  s00_axi_aclk_IBUF_BUFG |                                                               |                                                                    |              166 |            933 |
+-------------------------+---------------------------------------------------------------+--------------------------------------------------------------------+------------------+----------------+


