#-----------------------------------------------------------
# Webtalk v2019.1 (64-bit)
# SW Build 2552052 on Fri May 24 14:49:42 MDT 2019
# 
# Start of session at: Wed Mar 25 16:40:26 2026
# Process ID: 2784
# Current directory: D:/Vivado_Projects/Ethernet_Project/Ethernet_Project.sdk/webtalk
# Command line: wbtcv.exe -mode batch -source sdk_webtalk.tcl
# Log file: D:/Vivado_Projects/Ethernet_Project/Ethernet_Project.sdk/webtalk/webtalk.log
# Journal file: D:/Vivado_Projects/Ethernet_Project/Ethernet_Project.sdk/webtalk\webtalk.jou
#-----------------------------------------------------------
source sdk_webtalk.tcl
# webtalk_init -webtalk_dir D:\\Vivado_Projects\\Ethernet_Project\\Ethernet_Project.sdk\\webtalk
# webtalk_register_client -client project
# webtalk_add_data -client project -key date_generated -value "2026-03-25 15:40:24" -context "software_version_and_target_device"
# webtalk_add_data -client project -key product_version -value "SDK v2019.1" -context "software_version_and_target_device"
# webtalk_add_data -client project -key build_version -value "2019.1" -context "software_version_and_target_device"
# webtalk_add_data -client project -key os_platform -value "amd64" -context "software_version_and_target_device"
# webtalk_add_data -client project -key registration_id -value "" -context "software_version_and_target_device"
# webtalk_add_data -client project -key tool_flow -value "SDK" -context "software_version_and_target_device"
# webtalk_add_data -client project -key beta -value "false" -context "software_version_and_target_device"
# webtalk_add_data -client project -key route_design -value "NA" -context "software_version_and_target_device"
# webtalk_add_data -client project -key target_family -value "NA" -context "software_version_and_target_device"
# webtalk_add_data -client project -key target_device -value "NA" -context "software_version_and_target_device"
# webtalk_add_data -client project -key target_package -value "NA" -context "software_version_and_target_device"
# webtalk_add_data -client project -key target_speed -value "NA" -context "software_version_and_target_device"
# webtalk_add_data -client project -key random_id -value "o792f7h5g4pu68mm7fob9cbcot" -context "software_version_and_target_device"
# webtalk_add_data -client project -key project_id -value "2019.1_15" -context "software_version_and_target_device"
# webtalk_add_data -client project -key project_iteration -value "15" -context "software_version_and_target_device"
# webtalk_add_data -client project -key os_name -value "Microsoft Windows 8 or later , 64-bit" -context "user_environment"
# webtalk_add_data -client project -key os_release -value "major release  (build 9200)" -context "user_environment"
# webtalk_add_data -client project -key cpu_name -value "AMD Ryzen 7 PRO 8840HS w/ Radeon 780M Graphics " -context "user_environment"
# webtalk_add_data -client project -key cpu_speed -value "3294 MHz" -context "user_environment"
# webtalk_add_data -client project -key total_processors -value "1" -context "user_environment"
# webtalk_add_data -client project -key system_ram -value "12.527 GB" -context "user_environment"
# webtalk_register_client -client sdk
# webtalk_add_data -client sdk -key uid -value "1774423594844" -context "sdk\\\\bsp/1774423594844"
# webtalk_add_data -client sdk -key hwid -value "1774341183302" -context "sdk\\\\bsp/1774423594844"
# webtalk_add_data -client sdk -key os -value "standalone" -context "sdk\\\\bsp/1774423594844"
# webtalk_add_data -client sdk -key apptemplate -value "hello_world" -context "sdk\\\\bsp/1774423594844"
# webtalk_add_data -client sdk -key RecordType -value "BSPCreation" -context "sdk\\\\bsp/1774423594844"
# webtalk_add_data -client sdk -key uid -value "1774423596370" -context "sdk\\\\application/1774423596370"
# webtalk_add_data -client sdk -key hwid -value "1774341183302" -context "sdk\\\\application/1774423596370"
# webtalk_add_data -client sdk -key bspid -value "1774423594844" -context "sdk\\\\application/1774423596370"
# webtalk_add_data -client sdk -key newbsp -value "true" -context "sdk\\\\application/1774423596370"
# webtalk_add_data -client sdk -key os -value "standalone" -context "sdk\\\\application/1774423596370"
# webtalk_add_data -client sdk -key apptemplate -value "hello_world" -context "sdk\\\\application/1774423596370"
# webtalk_add_data -client sdk -key RecordType -value "APPCreation" -context "sdk\\\\application/1774423596370"
# webtalk_add_data -client sdk -key LangUsed -value "C" -context "sdk\\\\application/1774423596370"
# webtalk_add_data -client sdk -key Procused -value "ps7_cortexa9" -context "sdk\\\\application/1774423596370"
# webtalk_add_data -client sdk -key uid -value "NA" -context "sdk\\\\bsp/1774446024589"
# webtalk_add_data -client sdk -key RecordType -value "ToolUsage" -context "sdk\\\\bsp/1774446024589"
# webtalk_add_data -client sdk -key BootgenCount -value "0" -context "sdk\\\\bsp/1774446024589"
# webtalk_add_data -client sdk -key DebugCount -value "80" -context "sdk\\\\bsp/1774446024589"
# webtalk_add_data -client sdk -key PerfCount -value "0" -context "sdk\\\\bsp/1774446024589"
# webtalk_add_data -client sdk -key FlashCount -value "0" -context "sdk\\\\bsp/1774446024589"
# webtalk_add_data -client sdk -key CrossTriggCount -value "0" -context "sdk\\\\bsp/1774446024589"
# webtalk_add_data -client sdk -key QemuDebugCount -value "0" -context "sdk\\\\bsp/1774446024589"
# webtalk_transmit -clientid 471788980 -regid "" -xml D:\\Vivado_Projects\\Ethernet_Project\\Ethernet_Project.sdk\\webtalk\\usage_statistics_ext_sdk.xml -html D:\\Vivado_Projects\\Ethernet_Project\\Ethernet_Project.sdk\\webtalk\\usage_statistics_ext_sdk.html -wdm D:\\Vivado_Projects\\Ethernet_Project\\Ethernet_Project.sdk\\webtalk\\sdk_webtalk.wdm -intro "<H3>SDK Usage Report</H3><BR>"
# webtalk_terminate
INFO: [Common 17-206] Exiting Webtalk at Wed Mar 25 16:40:29 2026...
