#-----------------------------------------------------------
# Vivado v2019.1 (64-bit)
# SW Build 2552052 on Fri May 24 14:49:42 MDT 2019
# IP Build 2548770 on Fri May 24 18:01:18 MDT 2019
# Start of session at: Sat Feb 28 13:52:05 2026
# Process ID: 10520
# Current directory: D:/Vivado_Projects/ip_repo/arithmetic_ip
# Command line: vivado.exe -gui_launcher_event rodinguilauncherevent1032 D:\Vivado_Projects\ip_repo\arithmetic_ip\edit_arithmetic_ip_v1_0.xpr
# Log file: D:/Vivado_Projects/ip_repo/arithmetic_ip/vivado.log
# Journal file: D:/Vivado_Projects/ip_repo/arithmetic_ip\vivado.jou
#-----------------------------------------------------------
start_gui
open_project D:/Vivado_Projects/ip_repo/arithmetic_ip/edit_arithmetic_ip_v1_0.xpr
Scanning sources...
Finished scanning sources
INFO: [IP_Flow 19-234] Refreshing IP repositories
INFO: [IP_Flow 19-1700] Loaded user IP repository 'd:/Vivado_Projects/ip_repo/arithmetic_ip/arithmetic_ip_1.0'.
INFO: [IP_Flow 19-2313] Loaded Vivado IP repository 'D:/Xilinx/Vivado/2019.1/data/ip'.
open_project: Time (s): cpu = 00:00:22 ; elapsed = 00:00:11 . Memory (MB): peak = 945.316 ; gain = 249.719
update_compile_order -fileset sources_1
exit
INFO: [Common 17-206] Exiting Vivado at Sat Feb 28 13:53:41 2026...
