#-----------------------------------------------------------
# Vivado v2019.1 (64-bit)
# SW Build 2552052 on Fri May 24 14:49:42 MDT 2019
# IP Build 2548770 on Fri May 24 18:01:18 MDT 2019
# Start of session at: Mon Feb 16 11:52:38 2026
# Process ID: 17284
# Current directory: D:/Vivado_Projects/ip_repo/arithmetic_ip
# Command line: vivado.exe -gui_launcher_event rodinguilauncherevent3344 D:\Vivado_Projects\ip_repo\arithmetic_ip\edit_arithmetic_ip_v1_0.xpr
# Log file: D:/Vivado_Projects/ip_repo/arithmetic_ip/vivado.log
# Journal file: D:/Vivado_Projects/ip_repo/arithmetic_ip\vivado.jou
#-----------------------------------------------------------
start_gui
open_project D:/Vivado_Projects/ip_repo/arithmetic_ip/edit_arithmetic_ip_v1_0.xpr
Scanning sources...
Finished scanning sources
INFO: [IP_Flow 19-234] Refreshing IP repositories
INFO: [IP_Flow 19-1700] Loaded user IP repository 'd:/Vivado_Projects/ip_repo/arithmetic_ip/arithmetic_ip_1.0'.
INFO: [IP_Flow 19-2313] Loaded Vivado IP repository 'D:/Xilinx/Vivado/2019.1/data/ip'.
open_project: Time (s): cpu = 00:00:18 ; elapsed = 00:00:08 . Memory (MB): peak = 932.098 ; gain = 246.379
update_compile_order -fileset sources_1
reset_run synth_1
WARNING: [Vivado 12-1017] Problems encountered:
1. Failed to delete one or more files in run directory D:/Vivado_Projects/ip_repo/arithmetic_ip/edit_arithmetic_ip_v1_0.runs/synth_1

launch_runs impl_1 -jobs 16
INFO: [BD 41-1662] The design 'design_1.bd' is already validated. Therefore parameter propagation will not be re-run.
VHDL Output written to : D:/Vivado_Projects/ip_repo/arithmetic_ip/edit_arithmetic_ip_v1_0.srcs/sources_1/bd/design_1/synth/design_1.vhd
VHDL Output written to : D:/Vivado_Projects/ip_repo/arithmetic_ip/edit_arithmetic_ip_v1_0.srcs/sources_1/bd/design_1/sim/design_1.vhd
VHDL Output written to : D:/Vivado_Projects/ip_repo/arithmetic_ip/edit_arithmetic_ip_v1_0.srcs/sources_1/bd/design_1/hdl/design_1_wrapper.vhd
INFO: [BD 41-1029] Generation completed for the IP Integrator block div_gen_0 .
Exporting to file D:/Vivado_Projects/ip_repo/arithmetic_ip/edit_arithmetic_ip_v1_0.srcs/sources_1/bd/design_1/hw_handoff/design_1.hwh
Generated Block Design Tcl file D:/Vivado_Projects/ip_repo/arithmetic_ip/edit_arithmetic_ip_v1_0.srcs/sources_1/bd/design_1/hw_handoff/design_1_bd.tcl
Generated Hardware Definition File D:/Vivado_Projects/ip_repo/arithmetic_ip/edit_arithmetic_ip_v1_0.srcs/sources_1/bd/design_1/synth/design_1.hwdef
[Mon Feb 16 11:53:24 2026] Launched design_1_div_gen_0_0_synth_1, synth_1...
Run output will be captured here:
design_1_div_gen_0_0_synth_1: D:/Vivado_Projects/ip_repo/arithmetic_ip/edit_arithmetic_ip_v1_0.runs/design_1_div_gen_0_0_synth_1/runme.log
synth_1: D:/Vivado_Projects/ip_repo/arithmetic_ip/edit_arithmetic_ip_v1_0.runs/synth_1/runme.log
[Mon Feb 16 11:53:24 2026] Launched impl_1...
Run output will be captured here: D:/Vivado_Projects/ip_repo/arithmetic_ip/edit_arithmetic_ip_v1_0.runs/impl_1/runme.log
launch_runs: Time (s): cpu = 00:00:08 ; elapsed = 00:00:06 . Memory (MB): peak = 1114.777 ; gain = 149.840
ipx::open_ipxact_file D:/Vivado_Projects/ip_repo/arithmetic_ip/arithmetic_ip_1.0/component.xml
WARNING: [IP_Flow 19-4963] design_1_div_gen_0_0 has board value specified. The packaged IP will be restricted to usage with board 'digilentinc.com:nexys-a7-100t:part0:1.3'
WARNING: [IP_Flow 19-5226] Project source file 'd:/Vivado_Projects/ip_repo/arithmetic_ip/arithmetic_ip_1.0/component.xml' ignored by IP packager.
WARNING: [IP_Flow 19-3898] File Group 'xilinx_vhdlsynthesis (VHDL Synthesis)': File 'd:/Vivado_Projects/ip_repo/arithmetic_ip/edit_arithmetic_ip_v1_0.srcs/sources_1/bd/design_1/ip/design_1_div_gen_0_0/design_1_div_gen_0_0.xci' is not found in the project sources. It will be removed from the packaged IP when the sources are merged. If still required, please add this file to the project and re-package.
WARNING: [IP_Flow 19-3898] File Group 'xilinx_vhdlsynthesis (VHDL Synthesis)': File 'd:/Vivado_Projects/ip_repo/arithmetic_ip/edit_arithmetic_ip_v1_0.srcs/sources_1/bd/design_1/synth/design_1.vhd' is not found in the project sources. It will be removed from the packaged IP when the sources are merged. If still required, please add this file to the project and re-package.
WARNING: [IP_Flow 19-3898] File Group 'xilinx_vhdlsynthesis (VHDL Synthesis)': File 'd:/Vivado_Projects/ip_repo/arithmetic_ip/edit_arithmetic_ip_v1_0.srcs/sources_1/bd/design_1/design_1_ooc.xdc' is not found in the project sources. It will be removed from the packaged IP when the sources are merged. If still required, please add this file to the project and re-package.
WARNING: [IP_Flow 19-3898] File Group 'xilinx_vhdlsynthesis (VHDL Synthesis)': File 'd:/Vivado_Projects/ip_repo/arithmetic_ip/arithmetic_ip_1.0/hdl/arith_source.vhd' is not found in the project sources. It will be removed from the packaged IP when the sources are merged. If still required, please add this file to the project and re-package.
WARNING: [IP_Flow 19-3898] File Group 'xilinx_vhdlsynthesis (VHDL Synthesis)': File 'd:/Vivado_Projects/ip_repo/arithmetic_ip/arithmetic_ip_1.0/hdl/arithmetic_ip_v1_0_S00_AXI.vhd' is not found in the project sources. It will be removed from the packaged IP when the sources are merged. If still required, please add this file to the project and re-package.
WARNING: [IP_Flow 19-3898] File Group 'xilinx_vhdlsynthesis (VHDL Synthesis)': File 'd:/Vivado_Projects/ip_repo/arithmetic_ip/edit_arithmetic_ip_v1_0.srcs/sources_1/bd/design_1/hdl/design_1_wrapper.vhd' is not found in the project sources. It will be removed from the packaged IP when the sources are merged. If still required, please add this file to the project and re-package.
WARNING: [IP_Flow 19-3898] File Group 'xilinx_vhdlsynthesis (VHDL Synthesis)': File 'd:/Vivado_Projects/ip_repo/arithmetic_ip/arithmetic_ip_1.0/hdl/arithmetic_ip_v1_0.vhd' is not found in the project sources. It will be removed from the packaged IP when the sources are merged. If still required, please add this file to the project and re-package.
WARNING: [IP_Flow 19-3898] File Group 'xilinx_vhdlbehavioralsimulation (VHDL Simulation)': File 'd:/Vivado_Projects/ip_repo/arithmetic_ip/edit_arithmetic_ip_v1_0.srcs/sources_1/bd/design_1/ip/design_1_div_gen_0_0/design_1_div_gen_0_0.xci' is not found in the project sources. It will be removed from the packaged IP when the sources are merged. If still required, please add this file to the project and re-package.
WARNING: [IP_Flow 19-3898] File Group 'xilinx_vhdlbehavioralsimulation (VHDL Simulation)': File 'd:/Vivado_Projects/ip_repo/arithmetic_ip/edit_arithmetic_ip_v1_0.srcs/sources_1/bd/design_1/sim/design_1.vhd' is not found in the project sources. It will be removed from the packaged IP when the sources are merged. If still required, please add this file to the project and re-package.
WARNING: [IP_Flow 19-3898] File Group 'xilinx_vhdlbehavioralsimulation (VHDL Simulation)': File 'd:/Vivado_Projects/ip_repo/arithmetic_ip/arithmetic_ip_1.0/hdl/arith_source.vhd' is not found in the project sources. It will be removed from the packaged IP when the sources are merged. If still required, please add this file to the project and re-package.
WARNING: [IP_Flow 19-3898] File Group 'xilinx_vhdlbehavioralsimulation (VHDL Simulation)': File 'd:/Vivado_Projects/ip_repo/arithmetic_ip/arithmetic_ip_1.0/hdl/arithmetic_ip_v1_0_S00_AXI.vhd' is not found in the project sources. It will be removed from the packaged IP when the sources are merged. If still required, please add this file to the project and re-package.
WARNING: [IP_Flow 19-3898] File Group 'xilinx_vhdlbehavioralsimulation (VHDL Simulation)': File 'd:/Vivado_Projects/ip_repo/arithmetic_ip/edit_arithmetic_ip_v1_0.srcs/sources_1/bd/design_1/hdl/design_1_wrapper.vhd' is not found in the project sources. It will be removed from the packaged IP when the sources are merged. If still required, please add this file to the project and re-package.
WARNING: [IP_Flow 19-3898] File Group 'xilinx_vhdlbehavioralsimulation (VHDL Simulation)': File 'd:/Vivado_Projects/ip_repo/arithmetic_ip/arithmetic_ip_1.0/hdl/arithmetic_ip_v1_0.vhd' is not found in the project sources. It will be removed from the packaged IP when the sources are merged. If still required, please add this file to the project and re-package.
WARNING: [IP_Flow 19-4308] Project file 'd:/Vivado_Projects/ip_repo/arithmetic_ip/edit_arithmetic_ip_v1_0.srcs/sources_1/bd/design_1/sim/design_1.protoinst' is not found in the component files. It will be added automatically when merging sources and repackaging. Please remove the file from the source project if this is not desired.
ipx::merge_project_changes hdl_parameters [ipx::current_core]
WARNING: [IP_Flow 19-4963] design_1_div_gen_0_0 has board value specified. The packaged IP will be restricted to usage with board 'digilentinc.com:nexys-a7-100t:part0:1.3'
WARNING: [IP_Flow 19-5226] Project source file 'd:/Vivado_Projects/ip_repo/arithmetic_ip/arithmetic_ip_1.0/component.xml' ignored by IP packager.
INFO: [IP_Flow 19-3166] Bus Interface 'S00_AXI': References existing memory map 'S00_AXI'.
update_compile_order -fileset sources_1
update_compile_order -fileset sources_1
ipx::merge_project_changes files [ipx::current_core]
WARNING: [IP_Flow 19-4963] design_1_div_gen_0_0 has board value specified. The packaged IP will be restricted to usage with board 'digilentinc.com:nexys-a7-100t:part0:1.3'
WARNING: [IP_Flow 19-5226] Project source file 'd:/Vivado_Projects/ip_repo/arithmetic_ip/arithmetic_ip_1.0/component.xml' ignored by IP packager.
set_property core_revision 8 [ipx::current_core]
ipx::create_xgui_files [ipx::current_core]
ipx::update_checksums [ipx::current_core]
ipx::save_core [ipx::current_core]
update_ip_catalog -rebuild -repo_path d:/Vivado_Projects/ip_repo/arithmetic_ip/arithmetic_ip_1.0
INFO: [IP_Flow 19-725] Reloaded user IP repository 'd:/Vivado_Projects/ip_repo/arithmetic_ip/arithmetic_ip_1.0'
ipx::merge_project_changes files [ipx::current_core]
WARNING: [IP_Flow 19-4963] design_1_div_gen_0_0 has board value specified. The packaged IP will be restricted to usage with board 'digilentinc.com:nexys-a7-100t:part0:1.3'
WARNING: [IP_Flow 19-5226] Project source file 'd:/Vivado_Projects/ip_repo/arithmetic_ip/arithmetic_ip_1.0/component.xml' ignored by IP packager.
set_property core_revision 9 [ipx::current_core]
ipx::create_xgui_files [ipx::current_core]
ipx::update_checksums [ipx::current_core]
ipx::save_core [ipx::current_core]
update_ip_catalog -rebuild -repo_path d:/Vivado_Projects/ip_repo/arithmetic_ip/arithmetic_ip_1.0
INFO: [IP_Flow 19-725] Reloaded user IP repository 'd:/Vivado_Projects/ip_repo/arithmetic_ip/arithmetic_ip_1.0'
open_bd_design {D:/Vivado_Projects/ip_repo/arithmetic_ip/edit_arithmetic_ip_v1_0.srcs/sources_1/bd/design_1/design_1.bd}
Adding component instance block -- xilinx.com:ip:div_gen:5.1 - div_gen_0
Successfully read diagram <design_1> from BD file <D:/Vivado_Projects/ip_repo/arithmetic_ip/edit_arithmetic_ip_v1_0.srcs/sources_1/bd/design_1/design_1.bd>
open_bd_design: Time (s): cpu = 00:00:07 ; elapsed = 00:00:06 . Memory (MB): peak = 1348.125 ; gain = 0.000
startgroup
set_property -dict [list CONFIG.algorithm_type {High_Radix} CONFIG.dividend_and_quotient_width {16} CONFIG.divisor_width {16} CONFIG.remainder_type {Fractional} CONFIG.fractional_width {16} CONFIG.latency {25}] [get_bd_cells div_gen_0]
endgroup
startgroup
set_property -dict [list CONFIG.algorithm_type {Radix2} CONFIG.remainder_type {Remainder} CONFIG.dividend_and_quotient_width {16} CONFIG.divisor_width {16} CONFIG.fractional_width {16} CONFIG.latency {20}] [get_bd_cells div_gen_0]
endgroup
save_bd_design
Wrote  : <D:\Vivado_Projects\ip_repo\arithmetic_ip\edit_arithmetic_ip_v1_0.srcs\sources_1\bd\design_1\design_1.bd> 
ipx::merge_project_changes files [ipx::current_core]
WARNING: [IP_Flow 19-4963] design_1_div_gen_0_0 has board value specified. The packaged IP will be restricted to usage with board 'digilentinc.com:nexys-a7-100t:part0:1.3'
WARNING: [IP_Flow 19-5226] Project source file 'd:/Vivado_Projects/ip_repo/arithmetic_ip/arithmetic_ip_1.0/component.xml' ignored by IP packager.
set_property core_revision 10 [ipx::current_core]
ipx::create_xgui_files [ipx::current_core]
ipx::update_checksums [ipx::current_core]
ipx::save_core [ipx::current_core]
update_ip_catalog -rebuild -repo_path d:/Vivado_Projects/ip_repo/arithmetic_ip/arithmetic_ip_1.0
INFO: [IP_Flow 19-725] Reloaded user IP repository 'd:/Vivado_Projects/ip_repo/arithmetic_ip/arithmetic_ip_1.0'
open_bd_design {D:/Vivado_Projects/ip_repo/arithmetic_ip/edit_arithmetic_ip_v1_0.srcs/sources_1/bd/design_1/design_1.bd}
exit
INFO: [Common 17-206] Exiting Vivado at Mon Feb 16 16:48:44 2026...
