#-----------------------------------------------------------
# Vivado v2019.1 (64-bit)
# SW Build 2552052 on Fri May 24 14:49:42 MDT 2019
# IP Build 2548770 on Fri May 24 18:01:18 MDT 2019
# Start of session at: Fri Apr 10 16:39:18 2026
# Process ID: 29352
# Current directory: D:/Vivado_Projects/ip_repo/arithmetic_ip
# Command line: vivado.exe -gui_launcher_event rodinguilauncherevent30248 D:\Vivado_Projects\ip_repo\arithmetic_ip\edit_arithmetic_ip_v1_0.xpr
# Log file: D:/Vivado_Projects/ip_repo/arithmetic_ip/vivado.log
# Journal file: D:/Vivado_Projects/ip_repo/arithmetic_ip\vivado.jou
#-----------------------------------------------------------
start_gui
open_project D:/Vivado_Projects/ip_repo/arithmetic_ip/edit_arithmetic_ip_v1_0.xpr
Scanning sources...
Finished scanning sources
INFO: [IP_Flow 19-234] Refreshing IP repositories
INFO: [IP_Flow 19-1700] Loaded user IP repository 'd:/Vivado_Projects/ip_repo/arithmetic_ip/arithmetic_ip_1.0'.
INFO: [IP_Flow 19-2313] Loaded Vivado IP repository 'D:/Xilinx/Vivado/2019.1/data/ip'.
open_project: Time (s): cpu = 00:00:20 ; elapsed = 00:00:10 . Memory (MB): peak = 882.980 ; gain = 192.934
update_compile_order -fileset sources_1
exit
INFO: [Common 17-206] Exiting Vivado at Fri Apr 10 16:40:58 2026...
