
*** Running vivado
    with args -log design_1_axi_dma_0_1.vds -m64 -product Vivado -mode batch -messageDb vivado.pb -notrace -source design_1_axi_dma_0_1.tcl



****** Vivado v2024.1.2 (64-bit)
  **** SW Build 5164865 on Thu Sep  5 14:37:11 MDT 2024
  **** IP Build 5164407 on Fri Sep  6 08:18:11 MDT 2024
  **** SharedData Build 5164864 on Thu Sep 05 13:09:09 MDT 2024
  **** Start of session at: Thu Apr 16 15:40:42 2026
    ** Copyright 1986-2022 Xilinx, Inc. All Rights Reserved.
    ** Copyright 2022-2024 Advanced Micro Devices, Inc. All Rights Reserved.

source design_1_axi_dma_0_1.tcl -notrace
create_project: Time (s): cpu = 00:00:11 ; elapsed = 00:00:13 . Memory (MB): peak = 555.070 ; gain = 148.016
INFO: [IP_Flow 19-234] Refreshing IP repositories
INFO: [IP_Flow 19-1700] Loaded user IP repository 'c:/Vivado_Project/ip_repo'.
INFO: [IP_Flow 19-2313] Loaded Vivado IP repository 'C:/Xilinx/Vivado/2024.1/data/ip'.
INFO: [IP_Flow 19-6924] IPCACHE: Running cache check for IP inst: design_1_axi_dma_0_1
INFO: [IP_Flow 19-6922] IPCACHE: Exporting cached entry 2b9128fa980b1bd8 to dir: C:/Vivado_Project/MAM_Project_Basys3/MAM_Project_Basys3.runs/design_1_axi_dma_0_1_synth_1
INFO: [IP_Flow 19-6928] IPCACHE: copied cached file c:/Vivado_Project/MAM_Project_Basys3/MAM_Project_Basys3.cache/ip/2024.1.2/2/b/2b9128fa980b1bd8/design_1_axi_dma_0_1.dcp to C:/Vivado_Project/MAM_Project_Basys3/MAM_Project_Basys3.runs/design_1_axi_dma_0_1_synth_1/design_1_axi_dma_0_1.dcp.
INFO: [IP_Flow 19-6928] IPCACHE: copied cached file c:/Vivado_Project/MAM_Project_Basys3/MAM_Project_Basys3.cache/ip/2024.1.2/2/b/2b9128fa980b1bd8/design_1_axi_dma_0_1_sim_netlist.v to C:/Vivado_Project/MAM_Project_Basys3/MAM_Project_Basys3.runs/design_1_axi_dma_0_1_synth_1/design_1_axi_dma_0_1_sim_netlist.v.
INFO: [IP_Flow 19-6928] IPCACHE: copied cached file c:/Vivado_Project/MAM_Project_Basys3/MAM_Project_Basys3.cache/ip/2024.1.2/2/b/2b9128fa980b1bd8/design_1_axi_dma_0_1_sim_netlist.vhdl to C:/Vivado_Project/MAM_Project_Basys3/MAM_Project_Basys3.runs/design_1_axi_dma_0_1_synth_1/design_1_axi_dma_0_1_sim_netlist.vhdl.
INFO: [IP_Flow 19-6928] IPCACHE: copied cached file c:/Vivado_Project/MAM_Project_Basys3/MAM_Project_Basys3.cache/ip/2024.1.2/2/b/2b9128fa980b1bd8/design_1_axi_dma_0_1_stub.v to C:/Vivado_Project/MAM_Project_Basys3/MAM_Project_Basys3.runs/design_1_axi_dma_0_1_synth_1/design_1_axi_dma_0_1_stub.v.
INFO: [IP_Flow 19-6928] IPCACHE: copied cached file c:/Vivado_Project/MAM_Project_Basys3/MAM_Project_Basys3.cache/ip/2024.1.2/2/b/2b9128fa980b1bd8/design_1_axi_dma_0_1_stub.vhdl to C:/Vivado_Project/MAM_Project_Basys3/MAM_Project_Basys3.runs/design_1_axi_dma_0_1_synth_1/design_1_axi_dma_0_1_stub.vhdl.
INFO: [IP_Flow 19-4838] Using cached IP synthesis design for IP design_1_axi_dma_0_1, cache-ID = 2b9128fa980b1bd8.
INFO: [Common 17-206] Exiting Vivado at Thu Apr 16 15:40:59 2026...
