#-----------------------------------------------------------
# Vivado v2019.1 (64-bit)
# SW Build 2552052 on Fri May 24 14:49:42 MDT 2019
# IP Build 2548770 on Fri May 24 18:01:18 MDT 2019
# Start of session at: Sat Feb 28 13:53:49 2026
# Process ID: 11400
# Current directory: D:/Vivado_Projects/ip_repo/custom_timer_ip
# Command line: vivado.exe -gui_launcher_event rodinguilauncherevent23616 D:\Vivado_Projects\ip_repo\custom_timer_ip\edit_custom_timer_ip_v1_0.xpr
# Log file: D:/Vivado_Projects/ip_repo/custom_timer_ip/vivado.log
# Journal file: D:/Vivado_Projects/ip_repo/custom_timer_ip\vivado.jou
#-----------------------------------------------------------
start_gui
open_project D:/Vivado_Projects/ip_repo/custom_timer_ip/edit_custom_timer_ip_v1_0.xpr
Scanning sources...
Finished scanning sources
INFO: [IP_Flow 19-234] Refreshing IP repositories
INFO: [IP_Flow 19-1700] Loaded user IP repository 'd:/Vivado_Projects/ip_repo/custom_timer_ip/custom_timer_ip_1.0'.
INFO: [IP_Flow 19-2313] Loaded Vivado IP repository 'D:/Xilinx/Vivado/2019.1/data/ip'.
open_project: Time (s): cpu = 00:00:18 ; elapsed = 00:00:10 . Memory (MB): peak = 1011.445 ; gain = 323.613
update_compile_order -fileset sources_1
close [ open D:/Vivado_Projects/ip_repo/custom_timer_ip/custom_timer_ip_1.0/hdl/timer.vhd w ]
add_files D:/Vivado_Projects/ip_repo/custom_timer_ip/custom_timer_ip_1.0/hdl/timer.vhd
update_compile_order -fileset sources_1
exit
INFO: [Common 17-206] Exiting Vivado at Sat Feb 28 14:23:22 2026...
