
*** Running vivado
    with args -log top.vds -m64 -product Vivado -mode batch -messageDb vivado.pb -notrace -source top.tcl


****** Vivado v2019.1 (64-bit)
  **** SW Build 2552052 on Fri May 24 14:49:42 MDT 2019
  **** IP Build 2548770 on Fri May 24 18:01:18 MDT 2019
    ** Copyright 1986-2019 Xilinx, Inc. All Rights Reserved.

source top.tcl -notrace
Command: synth_design -top top -part xc7z010clg400-1
Starting synth_design
Attempting to get a license for feature 'Synthesis' and/or device 'xc7z010'
INFO: [Common 17-349] Got license for feature 'Synthesis' and/or device 'xc7z010'
INFO: [Device 21-403] Loading part xc7z010clg400-1
INFO: Launching helper process for spawning children vivado processes
INFO: Helper process launched with PID 30012 
---------------------------------------------------------------------------------
Starting RTL Elaboration : Time (s): cpu = 00:00:04 ; elapsed = 00:00:04 . Memory (MB): peak = 948.973 ; gain = 177.816
---------------------------------------------------------------------------------
INFO: [Synth 8-638] synthesizing module 'top' [D:/Vivado_Projects/Zynq_Example/Zynq_Example.srcs/sources_1/new/top.vhd:45]
	Parameter available_pin bound to: 2 - type: integer 
INFO: [Synth 8-3491] module 'data_store' declared at 'D:/Vivado_Projects/Zynq_Example/Zynq_Example.srcs/sources_1/new/data_store.vhd:7' bound to instance 'DUT_1' of component 'data_store' [D:/Vivado_Projects/Zynq_Example/Zynq_Example.srcs/sources_1/new/top.vhd:135]
INFO: [Synth 8-638] synthesizing module 'data_store' [D:/Vivado_Projects/Zynq_Example/Zynq_Example.srcs/sources_1/new/data_store.vhd:20]
	Parameter available_pin bound to: 2 - type: integer 
INFO: [Synth 8-5534] Detected attribute (* mark_debug = "true" *) [D:/Vivado_Projects/Zynq_Example/Zynq_Example.srcs/sources_1/new/data_store.vhd:15]
INFO: [Synth 8-5534] Detected attribute (* mark_debug = "true" *) [D:/Vivado_Projects/Zynq_Example/Zynq_Example.srcs/sources_1/new/data_store.vhd:24]
INFO: [Synth 8-5534] Detected attribute (* mark_debug = "true" *) [D:/Vivado_Projects/Zynq_Example/Zynq_Example.srcs/sources_1/new/data_store.vhd:34]
INFO: [Synth 8-5534] Detected attribute (* mark_debug = "true" *) [D:/Vivado_Projects/Zynq_Example/Zynq_Example.srcs/sources_1/new/data_store.vhd:35]
WARNING: [Synth 8-6014] Unused sequential element header_reg_1_reg was removed.  [D:/Vivado_Projects/Zynq_Example/Zynq_Example.srcs/sources_1/new/data_store.vhd:76]
WARNING: [Synth 8-6014] Unused sequential element data_reg_1_reg was removed.  [D:/Vivado_Projects/Zynq_Example/Zynq_Example.srcs/sources_1/new/data_store.vhd:77]
WARNING: [Synth 8-6014] Unused sequential element header_reg_2_reg was removed.  [D:/Vivado_Projects/Zynq_Example/Zynq_Example.srcs/sources_1/new/data_store.vhd:79]
WARNING: [Synth 8-6014] Unused sequential element data_reg_2_reg was removed.  [D:/Vivado_Projects/Zynq_Example/Zynq_Example.srcs/sources_1/new/data_store.vhd:80]
INFO: [Synth 8-256] done synthesizing module 'data_store' (1#1) [D:/Vivado_Projects/Zynq_Example/Zynq_Example.srcs/sources_1/new/data_store.vhd:20]
	Parameter DEST_SYNC_FF bound to: 2 - type: integer 
	Parameter INIT_SYNC_FF bound to: 0 - type: integer 
	Parameter RST_ACTIVE_HIGH bound to: 1 - type: integer 
INFO: [Synth 8-3491] module 'xpm_cdc_async_rst' declared at 'D:/Xilinx/Vivado/2019.1/data/ip/xpm/xpm_cdc/hdl/xpm_cdc.sv:1175' bound to instance 'xpm_cdc_async_rst_inst' of component 'xpm_cdc_async_rst' [D:/Vivado_Projects/Zynq_Example/Zynq_Example.srcs/sources_1/new/top.vhd:151]
INFO: [Synth 8-6157] synthesizing module 'xpm_cdc_async_rst' [D:/Xilinx/Vivado/2019.1/data/ip/xpm/xpm_cdc/hdl/xpm_cdc.sv:1175]
	Parameter DEST_SYNC_FF bound to: 2 - type: integer 
	Parameter INIT_SYNC_FF bound to: 0 - type: integer 
	Parameter RST_ACTIVE_HIGH bound to: 1 - type: integer 
	Parameter VERSION bound to: 0 - type: integer 
	Parameter DEF_VAL bound to: 1'b0 
	Parameter INV_DEF_VAL bound to: 1'b1 
INFO: [Synth 8-5534] Detected attribute (* ASYNC_REG = "TRUE" *) [D:/Xilinx/Vivado/2019.1/data/ip/xpm/xpm_cdc/hdl/xpm_cdc.sv:1226]
INFO: [Synth 8-6155] done synthesizing module 'xpm_cdc_async_rst' (2#1) [D:/Xilinx/Vivado/2019.1/data/ip/xpm/xpm_cdc/hdl/xpm_cdc.sv:1175]
	Parameter DIFF_TERM bound to: 1 - type: bool 
	Parameter DQS_BIAS bound to: FALSE - type: string 
	Parameter IBUF_LOW_PWR bound to: 0 - type: bool 
	Parameter IOSTANDARD bound to: LVDS_25 - type: string 
	Parameter SLEW bound to: SLOW - type: string 
INFO: [Synth 8-113] binding component instance 'IOBUFDS_inst_1' to cell 'IOBUFDS' [D:/Vivado_Projects/Zynq_Example/Zynq_Example.srcs/sources_1/new/top.vhd:186]
	Parameter DIFF_TERM bound to: 1 - type: bool 
	Parameter DQS_BIAS bound to: FALSE - type: string 
	Parameter IBUF_LOW_PWR bound to: 0 - type: bool 
	Parameter IOSTANDARD bound to: LVDS_25 - type: string 
	Parameter SLEW bound to: SLOW - type: string 
INFO: [Synth 8-113] binding component instance 'IOBUFDS_inst_2' to cell 'IOBUFDS' [D:/Vivado_Projects/Zynq_Example/Zynq_Example.srcs/sources_1/new/top.vhd:201]
	Parameter DIFF_TERM bound to: 1 - type: bool 
	Parameter DQS_BIAS bound to: FALSE - type: string 
	Parameter IBUF_LOW_PWR bound to: 0 - type: bool 
	Parameter IOSTANDARD bound to: LVDS_25 - type: string 
	Parameter SLEW bound to: SLOW - type: string 
INFO: [Synth 8-113] binding component instance 'IOBUFDS_inst_3' to cell 'IOBUFDS' [D:/Vivado_Projects/Zynq_Example/Zynq_Example.srcs/sources_1/new/top.vhd:217]
INFO: [Synth 8-113] binding component instance 'BUFG_inst' to cell 'BUFG' [D:/Vivado_Projects/Zynq_Example/Zynq_Example.srcs/sources_1/new/top.vhd:232]
	Parameter ALMOST_EMPTY_OFFSET bound to: 16'b0000000010000000 
	Parameter ALMOST_FULL_OFFSET bound to: 16'b0000001100000000 
	Parameter DATA_WIDTH bound to: 32 - type: integer 
	Parameter DEVICE bound to: 7SERIES - type: string 
	Parameter DO_REG bound to: 0 - type: integer 
	Parameter FIFO_SIZE bound to: 36Kb - type: string 
	Parameter INIT bound to: 72'b000000000000000000000000000000000000000000000000000000000000000000000000 
	Parameter SIM_MODE bound to: SAFE - type: string 
	Parameter SRVAL bound to: 72'b000000000000000000000000000000000000000000000000000000000000000000000000 
INFO: [Synth 8-3491] module 'FIFO_SYNC_MACRO' declared at 'D:/Xilinx/Vivado/2019.1/data/vhdl/src/unimacro/FIFO_SYNC_MACRO.vhd:36' bound to instance 'FIFO_SYNC_MACRO_inst' of component 'FIFO_SYNC_MACRO' [D:/Vivado_Projects/Zynq_Example/Zynq_Example.srcs/sources_1/new/top.vhd:239]
INFO: [Synth 8-638] synthesizing module 'unimacro_FIFO_SYNC_MACRO' [D:/Xilinx/Vivado/2019.1/data/vhdl/src/unimacro/FIFO_SYNC_MACRO.vhd:69]
	Parameter ALMOST_FULL_OFFSET bound to: 16'b0000001100000000 
	Parameter ALMOST_EMPTY_OFFSET bound to: 16'b0000000010000000 
	Parameter DATA_WIDTH bound to: 32 - type: integer 
	Parameter DEVICE bound to: 7SERIES - type: string 
	Parameter DO_REG bound to: 0 - type: integer 
	Parameter FIFO_SIZE bound to: 36Kb - type: string 
	Parameter INIT bound to: 72'b000000000000000000000000000000000000000000000000000000000000000000000000 
	Parameter SRVAL bound to: 72'b000000000000000000000000000000000000000000000000000000000000000000000000 
	Parameter SIM_MODE bound to: SAFE - type: string 
	Parameter ALMOST_EMPTY_OFFSET bound to: 16'b0000000010000000 
	Parameter ALMOST_FULL_OFFSET bound to: 16'b0000001100000000 
	Parameter DATA_WIDTH bound to: 36 - type: integer 
	Parameter DO_REG bound to: 0 - type: integer 
	Parameter EN_ECC_READ bound to: 0 - type: bool 
	Parameter EN_ECC_WRITE bound to: 0 - type: bool 
	Parameter EN_SYN bound to: 1 - type: bool 
	Parameter FIFO_MODE bound to: FIFO36 - type: string 
	Parameter FIRST_WORD_FALL_THROUGH bound to: 0 - type: bool 
	Parameter INIT bound to: 72'b000000000000000000000000000000000000000000000000000000000000000000000000 
	Parameter IS_RDCLK_INVERTED bound to: 1'b0 
	Parameter IS_RDEN_INVERTED bound to: 1'b0 
	Parameter IS_RSTREG_INVERTED bound to: 1'b0 
	Parameter IS_RST_INVERTED bound to: 1'b0 
	Parameter IS_WRCLK_INVERTED bound to: 1'b0 
	Parameter IS_WREN_INVERTED bound to: 1'b0 
	Parameter SIM_DEVICE bound to: 7SERIES - type: string 
	Parameter SRVAL bound to: 72'b000000000000000000000000000000000000000000000000000000000000000000000000 
INFO: [Synth 8-113] binding component instance 'fifo_36_bl' to cell 'FIFO36E1' [D:/Xilinx/Vivado/2019.1/data/vhdl/src/unimacro/FIFO_SYNC_MACRO.vhd:846]
INFO: [Synth 8-256] done synthesizing module 'unimacro_FIFO_SYNC_MACRO' (3#1) [D:/Xilinx/Vivado/2019.1/data/vhdl/src/unimacro/FIFO_SYNC_MACRO.vhd:69]
WARNING: [Synth 8-6014] Unused sequential element valid_reg_reg was removed.  [D:/Vivado_Projects/Zynq_Example/Zynq_Example.srcs/sources_1/new/top.vhd:268]
WARNING: [Synth 8-6014] Unused sequential element fall_edge_val_reg was removed.  [D:/Vivado_Projects/Zynq_Example/Zynq_Example.srcs/sources_1/new/top.vhd:269]
INFO: [Synth 8-256] done synthesizing module 'top' (4#1) [D:/Vivado_Projects/Zynq_Example/Zynq_Example.srcs/sources_1/new/top.vhd:45]
---------------------------------------------------------------------------------
Finished RTL Elaboration : Time (s): cpu = 00:00:05 ; elapsed = 00:00:06 . Memory (MB): peak = 1014.000 ; gain = 242.844
---------------------------------------------------------------------------------

Report Check Netlist: 
+------+------------------+-------+---------+-------+------------------+
|      |Item              |Errors |Warnings |Status |Description       |
+------+------------------+-------+---------+-------+------------------+
|1     |multi_driven_nets |      0|        0|Passed |Multi driven nets |
+------+------------------+-------+---------+-------+------------------+
---------------------------------------------------------------------------------
Start Handling Custom Attributes
---------------------------------------------------------------------------------
---------------------------------------------------------------------------------
Finished Handling Custom Attributes : Time (s): cpu = 00:00:05 ; elapsed = 00:00:06 . Memory (MB): peak = 1014.000 ; gain = 242.844
---------------------------------------------------------------------------------
---------------------------------------------------------------------------------
Finished RTL Optimization Phase 1 : Time (s): cpu = 00:00:05 ; elapsed = 00:00:06 . Memory (MB): peak = 1014.000 ; gain = 242.844
---------------------------------------------------------------------------------
INFO: [Netlist 29-17] Analyzing 4 Unisim elements for replacement
INFO: [Netlist 29-28] Unisim Transformation completed in 1 CPU seconds
INFO: [Project 1-570] Preparing netlist for logic optimization

Processing XDC Constraints
Initializing timing engine
Parsing XDC File [D:/Vivado_Projects/Zynq_Example/Zynq_Example.srcs/constrs_1/new/config.xdc]
Finished Parsing XDC File [D:/Vivado_Projects/Zynq_Example/Zynq_Example.srcs/constrs_1/new/config.xdc]
INFO: [Project 1-236] Implementation specific constraints were found while reading constraint file [D:/Vivado_Projects/Zynq_Example/Zynq_Example.srcs/constrs_1/new/config.xdc]. These constraints will be ignored for synthesis but will be used in implementation. Impacted constraints are listed in the file [.Xil/top_propImpl.xdc].
Resolution: To avoid this warning, move constraints listed in [.Xil/top_propImpl.xdc] to another XDC file and exclude this new file from synthesis with the used_in_synthesis property (File Properties dialog in GUI) and re-run elaboration/synthesis.
Sourcing Tcl File [D:/Xilinx/Vivado/2019.1/data/ip/xpm/xpm_cdc/tcl/xpm_cdc_async_rst.tcl] for cell 'xpm_cdc_async_rst_inst'
Finished Sourcing Tcl File [D:/Xilinx/Vivado/2019.1/data/ip/xpm/xpm_cdc/tcl/xpm_cdc_async_rst.tcl] for cell 'xpm_cdc_async_rst_inst'
INFO: [Project 1-236] Implementation specific constraints were found while reading constraint file [D:/Xilinx/Vivado/2019.1/data/ip/xpm/xpm_cdc/tcl/xpm_cdc_async_rst.tcl]. These constraints will be ignored for synthesis but will be used in implementation. Impacted constraints are listed in the file [.Xil/top_propImpl.xdc].
Resolution: To avoid this warning, move constraints listed in [.Xil/top_propImpl.xdc] to another XDC file and exclude this new file from synthesis with the used_in_synthesis property (File Properties dialog in GUI) and re-run elaboration/synthesis.
Completed Processing XDC Constraints

Netlist sorting complete. Time (s): cpu = 00:00:00 ; elapsed = 00:00:00 . Memory (MB): peak = 1091.121 ; gain = 0.000
INFO: [Project 1-111] Unisim Transformation Summary:
  A total of 3 instances were transformed.
  IOBUFDS => IOBUFDS (IBUFDS, OBUFTDS): 3 instances

Constraint Validation Runtime : Time (s): cpu = 00:00:00 ; elapsed = 00:00:00.005 . Memory (MB): peak = 1091.121 ; gain = 0.000
---------------------------------------------------------------------------------
Finished Constraint Validation : Time (s): cpu = 00:00:12 ; elapsed = 00:00:13 . Memory (MB): peak = 1091.121 ; gain = 319.965
---------------------------------------------------------------------------------
---------------------------------------------------------------------------------
Start Loading Part and Timing Information
---------------------------------------------------------------------------------
Loading part: xc7z010clg400-1
---------------------------------------------------------------------------------
Finished Loading Part and Timing Information : Time (s): cpu = 00:00:12 ; elapsed = 00:00:13 . Memory (MB): peak = 1091.121 ; gain = 319.965
---------------------------------------------------------------------------------
---------------------------------------------------------------------------------
Start Applying 'set_property' XDC Constraints
---------------------------------------------------------------------------------
Applied set_property DONT_TOUCH = true for xpm_cdc_async_rst_inst. (constraint file  auto generated constraint, line ).
---------------------------------------------------------------------------------
Finished applying 'set_property' XDC Constraints : Time (s): cpu = 00:00:12 ; elapsed = 00:00:13 . Memory (MB): peak = 1091.121 ; gain = 319.965
---------------------------------------------------------------------------------
---------------------------------------------------------------------------------
Finished RTL Optimization Phase 2 : Time (s): cpu = 00:00:12 ; elapsed = 00:00:13 . Memory (MB): peak = 1091.121 ; gain = 319.965
---------------------------------------------------------------------------------

Report RTL Partitions: 
+-+--------------+------------+----------+
| |RTL Partition |Replication |Instances |
+-+--------------+------------+----------+
+-+--------------+------------+----------+
---------------------------------------------------------------------------------
Start RTL Component Statistics 
---------------------------------------------------------------------------------
Detailed RTL Component Info : 
+---Adders : 
	   2 Input      9 Bit       Adders := 1     
+---Registers : 
	               64 Bit    Registers := 1     
	               32 Bit    Registers := 2     
	                9 Bit    Registers := 1     
	                2 Bit    Registers := 1     
	                1 Bit    Registers := 2     
+---Muxes : 
	   2 Input      1 Bit        Muxes := 1     
---------------------------------------------------------------------------------
Finished RTL Component Statistics 
---------------------------------------------------------------------------------
---------------------------------------------------------------------------------
Start RTL Hierarchical Component Statistics 
---------------------------------------------------------------------------------
Hierarchical RTL Component report 
Module data_store 
Detailed RTL Component Info : 
+---Adders : 
	   2 Input      9 Bit       Adders := 1     
+---Registers : 
	               64 Bit    Registers := 1     
	               32 Bit    Registers := 2     
	                9 Bit    Registers := 1     
	                1 Bit    Registers := 2     
+---Muxes : 
	   2 Input      1 Bit        Muxes := 1     
Module xpm_cdc_async_rst 
Detailed RTL Component Info : 
+---Registers : 
	                2 Bit    Registers := 1     
---------------------------------------------------------------------------------
Finished RTL Hierarchical Component Statistics
---------------------------------------------------------------------------------
---------------------------------------------------------------------------------
Start Part Resource Summary
---------------------------------------------------------------------------------
Part Resources:
DSPs: 80 (col length:40)
BRAMs: 120 (col length: RAMB18 40 RAMB36 20)
---------------------------------------------------------------------------------
Finished Part Resource Summary
---------------------------------------------------------------------------------
---------------------------------------------------------------------------------
Start Cross Boundary and Area Optimization
---------------------------------------------------------------------------------
Warning: Parallel synthesis criteria is not met 
---------------------------------------------------------------------------------
Finished Cross Boundary and Area Optimization : Time (s): cpu = 00:00:13 ; elapsed = 00:00:14 . Memory (MB): peak = 1091.121 ; gain = 319.965
---------------------------------------------------------------------------------

Report RTL Partitions: 
+-+--------------+------------+----------+
| |RTL Partition |Replication |Instances |
+-+--------------+------------+----------+
+-+--------------+------------+----------+
---------------------------------------------------------------------------------
Start Applying XDC Timing Constraints
---------------------------------------------------------------------------------
---------------------------------------------------------------------------------
Finished Applying XDC Timing Constraints : Time (s): cpu = 00:00:21 ; elapsed = 00:00:23 . Memory (MB): peak = 1108.082 ; gain = 336.926
---------------------------------------------------------------------------------
---------------------------------------------------------------------------------
Start Timing Optimization
---------------------------------------------------------------------------------
---------------------------------------------------------------------------------
Finished Timing Optimization : Time (s): cpu = 00:00:21 ; elapsed = 00:00:23 . Memory (MB): peak = 1108.305 ; gain = 337.148
---------------------------------------------------------------------------------

Report RTL Partitions: 
+-+--------------+------------+----------+
| |RTL Partition |Replication |Instances |
+-+--------------+------------+----------+
+-+--------------+------------+----------+
---------------------------------------------------------------------------------
Start Technology Mapping
---------------------------------------------------------------------------------
---------------------------------------------------------------------------------
Finished Technology Mapping : Time (s): cpu = 00:00:21 ; elapsed = 00:00:23 . Memory (MB): peak = 1130.906 ; gain = 359.750
---------------------------------------------------------------------------------

Report RTL Partitions: 
+-+--------------+------------+----------+
| |RTL Partition |Replication |Instances |
+-+--------------+------------+----------+
+-+--------------+------------+----------+
---------------------------------------------------------------------------------
Start IO Insertion
---------------------------------------------------------------------------------
---------------------------------------------------------------------------------
Start Flattening Before IO Insertion
---------------------------------------------------------------------------------
---------------------------------------------------------------------------------
Finished Flattening Before IO Insertion
---------------------------------------------------------------------------------
---------------------------------------------------------------------------------
Start Final Netlist Cleanup
---------------------------------------------------------------------------------
---------------------------------------------------------------------------------
Finished Final Netlist Cleanup
---------------------------------------------------------------------------------
---------------------------------------------------------------------------------
Finished IO Insertion : Time (s): cpu = 00:00:23 ; elapsed = 00:00:25 . Memory (MB): peak = 1136.734 ; gain = 365.578
---------------------------------------------------------------------------------

Report Check Netlist: 
+------+------------------+-------+---------+-------+------------------+
|      |Item              |Errors |Warnings |Status |Description       |
+------+------------------+-------+---------+-------+------------------+
|1     |multi_driven_nets |      0|        0|Passed |Multi driven nets |
+------+------------------+-------+---------+-------+------------------+
---------------------------------------------------------------------------------
Start Renaming Generated Instances
---------------------------------------------------------------------------------
---------------------------------------------------------------------------------
Finished Renaming Generated Instances : Time (s): cpu = 00:00:23 ; elapsed = 00:00:25 . Memory (MB): peak = 1136.734 ; gain = 365.578
---------------------------------------------------------------------------------

Report RTL Partitions: 
+-+--------------+------------+----------+
| |RTL Partition |Replication |Instances |
+-+--------------+------------+----------+
+-+--------------+------------+----------+
---------------------------------------------------------------------------------
Start Rebuilding User Hierarchy
---------------------------------------------------------------------------------
---------------------------------------------------------------------------------
Finished Rebuilding User Hierarchy : Time (s): cpu = 00:00:23 ; elapsed = 00:00:25 . Memory (MB): peak = 1136.734 ; gain = 365.578
---------------------------------------------------------------------------------
---------------------------------------------------------------------------------
Start Renaming Generated Ports
---------------------------------------------------------------------------------
---------------------------------------------------------------------------------
Finished Renaming Generated Ports : Time (s): cpu = 00:00:23 ; elapsed = 00:00:25 . Memory (MB): peak = 1136.734 ; gain = 365.578
---------------------------------------------------------------------------------
---------------------------------------------------------------------------------
Start Handling Custom Attributes
---------------------------------------------------------------------------------
---------------------------------------------------------------------------------
Finished Handling Custom Attributes : Time (s): cpu = 00:00:23 ; elapsed = 00:00:25 . Memory (MB): peak = 1136.734 ; gain = 365.578
---------------------------------------------------------------------------------
---------------------------------------------------------------------------------
Start Renaming Generated Nets
---------------------------------------------------------------------------------
---------------------------------------------------------------------------------
Finished Renaming Generated Nets : Time (s): cpu = 00:00:23 ; elapsed = 00:00:25 . Memory (MB): peak = 1136.734 ; gain = 365.578
---------------------------------------------------------------------------------
---------------------------------------------------------------------------------
Start Writing Synthesis Report
---------------------------------------------------------------------------------

Report BlackBoxes: 
+-+--------------+----------+
| |BlackBox name |Instances |
+-+--------------+----------+
+-+--------------+----------+

Report Cell Usage: 
+------+---------+------+
|      |Cell     |Count |
+------+---------+------+
|1     |BUFG     |     1|
|2     |FIFO36E1 |     1|
|3     |LUT1     |     2|
|4     |LUT2     |     5|
|5     |LUT3     |     1|
|6     |LUT4     |     7|
|7     |LUT5     |     7|
|8     |LUT6     |    62|
|9     |FDPE     |     2|
|10    |FDRE     |   133|
|11    |FDSE     |     6|
|12    |IBUF     |     1|
|13    |IOBUFDS  |     3|
+------+---------+------+

Report Instance Areas: 
+------+-------------------------+-------------------------+------+
|      |Instance                 |Module                   |Cells |
+------+-------------------------+-------------------------+------+
|1     |top                      |                         |   231|
|2     |  DUT_1                  |data_store               |   223|
|3     |  xpm_cdc_async_rst_inst |xpm_cdc_async_rst        |     2|
|4     |  FIFO_SYNC_MACRO_inst   |unimacro_FIFO_SYNC_MACRO |     1|
+------+-------------------------+-------------------------+------+
---------------------------------------------------------------------------------
Finished Writing Synthesis Report : Time (s): cpu = 00:00:23 ; elapsed = 00:00:25 . Memory (MB): peak = 1136.734 ; gain = 365.578
---------------------------------------------------------------------------------
Synthesis finished with 0 errors, 0 critical warnings and 0 warnings.
Synthesis Optimization Runtime : Time (s): cpu = 00:00:15 ; elapsed = 00:00:22 . Memory (MB): peak = 1136.734 ; gain = 288.457
Synthesis Optimization Complete : Time (s): cpu = 00:00:23 ; elapsed = 00:00:25 . Memory (MB): peak = 1136.734 ; gain = 365.578
INFO: [Project 1-571] Translating synthesized netlist
INFO: [Netlist 29-17] Analyzing 4 Unisim elements for replacement
INFO: [Netlist 29-28] Unisim Transformation completed in 0 CPU seconds
INFO: [Project 1-570] Preparing netlist for logic optimization
INFO: [Opt 31-138] Pushed 0 inverter(s) to 0 load pin(s).
Netlist sorting complete. Time (s): cpu = 00:00:00 ; elapsed = 00:00:00 . Memory (MB): peak = 1159.148 ; gain = 0.000
INFO: [Project 1-111] Unisim Transformation Summary:
  A total of 3 instances were transformed.
  IOBUFDS => IOBUFDS (IBUFDS, OBUFTDS): 3 instances

INFO: [Common 17-83] Releasing license: Synthesis
36 Infos, 6 Warnings, 0 Critical Warnings and 0 Errors encountered.
synth_design completed successfully
synth_design: Time (s): cpu = 00:00:30 ; elapsed = 00:00:35 . Memory (MB): peak = 1159.148 ; gain = 639.367
Netlist sorting complete. Time (s): cpu = 00:00:00 ; elapsed = 00:00:00.001 . Memory (MB): peak = 1159.148 ; gain = 0.000
WARNING: [Constraints 18-5210] No constraints selected for write.
Resolution: This message can indicate that there are no constraints for the design, or it can indicate that the used_in flags are set such that the constraints are ignored. This later case is used when running synth_design to not write synthesis constraints to the resulting checkpoint. Instead, project constraints are read when the synthesized design is opened.
INFO: [Common 17-1381] The checkpoint 'D:/Vivado_Projects/Zynq_Example/Zynq_Example.runs/synth_1/top.dcp' has been generated.
INFO: [runtcl-4] Executing : report_utilization -file top_utilization_synth.rpt -pb top_utilization_synth.pb
INFO: [Common 17-206] Exiting Vivado at Mon Apr  6 11:19:04 2026...
