Copyright 1986-2022 Xilinx, Inc. All Rights Reserved. Copyright 2022-2024 Advanced Micro Devices, Inc. All Rights Reserved.
---------------------------------------------------------------------------------------------------------------------------------------------
| Tool Version : Vivado v.2024.1.2 (win64) Build 5164865 Thu Sep  5 14:37:11 MDT 2024
| Date         : Thu Apr 16 16:35:08 2026
| Host         : Mango running 64-bit major release  (build 9200)
| Command      : upgrade_ip
| Device       : xc7a35tcpg236-1
---------------------------------------------------------------------------------------------------------------------------------------------

Upgrade Log for IP 'design_1_lvds2axis_0_0'

1. Summary
----------

SUCCESS in the upgrade of design_1_lvds2axis_0_0 (xilinx.com:user:lvds2axis:1.0) from (Rev. 7) to (Rev. 8)






Copyright 1986-2022 Xilinx, Inc. All Rights Reserved. Copyright 2022-2024 Advanced Micro Devices, Inc. All Rights Reserved.
---------------------------------------------------------------------------------------------------------------------------------------------
| Tool Version : Vivado v.2024.1.2 (win64) Build 5164865 Thu Sep  5 14:37:11 MDT 2024
| Date         : Thu Apr 16 15:35:13 2026
| Host         : Mango running 64-bit major release  (build 9200)
| Command      : upgrade_ip
| Device       : xc7a35tcpg236-1
---------------------------------------------------------------------------------------------------------------------------------------------

Upgrade Log for IP 'design_1_lvds2axis_0_0'

1. Summary
----------

SUCCESS in the upgrade of design_1_lvds2axis_0_0 (xilinx.com:user:lvds2axis:1.0) from (Rev. 5) to (Rev. 7)






Copyright 1986-2022 Xilinx, Inc. All Rights Reserved. Copyright 2022-2024 Advanced Micro Devices, Inc. All Rights Reserved.
---------------------------------------------------------------------------------------------------------------------------------------------
| Tool Version : Vivado v.2024.1.2 (win64) Build 5164865 Thu Sep  5 14:37:11 MDT 2024
| Date         : Thu Apr 16 15:27:44 2026
| Host         : Mango running 64-bit major release  (build 9200)
| Command      : upgrade_ip
| Device       : xc7a35tcpg236-1
---------------------------------------------------------------------------------------------------------------------------------------------

Upgrade Log for IP 'design_1_lvds2axis_0_0'

1. Summary
----------

CAUTION (success, with warnings) in the upgrade of design_1_lvds2axis_0_0 (xilinx.com:user:lvds2axis:1.0) from (Rev. 4) to (Rev. 5)

After upgrade, an IP may have parameter and port differences compared to the original customization. Please review the parameters within the IP customization GUI to ensure proper functionality. Also, please review the updated IP instantiation template to ensure proper connectivity, and update your design if required.

2. Connection Warnings
----------------------

Detected external port differences while upgrading 'design_1_lvds2axis_0_0'. These changes may impact your design.


-Upgrade has added port 'ext_clk_i_n'

-Upgrade has added port 'ext_clk_i_p'

-Upgrade has added port 'lvds_n_i'

-Upgrade has added port 'lvds_p_i'

-Upgrade has added port 'lvds_v_n_i'

-Upgrade has added port 'lvds_v_p_i'


