
*** Running vivado
    with args -log top.vds -m64 -product Vivado -mode batch -messageDb vivado.pb -notrace -source top.tcl



****** Vivado v2025.2 (64-bit)
  **** SW Build 6299465 on Fri Nov 14 19:35:11 GMT 2025
  **** IP Build 6300035 on Fri Nov 14 10:48:45 MST 2025
  **** SharedData Build 6298862 on Thu Nov 13 04:50:51 MST 2025
  **** Start of session at: Mon Jan 12 14:58:33 2026
    ** Copyright 1986-2022 Xilinx, Inc. All Rights Reserved.
    ** Copyright 2022-2025 Advanced Micro Devices, Inc. All Rights Reserved.

source top.tcl -notrace
create_project: Time (s): cpu = 00:00:12 ; elapsed = 00:00:09 . Memory (MB): peak = 580.645 ; gain = 217.824
Command: read_checkpoint -auto_incremental -incremental D:/Vivado_Projects/Traffic_Lamb/Traffic_Lamb.srcs/utils_1/imports/synth_1/top_module.dcp
INFO: [Vivado 12-5825] Read reference checkpoint from D:/Vivado_Projects/Traffic_Lamb/Traffic_Lamb.srcs/utils_1/imports/synth_1/top_module.dcp for incremental synthesis
INFO: [Vivado 12-7989] Please ensure there are no constraint changes
Command: synth_design -top top -part xc7a100tcsg324-1
Starting synth_design
Attempting to get a license for feature 'Synthesis' and/or device 'xc7a100t'
INFO: [Common 17-349] Got license for feature 'Synthesis' and/or device 'xc7a100t'
INFO: [Device 21-403] Loading part xc7a100tcsg324-1
INFO: [Designutils 20-5440] No compile time benefit to using incremental synthesis; A full resynthesis will be run
INFO: [Designutils 20-4379] Flow is switching to default flow due to incremental criteria not met. If you would like to alter this behaviour and have the flow terminate instead, please set the following parameter config_implementation {autoIncr.Synth.RejectBehavior Terminate}
INFO: [Synth 8-7079] Multithreading enabled for synth_design using a maximum of 2 processes.
INFO: [Synth 8-7078] Launching helper process for spawning children vivado processes
INFO: [Synth 8-7075] Helper process launched with PID 19560
---------------------------------------------------------------------------------
Starting RTL Elaboration : Time (s): cpu = 00:00:11 ; elapsed = 00:00:11 . Memory (MB): peak = 1455.035 ; gain = 542.477
---------------------------------------------------------------------------------
INFO: [Synth 8-638] synthesizing module 'top' [D:/Vivado_Projects/Traffic_Lamb/Traffic_Lamb.srcs/sources_1/new/top.vhd:18]
	Parameter CLK_FREQ bound to: 100000000 - type: integer 
	Parameter STABLE_TIME bound to: 1000 - type: integer 
	Parameter INIT_VAL bound to: 1'b0 
INFO: [Synth 8-3491] module 'debounce' declared at 'D:/Vivado_Projects/Traffic_Lamb/Traffic_Lamb.srcs/sources_1/new/debounce.vhd:4' bound to instance 'debounce_inst' of component 'debounce' [D:/Vivado_Projects/Traffic_Lamb/Traffic_Lamb.srcs/sources_1/new/top.vhd:71]
INFO: [Synth 8-638] synthesizing module 'debounce' [D:/Vivado_Projects/Traffic_Lamb/Traffic_Lamb.srcs/sources_1/new/debounce.vhd:17]
	Parameter CLK_FREQ bound to: 100000000 - type: integer 
	Parameter STABLE_TIME bound to: 1000 - type: integer 
	Parameter INIT_VAL bound to: 1'b0 
INFO: [Synth 8-256] done synthesizing module 'debounce' (0#1) [D:/Vivado_Projects/Traffic_Lamb/Traffic_Lamb.srcs/sources_1/new/debounce.vhd:17]
	Parameter CLK_FREQ bound to: 100000000 - type: integer 
	Parameter STABLE_TIME bound to: 1000 - type: integer 
	Parameter INIT_VAL bound to: 1'b0 
INFO: [Synth 8-3491] module 'debounce' declared at 'D:/Vivado_Projects/Traffic_Lamb/Traffic_Lamb.srcs/sources_1/new/debounce.vhd:4' bound to instance 'debounce_inst' of component 'debounce' [D:/Vivado_Projects/Traffic_Lamb/Traffic_Lamb.srcs/sources_1/new/top.vhd:71]
	Parameter CLK_FREQ bound to: 100000000 - type: integer 
	Parameter STABLE_TIME bound to: 1000 - type: integer 
	Parameter INIT_VAL bound to: 1'b0 
INFO: [Synth 8-3491] module 'debounce' declared at 'D:/Vivado_Projects/Traffic_Lamb/Traffic_Lamb.srcs/sources_1/new/debounce.vhd:4' bound to instance 'debounce_inst' of component 'debounce' [D:/Vivado_Projects/Traffic_Lamb/Traffic_Lamb.srcs/sources_1/new/top.vhd:71]
	Parameter CLK_FREQ bound to: 100000000 - type: integer 
	Parameter STABLE_TIME bound to: 1000 - type: integer 
	Parameter INIT_VAL bound to: 1'b0 
INFO: [Synth 8-3491] module 'debounce' declared at 'D:/Vivado_Projects/Traffic_Lamb/Traffic_Lamb.srcs/sources_1/new/debounce.vhd:4' bound to instance 'debounce_inst' of component 'debounce' [D:/Vivado_Projects/Traffic_Lamb/Traffic_Lamb.srcs/sources_1/new/top.vhd:71]
	Parameter CLK_FREQ bound to: 100000000 - type: integer 
	Parameter STABLE_TIME bound to: 1000 - type: integer 
	Parameter INIT_VAL bound to: 1'b0 
INFO: [Synth 8-3491] module 'debounce' declared at 'D:/Vivado_Projects/Traffic_Lamb/Traffic_Lamb.srcs/sources_1/new/debounce.vhd:4' bound to instance 'debounce_inst' of component 'debounce' [D:/Vivado_Projects/Traffic_Lamb/Traffic_Lamb.srcs/sources_1/new/top.vhd:71]
	Parameter CLK_FREQ bound to: 100000000 - type: integer 
INFO: [Synth 8-3491] module 'main' declared at 'D:/Vivado_Projects/Traffic_Lamb/Traffic_Lamb.srcs/sources_1/new/main.vhd:5' bound to instance 'main_inst' of component 'main' [D:/Vivado_Projects/Traffic_Lamb/Traffic_Lamb.srcs/sources_1/new/top.vhd:85]
INFO: [Synth 8-638] synthesizing module 'main' [D:/Vivado_Projects/Traffic_Lamb/Traffic_Lamb.srcs/sources_1/new/main.vhd:18]
	Parameter CLK_FREQ bound to: 100000000 - type: integer 
INFO: [Synth 8-256] done synthesizing module 'main' (0#1) [D:/Vivado_Projects/Traffic_Lamb/Traffic_Lamb.srcs/sources_1/new/main.vhd:18]
	Parameter CLK_FREQ bound to: 100000000 - type: integer 
INFO: [Synth 8-3491] module 'rgb' declared at 'D:/Vivado_Projects/Traffic_Lamb/Traffic_Lamb.srcs/sources_1/new/rgb.vhd:6' bound to instance 'rgb_inst' of component 'rgb' [D:/Vivado_Projects/Traffic_Lamb/Traffic_Lamb.srcs/sources_1/new/top.vhd:98]
INFO: [Synth 8-638] synthesizing module 'rgb' [D:/Vivado_Projects/Traffic_Lamb/Traffic_Lamb.srcs/sources_1/new/rgb.vhd:17]
	Parameter CLK_FREQ bound to: 100000000 - type: integer 
INFO: [Synth 8-256] done synthesizing module 'rgb' (0#1) [D:/Vivado_Projects/Traffic_Lamb/Traffic_Lamb.srcs/sources_1/new/rgb.vhd:17]
	Parameter CLK_FREQ bound to: 100000000 - type: integer 
INFO: [Synth 8-3491] module 'bcd_to_sevenseg' declared at 'D:/Vivado_Projects/Traffic_Lamb/Traffic_Lamb.srcs/sources_1/new/seven_seg.vhd:5' bound to instance 'bcd_inst' of component 'bcd_to_sevenseg' [D:/Vivado_Projects/Traffic_Lamb/Traffic_Lamb.srcs/sources_1/new/top.vhd:108]
INFO: [Synth 8-638] synthesizing module 'bcd_to_sevenseg' [D:/Vivado_Projects/Traffic_Lamb/Traffic_Lamb.srcs/sources_1/new/seven_seg.vhd:18]
	Parameter CLK_FREQ bound to: 100000000 - type: integer 
INFO: [Synth 8-256] done synthesizing module 'bcd_to_sevenseg' (0#1) [D:/Vivado_Projects/Traffic_Lamb/Traffic_Lamb.srcs/sources_1/new/seven_seg.vhd:18]
INFO: [Synth 8-256] done synthesizing module 'top' (0#1) [D:/Vivado_Projects/Traffic_Lamb/Traffic_Lamb.srcs/sources_1/new/top.vhd:18]
---------------------------------------------------------------------------------
Finished RTL Elaboration : Time (s): cpu = 00:00:14 ; elapsed = 00:00:14 . Memory (MB): peak = 1578.137 ; gain = 665.578
---------------------------------------------------------------------------------
---------------------------------------------------------------------------------
Start Handling Custom Attributes
---------------------------------------------------------------------------------
---------------------------------------------------------------------------------
Finished Handling Custom Attributes : Time (s): cpu = 00:00:14 ; elapsed = 00:00:14 . Memory (MB): peak = 1578.137 ; gain = 665.578
---------------------------------------------------------------------------------
---------------------------------------------------------------------------------
Finished RTL Optimization Phase 1 : Time (s): cpu = 00:00:14 ; elapsed = 00:00:14 . Memory (MB): peak = 1578.137 ; gain = 665.578
---------------------------------------------------------------------------------
Netlist sorting complete. Time (s): cpu = 00:00:00 ; elapsed = 00:00:00.012 . Memory (MB): peak = 1578.137 ; gain = 0.000
INFO: [Project 1-570] Preparing netlist for logic optimization

Processing XDC Constraints
Initializing timing engine
Parsing XDC File [D:/Vivado_Projects/Traffic_Lamb/Traffic_Lamb.srcs/constrs_1/new/config.xdc]
Finished Parsing XDC File [D:/Vivado_Projects/Traffic_Lamb/Traffic_Lamb.srcs/constrs_1/new/config.xdc]
INFO: [Project 1-236] Implementation specific constraints were found while reading constraint file [D:/Vivado_Projects/Traffic_Lamb/Traffic_Lamb.srcs/constrs_1/new/config.xdc]. These constraints will be ignored for synthesis but will be used in implementation. Impacted constraints are listed in the file [.Xil/top_propImpl.xdc].
Resolution: To avoid this warning, move constraints listed in [.Xil/top_propImpl.xdc] to another XDC file and exclude this new file from synthesis with the used_in_synthesis property (File Properties dialog in GUI) and re-run elaboration/synthesis.
Completed Processing XDC Constraints

Netlist sorting complete. Time (s): cpu = 00:00:00 ; elapsed = 00:00:00.001 . Memory (MB): peak = 1585.328 ; gain = 0.000
INFO: [Project 1-111] Unisim Transformation Summary:
No Unisim elements were transformed.

Constraint Validation Runtime : Time (s): cpu = 00:00:00 ; elapsed = 00:00:00.012 . Memory (MB): peak = 1585.328 ; gain = 0.000
INFO: [Designutils 20-5440] No compile time benefit to using incremental synthesis; A full resynthesis will be run
INFO: [Designutils 20-4379] Flow is switching to default flow due to incremental criteria not met. If you would like to alter this behaviour and have the flow terminate instead, please set the following parameter config_implementation {autoIncr.Synth.RejectBehavior Terminate}
---------------------------------------------------------------------------------
Finished Constraint Validation : Time (s): cpu = 00:00:26 ; elapsed = 00:00:28 . Memory (MB): peak = 1585.328 ; gain = 672.770
---------------------------------------------------------------------------------
---------------------------------------------------------------------------------
Start Loading Part and Timing Information
---------------------------------------------------------------------------------
Loading part: xc7a100tcsg324-1
---------------------------------------------------------------------------------
Finished Loading Part and Timing Information : Time (s): cpu = 00:00:26 ; elapsed = 00:00:28 . Memory (MB): peak = 1585.328 ; gain = 672.770
---------------------------------------------------------------------------------
---------------------------------------------------------------------------------
Start Applying 'set_property' XDC Constraints
---------------------------------------------------------------------------------
---------------------------------------------------------------------------------
Finished applying 'set_property' XDC Constraints : Time (s): cpu = 00:00:26 ; elapsed = 00:00:28 . Memory (MB): peak = 1585.328 ; gain = 672.770
---------------------------------------------------------------------------------
INFO: [Synth 8-802] inferred FSM for state register 'state_reg' in module 'debounce'
---------------------------------------------------------------------------------------------------
                   State |                     New Encoding |                Previous Encoding 
---------------------------------------------------------------------------------------------------
*
               s_initial |                              000 |                              000
                  s_zero |                              001 |                              001
             s_zerotoone |                              010 |                              010
                   s_one |                              011 |                              011
             s_onetozero |                              100 |                              100
---------------------------------------------------------------------------------------------------
INFO: [Synth 8-3354] encoded FSM with state register 'state_reg' using encoding 'sequential' in module 'debounce'
---------------------------------------------------------------------------------
Finished RTL Optimization Phase 2 : Time (s): cpu = 00:00:27 ; elapsed = 00:00:29 . Memory (MB): peak = 1585.328 ; gain = 672.770
---------------------------------------------------------------------------------
---------------------------------------------------------------------------------
Start RTL Component Statistics 
---------------------------------------------------------------------------------
Detailed RTL Component Info : 
+---Adders : 
	   2 Input   27 Bit       Adders := 1     
	   2 Input   17 Bit       Adders := 1     
	   2 Input   14 Bit       Adders := 1     
	   2 Input    5 Bit       Adders := 5     
	   2 Input    4 Bit       Adders := 3     
+---Registers : 
	               27 Bit    Registers := 1     
	               17 Bit    Registers := 1     
	               14 Bit    Registers := 1     
	                8 Bit    Registers := 2     
	                6 Bit    Registers := 1     
	                5 Bit    Registers := 3     
	                4 Bit    Registers := 3     
	                2 Bit    Registers := 5     
	                1 Bit    Registers := 20    
+---Muxes : 
	   4 Input    8 Bit        Muxes := 5     
	   8 Input    6 Bit        Muxes := 1     
	   2 Input    5 Bit        Muxes := 5     
	   2 Input    4 Bit        Muxes := 17    
	  10 Input    4 Bit        Muxes := 2     
	   6 Input    3 Bit        Muxes := 5     
	   2 Input    3 Bit        Muxes := 16    
	   3 Input    2 Bit        Muxes := 1     
	   2 Input    1 Bit        Muxes := 29    
	   6 Input    1 Bit        Muxes := 25    
	  10 Input    1 Bit        Muxes := 6     
---------------------------------------------------------------------------------
Finished RTL Component Statistics 
---------------------------------------------------------------------------------
---------------------------------------------------------------------------------
Start Part Resource Summary
---------------------------------------------------------------------------------
Part Resources:
DSPs: 240 (col length:80)
BRAMs: 270 (col length: RAMB18 80 RAMB36 40)
---------------------------------------------------------------------------------
Finished Part Resource Summary
---------------------------------------------------------------------------------
---------------------------------------------------------------------------------
Start Cross Boundary and Area Optimization
---------------------------------------------------------------------------------
---------------------------------------------------------------------------------
Finished Cross Boundary and Area Optimization : Time (s): cpu = 00:00:33 ; elapsed = 00:00:35 . Memory (MB): peak = 1640.258 ; gain = 727.699
---------------------------------------------------------------------------------
---------------------------------------------------------------------------------
Start Applying XDC Timing Constraints
---------------------------------------------------------------------------------
---------------------------------------------------------------------------------
Finished Applying XDC Timing Constraints : Time (s): cpu = 00:00:40 ; elapsed = 00:00:43 . Memory (MB): peak = 1776.629 ; gain = 864.070
---------------------------------------------------------------------------------
---------------------------------------------------------------------------------
Start Timing Optimization
---------------------------------------------------------------------------------
---------------------------------------------------------------------------------
Finished Timing Optimization : Time (s): cpu = 00:00:42 ; elapsed = 00:00:44 . Memory (MB): peak = 1816.082 ; gain = 903.523
---------------------------------------------------------------------------------
---------------------------------------------------------------------------------
Start Technology Mapping
---------------------------------------------------------------------------------
---------------------------------------------------------------------------------
Finished Technology Mapping : Time (s): cpu = 00:00:42 ; elapsed = 00:00:44 . Memory (MB): peak = 1817.359 ; gain = 904.801
---------------------------------------------------------------------------------
---------------------------------------------------------------------------------
Start IO Insertion
---------------------------------------------------------------------------------
---------------------------------------------------------------------------------
Start Flattening Before IO Insertion
---------------------------------------------------------------------------------
---------------------------------------------------------------------------------
Finished Flattening Before IO Insertion
---------------------------------------------------------------------------------
---------------------------------------------------------------------------------
Start Final Netlist Cleanup
---------------------------------------------------------------------------------
---------------------------------------------------------------------------------
Finished Final Netlist Cleanup
---------------------------------------------------------------------------------
---------------------------------------------------------------------------------
Finished IO Insertion : Time (s): cpu = 00:00:48 ; elapsed = 00:00:51 . Memory (MB): peak = 2038.773 ; gain = 1126.215
---------------------------------------------------------------------------------
---------------------------------------------------------------------------------
Start Renaming Generated Instances
---------------------------------------------------------------------------------
---------------------------------------------------------------------------------
Finished Renaming Generated Instances : Time (s): cpu = 00:00:48 ; elapsed = 00:00:51 . Memory (MB): peak = 2038.773 ; gain = 1126.215
---------------------------------------------------------------------------------
---------------------------------------------------------------------------------
Start Rebuilding User Hierarchy
---------------------------------------------------------------------------------
---------------------------------------------------------------------------------
Finished Rebuilding User Hierarchy : Time (s): cpu = 00:00:48 ; elapsed = 00:00:51 . Memory (MB): peak = 2038.773 ; gain = 1126.215
---------------------------------------------------------------------------------
---------------------------------------------------------------------------------
Start Renaming Generated Ports
---------------------------------------------------------------------------------
---------------------------------------------------------------------------------
Finished Renaming Generated Ports : Time (s): cpu = 00:00:48 ; elapsed = 00:00:51 . Memory (MB): peak = 2038.773 ; gain = 1126.215
---------------------------------------------------------------------------------
---------------------------------------------------------------------------------
Start Handling Custom Attributes
---------------------------------------------------------------------------------
---------------------------------------------------------------------------------
Finished Handling Custom Attributes : Time (s): cpu = 00:00:48 ; elapsed = 00:00:51 . Memory (MB): peak = 2038.773 ; gain = 1126.215
---------------------------------------------------------------------------------
---------------------------------------------------------------------------------
Start Renaming Generated Nets
---------------------------------------------------------------------------------
---------------------------------------------------------------------------------
Finished Renaming Generated Nets : Time (s): cpu = 00:00:48 ; elapsed = 00:00:51 . Memory (MB): peak = 2038.773 ; gain = 1126.215
---------------------------------------------------------------------------------
---------------------------------------------------------------------------------
Start Writing Synthesis Report
---------------------------------------------------------------------------------

Report BlackBoxes: 
+-+--------------+----------+
| |BlackBox name |Instances |
+-+--------------+----------+
+-+--------------+----------+

Report Cell Usage: 
+------+-------+------+
|      |Cell   |Count |
+------+-------+------+
|1     |BUFG   |     1|
|2     |CARRY4 |    40|
|3     |LUT1   |     9|
|4     |LUT2   |    28|
|5     |LUT3   |     9|
|6     |LUT4   |    41|
|7     |LUT5   |    43|
|8     |LUT6   |    91|
|9     |FDRE   |   224|
|10    |FDSE   |     7|
|11    |IBUF   |     6|
|12    |OBUF   |    23|
+------+-------+------+
---------------------------------------------------------------------------------
Finished Writing Synthesis Report : Time (s): cpu = 00:00:48 ; elapsed = 00:00:51 . Memory (MB): peak = 2038.773 ; gain = 1126.215
---------------------------------------------------------------------------------
Synthesis finished with 0 errors, 0 critical warnings and 0 warnings.
Synthesis Optimization Runtime : Time (s): cpu = 00:00:31 ; elapsed = 00:00:48 . Memory (MB): peak = 2038.773 ; gain = 1119.023
Synthesis Optimization Complete : Time (s): cpu = 00:00:48 ; elapsed = 00:00:51 . Memory (MB): peak = 2038.773 ; gain = 1126.215
INFO: [Project 1-571] Translating synthesized netlist
Netlist sorting complete. Time (s): cpu = 00:00:00 ; elapsed = 00:00:00.008 . Memory (MB): peak = 2047.918 ; gain = 0.000
INFO: [Netlist 29-17] Analyzing 40 Unisim elements for replacement
INFO: [Netlist 29-28] Unisim Transformation completed in 0 CPU seconds
INFO: [Project 1-570] Preparing netlist for logic optimization
INFO: [Opt 31-138] Pushed 0 inverter(s) to 0 load pin(s).
Netlist sorting complete. Time (s): cpu = 00:00:00 ; elapsed = 00:00:00 . Memory (MB): peak = 2051.645 ; gain = 0.000
INFO: [Project 1-111] Unisim Transformation Summary:
No Unisim elements were transformed.

Synth Design complete | Checksum: 5f4bca16
INFO: [Common 17-83] Releasing license: Synthesis
41 Infos, 0 Warnings, 0 Critical Warnings and 0 Errors encountered.
synth_design completed successfully
synth_design: Time (s): cpu = 00:00:55 ; elapsed = 00:01:02 . Memory (MB): peak = 2051.645 ; gain = 1329.406
Write ShapeDB Complete: Time (s): cpu = 00:00:00 ; elapsed = 00:00:00.003 . Memory (MB): peak = 2051.645 ; gain = 0.000
INFO: [Common 17-1381] The checkpoint 'D:/Vivado_Projects/Traffic_Lamb/Traffic_Lamb.runs/synth_1/top.dcp' has been generated.
INFO: [Vivado 12-24828] Executing command : report_utilization -file top_utilization_synth.rpt -pb top_utilization_synth.pb
INFO: [Common 17-206] Exiting Vivado at Mon Jan 12 14:59:57 2026...
