Copyright 1986-2019 Xilinx, Inc. All Rights Reserved.
------------------------------------------------------------------------------------
| Tool Version : Vivado v.2019.1 (win64) Build 2552052 Fri May 24 14:49:42 MDT 2019
| Date         : Tue Apr 14 15:34:59 2026
| Host         : PC running 64-bit major release  (build 9200)
| Command      : upgrade_ip
| Device       : xc7z010clg400-1
------------------------------------------------------------------------------------

Upgrade Log for IP 'design_1_lvds_axis_0_0'

1. Summary
----------

SUCCESS in the upgrade of design_1_lvds_axis_0_0 (xilinx.com:user:lvds_axis:1.0) from (Rev. 7) to (Rev. 8)






Copyright 1986-2019 Xilinx, Inc. All Rights Reserved.
------------------------------------------------------------------------------------
| Tool Version : Vivado v.2019.1 (win64) Build 2552052 Fri May 24 14:49:42 MDT 2019
| Date         : Tue Apr 14 15:18:00 2026
| Host         : PC running 64-bit major release  (build 9200)
| Command      : upgrade_ip
| Device       : xc7z010clg400-1
------------------------------------------------------------------------------------

Upgrade Log for IP 'design_1_lvds_axis_0_0'

1. Summary
----------

SUCCESS in the upgrade of design_1_lvds_axis_0_0 (xilinx.com:user:lvds_axis:1.0) from (Rev. 6) to (Rev. 7)






Copyright 1986-2019 Xilinx, Inc. All Rights Reserved.
------------------------------------------------------------------------------------
| Tool Version : Vivado v.2019.1 (win64) Build 2552052 Fri May 24 14:49:42 MDT 2019
| Date         : Tue Apr 14 14:06:24 2026
| Host         : PC running 64-bit major release  (build 9200)
| Command      : upgrade_ip
| Device       : xc7z010clg400-1
------------------------------------------------------------------------------------

Upgrade Log for IP 'design_1_lvds_axis_0_0'

1. Summary
----------

SUCCESS in the upgrade of design_1_lvds_axis_0_0 (xilinx.com:user:lvds_axis:1.0) from (Rev. 5) to (Rev. 6)






Copyright 1986-2019 Xilinx, Inc. All Rights Reserved.
------------------------------------------------------------------------------------
| Tool Version : Vivado v.2019.1 (win64) Build 2552052 Fri May 24 14:49:42 MDT 2019
| Date         : Tue Apr 14 13:52:07 2026
| Host         : PC running 64-bit major release  (build 9200)
| Command      : upgrade_ip
| Device       : xc7z010clg400-1
------------------------------------------------------------------------------------

Upgrade Log for IP 'design_1_lvds_axis_0_0'

1. Summary
----------

CAUTION (success, with warnings) in the upgrade of design_1_lvds_axis_0_0 (xilinx.com:user:lvds_axis:1.0) from (Rev. 3) to (Rev. 5)

After upgrade, an IP may have parameter and port differences compared to the original customization. Please review the parameters within the IP customization GUI to ensure proper functionality. Also, please review the updated IP instantiation template to ensure proper connectivity, and update your design if required.

2. Connection Warnings
----------------------

Detected external port differences while upgrading 'design_1_lvds_axis_0_0'. These changes may impact your design.


-Upgrade has removed port 'm00_axis_tstrb'

-Upgrade has removed port 'valid_n_i'

-Upgrade has removed port 'valid_p_i'

-Upgrade has added port 'lvds_v_n_i'

-Upgrade has added port 'lvds_v_p_i'

-Upgrade has added port 'm00_axis_tkeep'







Copyright 1986-2019 Xilinx, Inc. All Rights Reserved.
------------------------------------------------------------------------------------
| Tool Version : Vivado v.2019.1 (win64) Build 2552052 Fri May 24 14:49:42 MDT 2019
| Date         : Tue Apr 14 13:34:03 2026
| Host         : PC running 64-bit major release  (build 9200)
| Command      : upgrade_ip
| Device       : xc7z010clg400-1
------------------------------------------------------------------------------------

Upgrade Log for IP 'design_1_lvds_axis_0_0'

1. Summary
----------

CAUTION (success, with warnings) in the upgrade of design_1_lvds_axis_0_0 (xilinx.com:user:lvds_axis:1.0) from (Rev. 2) to (Rev. 3)

After upgrade, an IP may have parameter and port differences compared to the original customization. Please review the parameters within the IP customization GUI to ensure proper functionality. Also, please review the updated IP instantiation template to ensure proper connectivity, and update your design if required.

2. Connection Warnings
----------------------

Detected external port differences while upgrading 'design_1_lvds_axis_0_0'. These changes may impact your design.


-Upgrade has removed port 'm00_axis_keep'

-Upgrade has added port 'm00_axis_tstrb'


