14:12:06 **** Incremental Build of configuration Debug for project ethernet_ps ****
make pre-build main-build 
a9-linaro-pre-build-step
' '
'Building file: ../src/echo.c'
'Invoking: ARM v7 gcc compiler'
arm-none-eabi-gcc -Wall -O0 -g3 -c -fmessage-length=0 -MT"src/echo.o" -mcpu=cortex-a9 -mfpu=vfpv3 -mfloat-abi=hard -I../../ethernet_ps_bsp/ps7_cortexa9_0/include -MMD -MP -MF"src/echo.d" -MT"src/echo.o" -o "src/echo.o" "../src/echo.c"
../src/echo.c:40:5: error: variably modified 'data_array' at file scope
 u16 data_array[length_dat];
     ^~~~~~~~~~
../src/echo.c: In function 'recv_callback':
../src/echo.c:91:8: warning: unused variable 'idx' [-Wunused-variable]
    u32 idx = 0;
        ^~~
make: *** [src/subdir.mk:53: src/echo.o] Error 1

14:12:07 Build Finished (took 661ms)

14:12:07 **** Incremental Build of configuration Release for project ethernet_ps ****
make pre-build main-build 
a9-linaro-pre-build-step
' '
'Building file: ../src/echo.c'
'Invoking: ARM v7 gcc compiler'
arm-none-eabi-gcc -Wall -O2 -c -fmessage-length=0 -MT"src/echo.o" -mcpu=cortex-a9 -mfpu=vfpv3 -mfloat-abi=hard -I../../ethernet_ps_bsp/ps7_cortexa9_0/include -MMD -MP -MF"src/echo.d" -MT"src/echo.o" -o "src/echo.o" "../src/echo.c"
../src/echo.c:40:5: error: variably modified 'data_array' at file scope
 u16 data_array[length_dat];
     ^~~~~~~~~~
../src/echo.c: In function 'recv_callback':
../src/echo.c:91:8: warning: unused variable 'idx' [-Wunused-variable]
    u32 idx = 0;
        ^~~
make: *** [src/subdir.mk:53: src/echo.o] Error 1
14:12:30 **** Auto Build of configuration Debug for project ethernet_ps ****
make pre-build main-build 
a9-linaro-pre-build-step
' '
'Building file: ../src/echo.c'
'Invoking: ARM v7 gcc compiler'
arm-none-eabi-gcc -Wall -O0 -g3 -c -fmessage-length=0 -MT"src/echo.o" -mcpu=cortex-a9 -mfpu=vfpv3 -mfloat-abi=hard -I../../ethernet_ps_bsp/ps7_cortexa9_0/include -MMD -MP -MF"src/echo.d" -MT"src/echo.o" -o "src/echo.o" "../src/echo.c"
../src/echo.c:71:5: error: variably modified 'data_array' at file scope
 u16 data_array[length_dat];
     ^~~~~~~~~~
../src/echo.c: In function 'recv_callback':
../src/echo.c:91:8: warning: unused variable 'idx' [-Wunused-variable]
    u32 idx = 0;
        ^~~
make: *** [src/subdir.mk:53: src/echo.o] Error 1
14:13:01 **** Auto Build of configuration Debug for project ethernet_ps ****
make pre-build main-build 
a9-linaro-pre-build-step
' '
'Building file: ../src/echo.c'
'Invoking: ARM v7 gcc compiler'
arm-none-eabi-gcc -Wall -O0 -g3 -c -fmessage-length=0 -MT"src/echo.o" -mcpu=cortex-a9 -mfpu=vfpv3 -mfloat-abi=hard -I../../ethernet_ps_bsp/ps7_cortexa9_0/include -MMD -MP -MF"src/echo.d" -MT"src/echo.o" -o "src/echo.o" "../src/echo.c"
../src/echo.c:71:5: error: variably modified 'data_array' at file scope
 u16 data_array[length_dat];
     ^~~~~~~~~~
../src/echo.c: In function 'recv_callback':
../src/echo.c:91:8: warning: unused variable 'idx' [-Wunused-variable]
    u32 idx = 0;
        ^~~
make: *** [src/subdir.mk:53: src/echo.o] Error 1
14:13:14 **** Auto Build of configuration Debug for project ethernet_ps ****
make pre-build main-build 
a9-linaro-pre-build-step
' '
'Building file: ../src/echo.c'
'Invoking: ARM v7 gcc compiler'
arm-none-eabi-gcc -Wall -O0 -g3 -c -fmessage-length=0 -MT"src/echo.o" -mcpu=cortex-a9 -mfpu=vfpv3 -mfloat-abi=hard -I../../ethernet_ps_bsp/ps7_cortexa9_0/include -MMD -MP -MF"src/echo.d" -MT"src/echo.o" -o "src/echo.o" "../src/echo.c"
../src/echo.c:71:5: error: variably modified 'data_array' at file scope
 u16 data_array[length_dat] = 0x0;
     ^~~~~~~~~~
../src/echo.c:71:30: error: invalid initializer
 u16 data_array[length_dat] = 0x0;
                              ^~~
../src/echo.c: In function 'recv_callback':
../src/echo.c:91:8: warning: unused variable 'idx' [-Wunused-variable]
    u32 idx = 0;
        ^~~
make: *** [src/subdir.mk:53: src/echo.o] Error 1
14:13:25 **** Auto Build of configuration Debug for project ethernet_ps ****
make pre-build main-build 
a9-linaro-pre-build-step
' '
'Building file: ../src/echo.c'
'Invoking: ARM v7 gcc compiler'
arm-none-eabi-gcc -Wall -O0 -g3 -c -fmessage-length=0 -MT"src/echo.o" -mcpu=cortex-a9 -mfpu=vfpv3 -mfloat-abi=hard -I../../ethernet_ps_bsp/ps7_cortexa9_0/include -MMD -MP -MF"src/echo.d" -MT"src/echo.o" -o "src/echo.o" "../src/echo.c"
../src/echo.c:71:5: error: variably modified 'data_array' at file scope
 u16 data_array[length_dat] = {0x0};
     ^~~~~~~~~~
../src/echo.c: In function 'recv_callback':
../src/echo.c:91:8: warning: unused variable 'idx' [-Wunused-variable]
    u32 idx = 0;
        ^~~
make: *** [src/subdir.mk:53: src/echo.o] Error 1
14:13:31 **** Auto Build of configuration Debug for project ethernet_ps ****
make pre-build main-build 
a9-linaro-pre-build-step
' '
'Building file: ../src/echo.c'
'Invoking: ARM v7 gcc compiler'
arm-none-eabi-gcc -Wall -O0 -g3 -c -fmessage-length=0 -MT"src/echo.o" -mcpu=cortex-a9 -mfpu=vfpv3 -mfloat-abi=hard -I../../ethernet_ps_bsp/ps7_cortexa9_0/include -MMD -MP -MF"src/echo.d" -MT"src/echo.o" -o "src/echo.o" "../src/echo.c"
../src/echo.c:71:5: error: variably modified 'data_array' at file scope
 u16 data_array[length_dat] = {0x0};
     ^~~~~~~~~~
../src/echo.c: In function 'recv_callback':
../src/echo.c:91:8: warning: unused variable 'idx' [-Wunused-variable]
    u32 idx = 0;
        ^~~
make: *** [src/subdir.mk:53: src/echo.o] Error 1
14:13:48 **** Auto Build of configuration Debug for project ethernet_ps ****
make pre-build main-build 
a9-linaro-pre-build-step
' '
'Building file: ../src/echo.c'
'Invoking: ARM v7 gcc compiler'
arm-none-eabi-gcc -Wall -O0 -g3 -c -fmessage-length=0 -MT"src/echo.o" -mcpu=cortex-a9 -mfpu=vfpv3 -mfloat-abi=hard -I../../ethernet_ps_bsp/ps7_cortexa9_0/include -MMD -MP -MF"src/echo.d" -MT"src/echo.o" -o "src/echo.o" "../src/echo.c"
../src/echo.c: In function 'recv_callback':
../src/echo.c:90:8: warning: unused variable 'idx' [-Wunused-variable]
    u32 idx = 0;
        ^~~
'Finished building: ../src/echo.c'
' '
'Building target: ethernet_ps.elf'
'Invoking: ARM v7 gcc linker'
arm-none-eabi-gcc -mcpu=cortex-a9 -mfpu=vfpv3 -mfloat-abi=hard -Wl,-build-id=none -specs=Xilinx.spec -Wl,-T -Wl,../src/lscript.ld -L../../ethernet_ps_bsp/ps7_cortexa9_0/lib -o "ethernet_ps.elf"  ./src/echo.o ./src/i2c_access.o ./src/iic_phyreset.o ./src/main.o ./src/platform.o ./src/platform_mb.o ./src/platform_ppc.o ./src/platform_zynq.o ./src/platform_zynqmp.o ./src/sfp.o ./src/si5324.o   -Wl,--start-group,-lxil,-lgcc,-lc,--end-group -Wl,--start-group,-lxil,-llwip4,-lgcc,-lc,--end-group
'Finished building target: ethernet_ps.elf'
' '
'Invoking: ARM v7 Print Size'
arm-none-eabi-size ethernet_ps.elf  |tee "ethernet_ps.elf.size"
   text	   data	    bss	    dec	    hex	filename
 124552	   3432	5364000	5491984	 53cd10	ethernet_ps.elf
'Finished building: ethernet_ps.elf.size'
' '
14:14:25 **** Auto Build of configuration Debug for project ethernet_ps ****
make pre-build main-build 
a9-linaro-pre-build-step
' '
'Building file: ../src/echo.c'
'Invoking: ARM v7 gcc compiler'
arm-none-eabi-gcc -Wall -O0 -g3 -c -fmessage-length=0 -MT"src/echo.o" -mcpu=cortex-a9 -mfpu=vfpv3 -mfloat-abi=hard -I../../ethernet_ps_bsp/ps7_cortexa9_0/include -MMD -MP -MF"src/echo.d" -MT"src/echo.o" -o "src/echo.o" "../src/echo.c"
../src/echo.c: In function 'recv_callback':
../src/echo.c:94:8: warning: unused variable 'idx' [-Wunused-variable]
    u32 idx = 0;
        ^~~
'Finished building: ../src/echo.c'
' '
'Building target: ethernet_ps.elf'
'Invoking: ARM v7 gcc linker'
arm-none-eabi-gcc -mcpu=cortex-a9 -mfpu=vfpv3 -mfloat-abi=hard -Wl,-build-id=none -specs=Xilinx.spec -Wl,-T -Wl,../src/lscript.ld -L../../ethernet_ps_bsp/ps7_cortexa9_0/lib -o "ethernet_ps.elf"  ./src/echo.o ./src/i2c_access.o ./src/iic_phyreset.o ./src/main.o ./src/platform.o ./src/platform_mb.o ./src/platform_ppc.o ./src/platform_zynq.o ./src/platform_zynqmp.o ./src/sfp.o ./src/si5324.o   -Wl,--start-group,-lxil,-lgcc,-lc,--end-group -Wl,--start-group,-lxil,-llwip4,-lgcc,-lc,--end-group
'Finished building target: ethernet_ps.elf'
' '
'Invoking: ARM v7 Print Size'
arm-none-eabi-size ethernet_ps.elf  |tee "ethernet_ps.elf.size"
   text	   data	    bss	    dec	    hex	filename
 124552	   3432	5364000	5491984	 53cd10	ethernet_ps.elf
'Finished building: ethernet_ps.elf.size'
' '
14:14:38 **** Auto Build of configuration Debug for project ethernet_ps ****
make pre-build main-build 
a9-linaro-pre-build-step
' '
'Building file: ../src/echo.c'
'Invoking: ARM v7 gcc compiler'
arm-none-eabi-gcc -Wall -O0 -g3 -c -fmessage-length=0 -MT"src/echo.o" -mcpu=cortex-a9 -mfpu=vfpv3 -mfloat-abi=hard -I../../ethernet_ps_bsp/ps7_cortexa9_0/include -MMD -MP -MF"src/echo.d" -MT"src/echo.o" -o "src/echo.o" "../src/echo.c"
../src/echo.c: In function 'recv_callback':
../src/echo.c:96:8: warning: unused variable 'idx' [-Wunused-variable]
    u32 idx = 0;
        ^~~
'Finished building: ../src/echo.c'
' '
'Building target: ethernet_ps.elf'
'Invoking: ARM v7 gcc linker'
arm-none-eabi-gcc -mcpu=cortex-a9 -mfpu=vfpv3 -mfloat-abi=hard -Wl,-build-id=none -specs=Xilinx.spec -Wl,-T -Wl,../src/lscript.ld -L../../ethernet_ps_bsp/ps7_cortexa9_0/lib -o "ethernet_ps.elf"  ./src/echo.o ./src/i2c_access.o ./src/iic_phyreset.o ./src/main.o ./src/platform.o ./src/platform_mb.o ./src/platform_ppc.o ./src/platform_zynq.o ./src/platform_zynqmp.o ./src/sfp.o ./src/si5324.o   -Wl,--start-group,-lxil,-lgcc,-lc,--end-group -Wl,--start-group,-lxil,-llwip4,-lgcc,-lc,--end-group
'Finished building target: ethernet_ps.elf'
' '
'Invoking: ARM v7 Print Size'
arm-none-eabi-size ethernet_ps.elf  |tee "ethernet_ps.elf.size"
   text	   data	    bss	    dec	    hex	filename
 124552	   3432	5364000	5491984	 53cd10	ethernet_ps.elf
'Finished building: ethernet_ps.elf.size'
' '
14:15:10 **** Auto Build of configuration Debug for project ethernet_ps ****
make pre-build main-build 
a9-linaro-pre-build-step
' '
'Building file: ../src/echo.c'
'Invoking: ARM v7 gcc compiler'
arm-none-eabi-gcc -Wall -O0 -g3 -c -fmessage-length=0 -MT"src/echo.o" -mcpu=cortex-a9 -mfpu=vfpv3 -mfloat-abi=hard -I../../ethernet_ps_bsp/ps7_cortexa9_0/include -MMD -MP -MF"src/echo.d" -MT"src/echo.o" -o "src/echo.o" "../src/echo.c"
../src/echo.c: In function 'recv_callback':
../src/echo.c:95:8: warning: unused variable 'idx' [-Wunused-variable]
    u32 idx = 0;
        ^~~
'Finished building: ../src/echo.c'
' '
'Building target: ethernet_ps.elf'
'Invoking: ARM v7 gcc linker'
arm-none-eabi-gcc -mcpu=cortex-a9 -mfpu=vfpv3 -mfloat-abi=hard -Wl,-build-id=none -specs=Xilinx.spec -Wl,-T -Wl,../src/lscript.ld -L../../ethernet_ps_bsp/ps7_cortexa9_0/lib -o "ethernet_ps.elf"  ./src/echo.o ./src/i2c_access.o ./src/iic_phyreset.o ./src/main.o ./src/platform.o ./src/platform_mb.o ./src/platform_ppc.o ./src/platform_zynq.o ./src/platform_zynqmp.o ./src/sfp.o ./src/si5324.o   -Wl,--start-group,-lxil,-lgcc,-lc,--end-group -Wl,--start-group,-lxil,-llwip4,-lgcc,-lc,--end-group
'Finished building target: ethernet_ps.elf'
' '
'Invoking: ARM v7 Print Size'
arm-none-eabi-size ethernet_ps.elf  |tee "ethernet_ps.elf.size"
   text	   data	    bss	    dec	    hex	filename
 124424	   3432	5364000	5491856	 53cc90	ethernet_ps.elf
'Finished building: ethernet_ps.elf.size'
' '
14:15:24 **** Incremental Build of configuration Debug for project ethernet_ps ****
make pre-build main-build 
a9-linaro-pre-build-step
' '
make: Nothing to be done for 'main-build'.
14:16:06 **** Incremental Build of configuration Debug for project ethernet_ps ****
make pre-build main-build 
a9-linaro-pre-build-step
' '
'Building file: ../src/echo.c'
'Invoking: ARM v7 gcc compiler'
arm-none-eabi-gcc -Wall -O0 -g3 -c -fmessage-length=0 -MT"src/echo.o" -mcpu=cortex-a9 -mfpu=vfpv3 -mfloat-abi=hard -I../../ethernet_ps_bsp/ps7_cortexa9_0/include -MMD -MP -MF"src/echo.d" -MT"src/echo.o" -o "src/echo.o" "../src/echo.c"
../src/echo.c: In function 'recv_callback':
../src/echo.c:80:8: warning: unused variable 'idx' [-Wunused-variable]
    u32 idx = 0;
        ^~~
'Finished building: ../src/echo.c'
' '
'Building target: ethernet_ps.elf'
'Invoking: ARM v7 gcc linker'
arm-none-eabi-gcc -mcpu=cortex-a9 -mfpu=vfpv3 -mfloat-abi=hard -Wl,-build-id=none -specs=Xilinx.spec -Wl,-T -Wl,../src/lscript.ld -L../../ethernet_ps_bsp/ps7_cortexa9_0/lib -o "ethernet_ps.elf"  ./src/echo.o ./src/i2c_access.o ./src/iic_phyreset.o ./src/main.o ./src/platform.o ./src/platform_mb.o ./src/platform_ppc.o ./src/platform_zynq.o ./src/platform_zynqmp.o ./src/sfp.o ./src/si5324.o   -Wl,--start-group,-lxil,-lgcc,-lc,--end-group -Wl,--start-group,-lxil,-llwip4,-lgcc,-lc,--end-group
'Finished building target: ethernet_ps.elf'
' '
'Invoking: ARM v7 Print Size'
arm-none-eabi-size ethernet_ps.elf  |tee "ethernet_ps.elf.size"
   text	   data	    bss	    dec	    hex	filename
 117800	   3432	5364000	5485232	 53b2b0	ethernet_ps.elf
'Finished building: ethernet_ps.elf.size'
' '
14:17:59 **** Auto Build of configuration Debug for project ethernet_ps ****
make pre-build main-build 
a9-linaro-pre-build-step
' '
'Building file: ../src/echo.c'
'Invoking: ARM v7 gcc compiler'
arm-none-eabi-gcc -Wall -O0 -g3 -c -fmessage-length=0 -MT"src/echo.o" -mcpu=cortex-a9 -mfpu=vfpv3 -mfloat-abi=hard -I../../ethernet_ps_bsp/ps7_cortexa9_0/include -MMD -MP -MF"src/echo.d" -MT"src/echo.o" -o "src/echo.o" "../src/echo.c"
../src/echo.c: In function 'recv_callback':
../src/echo.c:73:8: warning: unused variable 'idx' [-Wunused-variable]
    u32 idx = 0;
        ^~~
'Finished building: ../src/echo.c'
' '
'Building target: ethernet_ps.elf'
'Invoking: ARM v7 gcc linker'
arm-none-eabi-gcc -mcpu=cortex-a9 -mfpu=vfpv3 -mfloat-abi=hard -Wl,-build-id=none -specs=Xilinx.spec -Wl,-T -Wl,../src/lscript.ld -L../../ethernet_ps_bsp/ps7_cortexa9_0/lib -o "ethernet_ps.elf"  ./src/echo.o ./src/i2c_access.o ./src/iic_phyreset.o ./src/main.o ./src/platform.o ./src/platform_mb.o ./src/platform_ppc.o ./src/platform_zynq.o ./src/platform_zynqmp.o ./src/sfp.o ./src/si5324.o   -Wl,--start-group,-lxil,-lgcc,-lc,--end-group -Wl,--start-group,-lxil,-llwip4,-lgcc,-lc,--end-group
'Finished building target: ethernet_ps.elf'
' '
'Invoking: ARM v7 Print Size'
arm-none-eabi-size ethernet_ps.elf  |tee "ethernet_ps.elf.size"
   text	   data	    bss	    dec	    hex	filename
 117864	   3432	5364000	5485296	 53b2f0	ethernet_ps.elf
'Finished building: ethernet_ps.elf.size'
' '
14:18:51 **** Auto Build of configuration Debug for project ethernet_ps ****
make pre-build main-build 
a9-linaro-pre-build-step
' '
'Building file: ../src/echo.c'
'Invoking: ARM v7 gcc compiler'
arm-none-eabi-gcc -Wall -O0 -g3 -c -fmessage-length=0 -MT"src/echo.o" -mcpu=cortex-a9 -mfpu=vfpv3 -mfloat-abi=hard -I../../ethernet_ps_bsp/ps7_cortexa9_0/include -MMD -MP -MF"src/echo.d" -MT"src/echo.o" -o "src/echo.o" "../src/echo.c"
../src/echo.c: In function 'recv_callback':
../src/echo.c:74:8: warning: unused variable 'value' [-Wunused-variable]
    u16 value = 0;
        ^~~~~
../src/echo.c:73:8: warning: unused variable 'idx' [-Wunused-variable]
    u32 idx = 0;
        ^~~
'Finished building: ../src/echo.c'
' '
'Building target: ethernet_ps.elf'
'Invoking: ARM v7 gcc linker'
arm-none-eabi-gcc -mcpu=cortex-a9 -mfpu=vfpv3 -mfloat-abi=hard -Wl,-build-id=none -specs=Xilinx.spec -Wl,-T -Wl,../src/lscript.ld -L../../ethernet_ps_bsp/ps7_cortexa9_0/lib -o "ethernet_ps.elf"  ./src/echo.o ./src/i2c_access.o ./src/iic_phyreset.o ./src/main.o ./src/platform.o ./src/platform_mb.o ./src/platform_ppc.o ./src/platform_zynq.o ./src/platform_zynqmp.o ./src/sfp.o ./src/si5324.o   -Wl,--start-group,-lxil,-lgcc,-lc,--end-group -Wl,--start-group,-lxil,-llwip4,-lgcc,-lc,--end-group
'Finished building target: ethernet_ps.elf'
' '
'Invoking: ARM v7 Print Size'
arm-none-eabi-size ethernet_ps.elf  |tee "ethernet_ps.elf.size"
   text	   data	    bss	    dec	    hex	filename
 117864	   3432	5364000	5485296	 53b2f0	ethernet_ps.elf
'Finished building: ethernet_ps.elf.size'
' '
14:19:06 **** Auto Build of configuration Debug for project ethernet_ps ****
make pre-build main-build 
a9-linaro-pre-build-step
' '
'Building file: ../src/echo.c'
'Invoking: ARM v7 gcc compiler'
arm-none-eabi-gcc -Wall -O0 -g3 -c -fmessage-length=0 -MT"src/echo.o" -mcpu=cortex-a9 -mfpu=vfpv3 -mfloat-abi=hard -I../../ethernet_ps_bsp/ps7_cortexa9_0/include -MMD -MP -MF"src/echo.d" -MT"src/echo.o" -o "src/echo.o" "../src/echo.c"
../src/echo.c: In function 'recv_callback':
../src/echo.c:74:8: warning: unused variable 'value' [-Wunused-variable]
    u16 value = 0;
        ^~~~~
../src/echo.c:73:8: warning: unused variable 'idx' [-Wunused-variable]
    u32 idx = 0;
        ^~~
'Finished building: ../src/echo.c'
' '
'Building target: ethernet_ps.elf'
'Invoking: ARM v7 gcc linker'
arm-none-eabi-gcc -mcpu=cortex-a9 -mfpu=vfpv3 -mfloat-abi=hard -Wl,-build-id=none -specs=Xilinx.spec -Wl,-T -Wl,../src/lscript.ld -L../../ethernet_ps_bsp/ps7_cortexa9_0/lib -o "ethernet_ps.elf"  ./src/echo.o ./src/i2c_access.o ./src/iic_phyreset.o ./src/main.o ./src/platform.o ./src/platform_mb.o ./src/platform_ppc.o ./src/platform_zynq.o ./src/platform_zynqmp.o ./src/sfp.o ./src/si5324.o   -Wl,--start-group,-lxil,-lgcc,-lc,--end-group -Wl,--start-group,-lxil,-llwip4,-lgcc,-lc,--end-group
'Finished building target: ethernet_ps.elf'
' '
'Invoking: ARM v7 Print Size'
arm-none-eabi-size ethernet_ps.elf  |tee "ethernet_ps.elf.size"
   text	   data	    bss	    dec	    hex	filename
 117864	   3432	5364000	5485296	 53b2f0	ethernet_ps.elf
'Finished building: ethernet_ps.elf.size'
' '
14:19:23 **** Auto Build of configuration Debug for project ethernet_ps ****
make pre-build main-build 
a9-linaro-pre-build-step
' '
'Building file: ../src/echo.c'
'Invoking: ARM v7 gcc compiler'
arm-none-eabi-gcc -Wall -O0 -g3 -c -fmessage-length=0 -MT"src/echo.o" -mcpu=cortex-a9 -mfpu=vfpv3 -mfloat-abi=hard -I../../ethernet_ps_bsp/ps7_cortexa9_0/include -MMD -MP -MF"src/echo.d" -MT"src/echo.o" -o "src/echo.o" "../src/echo.c"
../src/echo.c: In function 'recv_callback':
../src/echo.c:74:8: warning: unused variable 'value' [-Wunused-variable]
    u16 value = 0;
        ^~~~~
../src/echo.c:73:8: warning: unused variable 'idx' [-Wunused-variable]
    u32 idx = 0;
        ^~~
'Finished building: ../src/echo.c'
' '
'Building target: ethernet_ps.elf'
'Invoking: ARM v7 gcc linker'
arm-none-eabi-gcc -mcpu=cortex-a9 -mfpu=vfpv3 -mfloat-abi=hard -Wl,-build-id=none -specs=Xilinx.spec -Wl,-T -Wl,../src/lscript.ld -L../../ethernet_ps_bsp/ps7_cortexa9_0/lib -o "ethernet_ps.elf"  ./src/echo.o ./src/i2c_access.o ./src/iic_phyreset.o ./src/main.o ./src/platform.o ./src/platform_mb.o ./src/platform_ppc.o ./src/platform_zynq.o ./src/platform_zynqmp.o ./src/sfp.o ./src/si5324.o   -Wl,--start-group,-lxil,-lgcc,-lc,--end-group -Wl,--start-group,-lxil,-llwip4,-lgcc,-lc,--end-group
'Finished building target: ethernet_ps.elf'
' '
'Invoking: ARM v7 Print Size'
arm-none-eabi-size ethernet_ps.elf  |tee "ethernet_ps.elf.size"
   text	   data	    bss	    dec	    hex	filename
 117864	   3432	5364000	5485296	 53b2f0	ethernet_ps.elf
'Finished building: ethernet_ps.elf.size'
' '
14:19:27 **** Incremental Build of configuration Debug for project ethernet_ps ****
make pre-build main-build 
a9-linaro-pre-build-step
' '
make: Nothing to be done for 'main-build'.
14:22:42 **** Incremental Build of configuration Debug for project ethernet_ps ****
make pre-build main-build 
a9-linaro-pre-build-step
' '
make: Nothing to be done for 'main-build'.
14:25:54 **** Auto Build of configuration Debug for project ethernet_ps ****
make pre-build main-build 
a9-linaro-pre-build-step
' '
'Building file: ../src/echo.c'
'Invoking: ARM v7 gcc compiler'
arm-none-eabi-gcc -Wall -O0 -g3 -c -fmessage-length=0 -MT"src/echo.o" -mcpu=cortex-a9 -mfpu=vfpv3 -mfloat-abi=hard -I../../ethernet_ps_bsp/ps7_cortexa9_0/include -MMD -MP -MF"src/echo.d" -MT"src/echo.o" -o "src/echo.o" "../src/echo.c"
../src/echo.c: In function 'recv_callback':
../src/echo.c:74:8: warning: unused variable 'value' [-Wunused-variable]
    u16 value = 0;
        ^~~~~
../src/echo.c:73:8: warning: unused variable 'idx' [-Wunused-variable]
    u32 idx = 0;
        ^~~
'Finished building: ../src/echo.c'
' '
'Building target: ethernet_ps.elf'
'Invoking: ARM v7 gcc linker'
arm-none-eabi-gcc -mcpu=cortex-a9 -mfpu=vfpv3 -mfloat-abi=hard -Wl,-build-id=none -specs=Xilinx.spec -Wl,-T -Wl,../src/lscript.ld -L../../ethernet_ps_bsp/ps7_cortexa9_0/lib -o "ethernet_ps.elf"  ./src/echo.o ./src/i2c_access.o ./src/iic_phyreset.o ./src/main.o ./src/platform.o ./src/platform_mb.o ./src/platform_ppc.o ./src/platform_zynq.o ./src/platform_zynqmp.o ./src/sfp.o ./src/si5324.o   -Wl,--start-group,-lxil,-lgcc,-lc,--end-group -Wl,--start-group,-lxil,-llwip4,-lgcc,-lc,--end-group
'Finished building target: ethernet_ps.elf'
' '
'Invoking: ARM v7 Print Size'
arm-none-eabi-size ethernet_ps.elf  |tee "ethernet_ps.elf.size"
   text	   data	    bss	    dec	    hex	filename
 117844	   3432	5364000	5485276	 53b2dc	ethernet_ps.elf
'Finished building: ethernet_ps.elf.size'
' '
14:26:00 **** Incremental Build of configuration Debug for project ethernet_ps ****
make pre-build main-build 
a9-linaro-pre-build-step
' '
make: Nothing to be done for 'main-build'.
14:28:41 **** Incremental Build of configuration Debug for project ethernet_ps ****
make pre-build main-build 
a9-linaro-pre-build-step
' '
make: Nothing to be done for 'main-build'.
14:29:57 **** Incremental Build of configuration Debug for project ethernet_ps ****
make pre-build main-build 
a9-linaro-pre-build-step
' '
make: Nothing to be done for 'main-build'.
14:32:41 **** Auto Build of configuration Debug for project ethernet_ps ****
make pre-build main-build 
a9-linaro-pre-build-step
' '
'Building file: ../src/echo.c'
'Invoking: ARM v7 gcc compiler'
arm-none-eabi-gcc -Wall -O0 -g3 -c -fmessage-length=0 -MT"src/echo.o" -mcpu=cortex-a9 -mfpu=vfpv3 -mfloat-abi=hard -I../../ethernet_ps_bsp/ps7_cortexa9_0/include -MMD -MP -MF"src/echo.d" -MT"src/echo.o" -o "src/echo.o" "../src/echo.c"
../src/echo.c: In function 'recv_callback':
../src/echo.c:74:8: warning: unused variable 'value' [-Wunused-variable]
    u16 value = 0;
        ^~~~~
../src/echo.c:73:8: warning: unused variable 'idx' [-Wunused-variable]
    u32 idx = 0;
        ^~~
'Finished building: ../src/echo.c'
' '
'Building target: ethernet_ps.elf'
'Invoking: ARM v7 gcc linker'
arm-none-eabi-gcc -mcpu=cortex-a9 -mfpu=vfpv3 -mfloat-abi=hard -Wl,-build-id=none -specs=Xilinx.spec -Wl,-T -Wl,../src/lscript.ld -L../../ethernet_ps_bsp/ps7_cortexa9_0/lib -o "ethernet_ps.elf"  ./src/echo.o ./src/i2c_access.o ./src/iic_phyreset.o ./src/main.o ./src/platform.o ./src/platform_mb.o ./src/platform_ppc.o ./src/platform_zynq.o ./src/platform_zynqmp.o ./src/sfp.o ./src/si5324.o   -Wl,--start-group,-lxil,-lgcc,-lc,--end-group -Wl,--start-group,-lxil,-llwip4,-lgcc,-lc,--end-group
'Finished building target: ethernet_ps.elf'
' '
'Invoking: ARM v7 Print Size'
arm-none-eabi-size ethernet_ps.elf  |tee "ethernet_ps.elf.size"
   text	   data	    bss	    dec	    hex	filename
 117844	   3432	5364000	5485276	 53b2dc	ethernet_ps.elf
'Finished building: ethernet_ps.elf.size'
' '
14:32:47 **** Incremental Build of configuration Debug for project ethernet_ps ****
make pre-build main-build 
a9-linaro-pre-build-step
' '
make: Nothing to be done for 'main-build'.
14:35:03 **** Auto Build of configuration Debug for project ethernet_ps ****
make pre-build main-build 
a9-linaro-pre-build-step
' '
'Building file: ../src/echo.c'
'Invoking: ARM v7 gcc compiler'
arm-none-eabi-gcc -Wall -O0 -g3 -c -fmessage-length=0 -MT"src/echo.o" -mcpu=cortex-a9 -mfpu=vfpv3 -mfloat-abi=hard -I../../ethernet_ps_bsp/ps7_cortexa9_0/include -MMD -MP -MF"src/echo.d" -MT"src/echo.o" -o "src/echo.o" "../src/echo.c"
../src/echo.c: In function 'recv_callback':
../src/echo.c:74:8: warning: unused variable 'value' [-Wunused-variable]
    u16 value = 0;
        ^~~~~
../src/echo.c:73:8: warning: unused variable 'idx' [-Wunused-variable]
    u32 idx = 0;
        ^~~
'Finished building: ../src/echo.c'
' '
'Building target: ethernet_ps.elf'
'Invoking: ARM v7 gcc linker'
arm-none-eabi-gcc -mcpu=cortex-a9 -mfpu=vfpv3 -mfloat-abi=hard -Wl,-build-id=none -specs=Xilinx.spec -Wl,-T -Wl,../src/lscript.ld -L../../ethernet_ps_bsp/ps7_cortexa9_0/lib -o "ethernet_ps.elf"  ./src/echo.o ./src/i2c_access.o ./src/iic_phyreset.o ./src/main.o ./src/platform.o ./src/platform_mb.o ./src/platform_ppc.o ./src/platform_zynq.o ./src/platform_zynqmp.o ./src/sfp.o ./src/si5324.o   -Wl,--start-group,-lxil,-lgcc,-lc,--end-group -Wl,--start-group,-lxil,-llwip4,-lgcc,-lc,--end-group
'Finished building target: ethernet_ps.elf'
' '
'Invoking: ARM v7 Print Size'
arm-none-eabi-size ethernet_ps.elf  |tee "ethernet_ps.elf.size"
   text	   data	    bss	    dec	    hex	filename
 117908	   3432	5364000	5485340	 53b31c	ethernet_ps.elf
'Finished building: ethernet_ps.elf.size'
' '
14:35:06 **** Incremental Build of configuration Debug for project ethernet_ps ****
make pre-build main-build 
a9-linaro-pre-build-step
' '
make: Nothing to be done for 'main-build'.
14:38:11 **** Auto Build of configuration Debug for project ethernet_ps ****
make pre-build main-build 
a9-linaro-pre-build-step
' '
'Building file: ../src/echo.c'
'Invoking: ARM v7 gcc compiler'
arm-none-eabi-gcc -Wall -O0 -g3 -c -fmessage-length=0 -MT"src/echo.o" -mcpu=cortex-a9 -mfpu=vfpv3 -mfloat-abi=hard -I../../ethernet_ps_bsp/ps7_cortexa9_0/include -MMD -MP -MF"src/echo.d" -MT"src/echo.o" -o "src/echo.o" "../src/echo.c"
../src/echo.c: In function 'recv_callback':
../src/echo.c:74:8: warning: unused variable 'value' [-Wunused-variable]
    u16 value = 0;
        ^~~~~
../src/echo.c:73:8: warning: unused variable 'idx' [-Wunused-variable]
    u32 idx = 0;
        ^~~
'Finished building: ../src/echo.c'
' '
'Building target: ethernet_ps.elf'
'Invoking: ARM v7 gcc linker'
arm-none-eabi-gcc -mcpu=cortex-a9 -mfpu=vfpv3 -mfloat-abi=hard -Wl,-build-id=none -specs=Xilinx.spec -Wl,-T -Wl,../src/lscript.ld -L../../ethernet_ps_bsp/ps7_cortexa9_0/lib -o "ethernet_ps.elf"  ./src/echo.o ./src/i2c_access.o ./src/iic_phyreset.o ./src/main.o ./src/platform.o ./src/platform_mb.o ./src/platform_ppc.o ./src/platform_zynq.o ./src/platform_zynqmp.o ./src/sfp.o ./src/si5324.o   -Wl,--start-group,-lxil,-lgcc,-lc,--end-group -Wl,--start-group,-lxil,-llwip4,-lgcc,-lc,--end-group
'Finished building target: ethernet_ps.elf'
' '
'Invoking: ARM v7 Print Size'
arm-none-eabi-size ethernet_ps.elf  |tee "ethernet_ps.elf.size"
   text	   data	    bss	    dec	    hex	filename
 117936	   3432	5364000	5485368	 53b338	ethernet_ps.elf
'Finished building: ethernet_ps.elf.size'
' '
14:38:19 **** Auto Build of configuration Debug for project ethernet_ps ****
make pre-build main-build 
a9-linaro-pre-build-step
' '
'Building file: ../src/echo.c'
'Invoking: ARM v7 gcc compiler'
arm-none-eabi-gcc -Wall -O0 -g3 -c -fmessage-length=0 -MT"src/echo.o" -mcpu=cortex-a9 -mfpu=vfpv3 -mfloat-abi=hard -I../../ethernet_ps_bsp/ps7_cortexa9_0/include -MMD -MP -MF"src/echo.d" -MT"src/echo.o" -o "src/echo.o" "../src/echo.c"
../src/echo.c: In function 'recv_callback':
../src/echo.c:74:8: warning: unused variable 'value' [-Wunused-variable]
    u16 value = 0;
        ^~~~~
../src/echo.c:73:8: warning: unused variable 'idx' [-Wunused-variable]
    u32 idx = 0;
        ^~~
'Finished building: ../src/echo.c'
' '
'Building target: ethernet_ps.elf'
'Invoking: ARM v7 gcc linker'
arm-none-eabi-gcc -mcpu=cortex-a9 -mfpu=vfpv3 -mfloat-abi=hard -Wl,-build-id=none -specs=Xilinx.spec -Wl,-T -Wl,../src/lscript.ld -L../../ethernet_ps_bsp/ps7_cortexa9_0/lib -o "ethernet_ps.elf"  ./src/echo.o ./src/i2c_access.o ./src/iic_phyreset.o ./src/main.o ./src/platform.o ./src/platform_mb.o ./src/platform_ppc.o ./src/platform_zynq.o ./src/platform_zynqmp.o ./src/sfp.o ./src/si5324.o   -Wl,--start-group,-lxil,-lgcc,-lc,--end-group -Wl,--start-group,-lxil,-llwip4,-lgcc,-lc,--end-group
'Finished building target: ethernet_ps.elf'
' '
'Invoking: ARM v7 Print Size'
arm-none-eabi-size ethernet_ps.elf  |tee "ethernet_ps.elf.size"
   text	   data	    bss	    dec	    hex	filename
 118000	   3432	5364000	5485432	 53b378	ethernet_ps.elf
'Finished building: ethernet_ps.elf.size'
' '
14:38:23 **** Incremental Build of configuration Debug for project ethernet_ps ****
make pre-build main-build 
a9-linaro-pre-build-step
' '
make: Nothing to be done for 'main-build'.
14:40:01 **** Auto Build of configuration Debug for project ethernet_ps ****
make pre-build main-build 
a9-linaro-pre-build-step
' '
'Building file: ../src/echo.c'
'Invoking: ARM v7 gcc compiler'
arm-none-eabi-gcc -Wall -O0 -g3 -c -fmessage-length=0 -MT"src/echo.o" -mcpu=cortex-a9 -mfpu=vfpv3 -mfloat-abi=hard -I../../ethernet_ps_bsp/ps7_cortexa9_0/include -MMD -MP -MF"src/echo.d" -MT"src/echo.o" -o "src/echo.o" "../src/echo.c"
../src/echo.c: In function 'recv_callback':
../src/echo.c:74:8: warning: unused variable 'value' [-Wunused-variable]
    u16 value = 0;
        ^~~~~
../src/echo.c:73:8: warning: unused variable 'idx' [-Wunused-variable]
    u32 idx = 0;
        ^~~
'Finished building: ../src/echo.c'
' '
'Building target: ethernet_ps.elf'
'Invoking: ARM v7 gcc linker'
arm-none-eabi-gcc -mcpu=cortex-a9 -mfpu=vfpv3 -mfloat-abi=hard -Wl,-build-id=none -specs=Xilinx.spec -Wl,-T -Wl,../src/lscript.ld -L../../ethernet_ps_bsp/ps7_cortexa9_0/lib -o "ethernet_ps.elf"  ./src/echo.o ./src/i2c_access.o ./src/iic_phyreset.o ./src/main.o ./src/platform.o ./src/platform_mb.o ./src/platform_ppc.o ./src/platform_zynq.o ./src/platform_zynqmp.o ./src/sfp.o ./src/si5324.o   -Wl,--start-group,-lxil,-lgcc,-lc,--end-group -Wl,--start-group,-lxil,-llwip4,-lgcc,-lc,--end-group
'Finished building target: ethernet_ps.elf'
' '
'Invoking: ARM v7 Print Size'
arm-none-eabi-size ethernet_ps.elf  |tee "ethernet_ps.elf.size"
   text	   data	    bss	    dec	    hex	filename
 118000	   3432	5364000	5485432	 53b378	ethernet_ps.elf
'Finished building: ethernet_ps.elf.size'
' '
14:40:04 **** Incremental Build of configuration Debug for project ethernet_ps ****
make pre-build main-build 
a9-linaro-pre-build-step
' '
make: Nothing to be done for 'main-build'.
14:41:24 **** Auto Build of configuration Debug for project ethernet_ps ****
make pre-build main-build 
a9-linaro-pre-build-step
' '
'Building file: ../src/echo.c'
'Invoking: ARM v7 gcc compiler'
arm-none-eabi-gcc -Wall -O0 -g3 -c -fmessage-length=0 -MT"src/echo.o" -mcpu=cortex-a9 -mfpu=vfpv3 -mfloat-abi=hard -I../../ethernet_ps_bsp/ps7_cortexa9_0/include -MMD -MP -MF"src/echo.d" -MT"src/echo.o" -o "src/echo.o" "../src/echo.c"
../src/echo.c: In function 'recv_callback':
../src/echo.c:74:8: warning: unused variable 'value' [-Wunused-variable]
    u16 value = 0;
        ^~~~~
../src/echo.c:73:8: warning: unused variable 'idx' [-Wunused-variable]
    u32 idx = 0;
        ^~~
'Finished building: ../src/echo.c'
' '
'Building target: ethernet_ps.elf'
'Invoking: ARM v7 gcc linker'
arm-none-eabi-gcc -mcpu=cortex-a9 -mfpu=vfpv3 -mfloat-abi=hard -Wl,-build-id=none -specs=Xilinx.spec -Wl,-T -Wl,../src/lscript.ld -L../../ethernet_ps_bsp/ps7_cortexa9_0/lib -o "ethernet_ps.elf"  ./src/echo.o ./src/i2c_access.o ./src/iic_phyreset.o ./src/main.o ./src/platform.o ./src/platform_mb.o ./src/platform_ppc.o ./src/platform_zynq.o ./src/platform_zynqmp.o ./src/sfp.o ./src/si5324.o   -Wl,--start-group,-lxil,-lgcc,-lc,--end-group -Wl,--start-group,-lxil,-llwip4,-lgcc,-lc,--end-group
'Finished building target: ethernet_ps.elf'
' '
'Invoking: ARM v7 Print Size'
arm-none-eabi-size ethernet_ps.elf  |tee "ethernet_ps.elf.size"
   text	   data	    bss	    dec	    hex	filename
 118000	   3432	5364000	5485432	 53b378	ethernet_ps.elf
'Finished building: ethernet_ps.elf.size'
' '
14:43:45 **** Auto Build of configuration Debug for project ethernet_ps ****
make pre-build main-build 
a9-linaro-pre-build-step
' '
'Building file: ../src/echo.c'
'Invoking: ARM v7 gcc compiler'
arm-none-eabi-gcc -Wall -O0 -g3 -c -fmessage-length=0 -MT"src/echo.o" -mcpu=cortex-a9 -mfpu=vfpv3 -mfloat-abi=hard -I../../ethernet_ps_bsp/ps7_cortexa9_0/include -MMD -MP -MF"src/echo.d" -MT"src/echo.o" -o "src/echo.o" "../src/echo.c"
../src/echo.c: In function 'recv_callback':
../src/echo.c:74:8: warning: unused variable 'value' [-Wunused-variable]
    u16 value = 0;
        ^~~~~
../src/echo.c:73:8: warning: unused variable 'idx' [-Wunused-variable]
    u32 idx = 0;
        ^~~
'Finished building: ../src/echo.c'
' '
'Building target: ethernet_ps.elf'
'Invoking: ARM v7 gcc linker'
arm-none-eabi-gcc -mcpu=cortex-a9 -mfpu=vfpv3 -mfloat-abi=hard -Wl,-build-id=none -specs=Xilinx.spec -Wl,-T -Wl,../src/lscript.ld -L../../ethernet_ps_bsp/ps7_cortexa9_0/lib -o "ethernet_ps.elf"  ./src/echo.o ./src/i2c_access.o ./src/iic_phyreset.o ./src/main.o ./src/platform.o ./src/platform_mb.o ./src/platform_ppc.o ./src/platform_zynq.o ./src/platform_zynqmp.o ./src/sfp.o ./src/si5324.o   -Wl,--start-group,-lxil,-lgcc,-lc,--end-group -Wl,--start-group,-lxil,-llwip4,-lgcc,-lc,--end-group
'Finished building target: ethernet_ps.elf'
' '
'Invoking: ARM v7 Print Size'
arm-none-eabi-size ethernet_ps.elf  |tee "ethernet_ps.elf.size"
   text	   data	    bss	    dec	    hex	filename
 117740	   3432	5364000	5485172	 53b274	ethernet_ps.elf
'Finished building: ethernet_ps.elf.size'
' '
14:43:50 **** Incremental Build of configuration Debug for project ethernet_ps ****
make pre-build main-build 
a9-linaro-pre-build-step
' '
make: Nothing to be done for 'main-build'.
14:44:25 **** Auto Build of configuration Debug for project ethernet_ps ****
make pre-build main-build 
a9-linaro-pre-build-step
' '
'Building file: ../src/echo.c'
'Invoking: ARM v7 gcc compiler'
arm-none-eabi-gcc -Wall -O0 -g3 -c -fmessage-length=0 -MT"src/echo.o" -mcpu=cortex-a9 -mfpu=vfpv3 -mfloat-abi=hard -I../../ethernet_ps_bsp/ps7_cortexa9_0/include -MMD -MP -MF"src/echo.d" -MT"src/echo.o" -o "src/echo.o" "../src/echo.c"
../src/echo.c: In function 'recv_callback':
../src/echo.c:74:8: warning: unused variable 'value' [-Wunused-variable]
    u16 value = 0;
        ^~~~~
../src/echo.c:73:8: warning: unused variable 'idx' [-Wunused-variable]
    u32 idx = 0;
        ^~~
'Finished building: ../src/echo.c'
' '
'Building target: ethernet_ps.elf'
'Invoking: ARM v7 gcc linker'
arm-none-eabi-gcc -mcpu=cortex-a9 -mfpu=vfpv3 -mfloat-abi=hard -Wl,-build-id=none -specs=Xilinx.spec -Wl,-T -Wl,../src/lscript.ld -L../../ethernet_ps_bsp/ps7_cortexa9_0/lib -o "ethernet_ps.elf"  ./src/echo.o ./src/i2c_access.o ./src/iic_phyreset.o ./src/main.o ./src/platform.o ./src/platform_mb.o ./src/platform_ppc.o ./src/platform_zynq.o ./src/platform_zynqmp.o ./src/sfp.o ./src/si5324.o   -Wl,--start-group,-lxil,-lgcc,-lc,--end-group -Wl,--start-group,-lxil,-llwip4,-lgcc,-lc,--end-group
'Finished building target: ethernet_ps.elf'
' '
'Invoking: ARM v7 Print Size'
arm-none-eabi-size ethernet_ps.elf  |tee "ethernet_ps.elf.size"
   text	   data	    bss	    dec	    hex	filename
 117740	   3432	5364000	5485172	 53b274	ethernet_ps.elf
'Finished building: ethernet_ps.elf.size'
' '
15:19:07 **** Auto Build of configuration Debug for project ethernet_ps ****
make pre-build main-build 
a9-linaro-pre-build-step
' '
'Building file: ../src/echo.c'
'Invoking: ARM v7 gcc compiler'
arm-none-eabi-gcc -Wall -O0 -g3 -c -fmessage-length=0 -MT"src/echo.o" -mcpu=cortex-a9 -mfpu=vfpv3 -mfloat-abi=hard -I../../ethernet_ps_bsp/ps7_cortexa9_0/include -MMD -MP -MF"src/echo.d" -MT"src/echo.o" -o "src/echo.o" "../src/echo.c"
../src/echo.c: In function 'recv_callback':
../src/echo.c:74:8: warning: unused variable 'value' [-Wunused-variable]
    u16 value = 0;
        ^~~~~
../src/echo.c:73:8: warning: unused variable 'idx' [-Wunused-variable]
    u32 idx = 0;
        ^~~
'Finished building: ../src/echo.c'
' '
'Building target: ethernet_ps.elf'
'Invoking: ARM v7 gcc linker'
arm-none-eabi-gcc -mcpu=cortex-a9 -mfpu=vfpv3 -mfloat-abi=hard -Wl,-build-id=none -specs=Xilinx.spec -Wl,-T -Wl,../src/lscript.ld -L../../ethernet_ps_bsp/ps7_cortexa9_0/lib -o "ethernet_ps.elf"  ./src/echo.o ./src/i2c_access.o ./src/iic_phyreset.o ./src/main.o ./src/platform.o ./src/platform_mb.o ./src/platform_ppc.o ./src/platform_zynq.o ./src/platform_zynqmp.o ./src/sfp.o ./src/si5324.o   -Wl,--start-group,-lxil,-lgcc,-lc,--end-group -Wl,--start-group,-lxil,-llwip4,-lgcc,-lc,--end-group
'Finished building target: ethernet_ps.elf'
' '
'Invoking: ARM v7 Print Size'
arm-none-eabi-size ethernet_ps.elf  |tee "ethernet_ps.elf.size"
   text	   data	    bss	    dec	    hex	filename
 117740	   3432	5364000	5485172	 53b274	ethernet_ps.elf
'Finished building: ethernet_ps.elf.size'
' '
15:19:10 **** Incremental Build of configuration Debug for project ethernet_ps ****
make pre-build main-build 
a9-linaro-pre-build-step
' '
make: Nothing to be done for 'main-build'.
15:20:53 **** Auto Build of configuration Debug for project ethernet_ps ****
make pre-build main-build 
a9-linaro-pre-build-step
' '
'Building file: ../src/echo.c'
'Invoking: ARM v7 gcc compiler'
arm-none-eabi-gcc -Wall -O0 -g3 -c -fmessage-length=0 -MT"src/echo.o" -mcpu=cortex-a9 -mfpu=vfpv3 -mfloat-abi=hard -I../../ethernet_ps_bsp/ps7_cortexa9_0/include -MMD -MP -MF"src/echo.d" -MT"src/echo.o" -o "src/echo.o" "../src/echo.c"
../src/echo.c: In function 'recv_callback':
../src/echo.c:74:8: warning: unused variable 'value' [-Wunused-variable]
    u16 value = 0;
        ^~~~~
../src/echo.c:73:8: warning: unused variable 'idx' [-Wunused-variable]
    u32 idx = 0;
        ^~~
'Finished building: ../src/echo.c'
' '
'Building target: ethernet_ps.elf'
'Invoking: ARM v7 gcc linker'
arm-none-eabi-gcc -mcpu=cortex-a9 -mfpu=vfpv3 -mfloat-abi=hard -Wl,-build-id=none -specs=Xilinx.spec -Wl,-T -Wl,../src/lscript.ld -L../../ethernet_ps_bsp/ps7_cortexa9_0/lib -o "ethernet_ps.elf"  ./src/echo.o ./src/i2c_access.o ./src/iic_phyreset.o ./src/main.o ./src/platform.o ./src/platform_mb.o ./src/platform_ppc.o ./src/platform_zynq.o ./src/platform_zynqmp.o ./src/sfp.o ./src/si5324.o   -Wl,--start-group,-lxil,-lgcc,-lc,--end-group -Wl,--start-group,-lxil,-llwip4,-lgcc,-lc,--end-group
'Finished building target: ethernet_ps.elf'
' '
'Invoking: ARM v7 Print Size'
arm-none-eabi-size ethernet_ps.elf  |tee "ethernet_ps.elf.size"
   text	   data	    bss	    dec	    hex	filename
 117676	   3432	5364000	5485108	 53b234	ethernet_ps.elf
'Finished building: ethernet_ps.elf.size'
' '
15:20:59 **** Incremental Build of configuration Debug for project ethernet_ps ****
make pre-build main-build 
a9-linaro-pre-build-step
' '
make: Nothing to be done for 'main-build'.
15:22:30 **** Auto Build of configuration Debug for project ethernet_ps ****
make pre-build main-build 
a9-linaro-pre-build-step
' '
'Building file: ../src/echo.c'
'Invoking: ARM v7 gcc compiler'
arm-none-eabi-gcc -Wall -O0 -g3 -c -fmessage-length=0 -MT"src/echo.o" -mcpu=cortex-a9 -mfpu=vfpv3 -mfloat-abi=hard -I../../ethernet_ps_bsp/ps7_cortexa9_0/include -MMD -MP -MF"src/echo.d" -MT"src/echo.o" -o "src/echo.o" "../src/echo.c"
../src/echo.c: In function 'recv_callback':
../src/echo.c:74:8: warning: unused variable 'value' [-Wunused-variable]
    u16 value = 0;
        ^~~~~
../src/echo.c:73:8: warning: unused variable 'idx' [-Wunused-variable]
    u32 idx = 0;
        ^~~
'Finished building: ../src/echo.c'
' '
'Building target: ethernet_ps.elf'
'Invoking: ARM v7 gcc linker'
arm-none-eabi-gcc -mcpu=cortex-a9 -mfpu=vfpv3 -mfloat-abi=hard -Wl,-build-id=none -specs=Xilinx.spec -Wl,-T -Wl,../src/lscript.ld -L../../ethernet_ps_bsp/ps7_cortexa9_0/lib -o "ethernet_ps.elf"  ./src/echo.o ./src/i2c_access.o ./src/iic_phyreset.o ./src/main.o ./src/platform.o ./src/platform_mb.o ./src/platform_ppc.o ./src/platform_zynq.o ./src/platform_zynqmp.o ./src/sfp.o ./src/si5324.o   -Wl,--start-group,-lxil,-lgcc,-lc,--end-group -Wl,--start-group,-lxil,-llwip4,-lgcc,-lc,--end-group
'Finished building target: ethernet_ps.elf'
' '
'Invoking: ARM v7 Print Size'
arm-none-eabi-size ethernet_ps.elf  |tee "ethernet_ps.elf.size"
   text	   data	    bss	    dec	    hex	filename
 117676	   3432	5364000	5485108	 53b234	ethernet_ps.elf
'Finished building: ethernet_ps.elf.size'
' '
15:22:36 **** Incremental Build of configuration Debug for project ethernet_ps ****
make pre-build main-build 
a9-linaro-pre-build-step
' '
make: Nothing to be done for 'main-build'.
15:23:58 **** Auto Build of configuration Debug for project ethernet_ps ****
make pre-build main-build 
a9-linaro-pre-build-step
' '
'Building file: ../src/echo.c'
'Invoking: ARM v7 gcc compiler'
arm-none-eabi-gcc -Wall -O0 -g3 -c -fmessage-length=0 -MT"src/echo.o" -mcpu=cortex-a9 -mfpu=vfpv3 -mfloat-abi=hard -I../../ethernet_ps_bsp/ps7_cortexa9_0/include -MMD -MP -MF"src/echo.d" -MT"src/echo.o" -o "src/echo.o" "../src/echo.c"
../src/echo.c: In function 'recv_callback':
../src/echo.c:74:8: warning: unused variable 'value' [-Wunused-variable]
    u16 value = 0;
        ^~~~~
../src/echo.c:73:8: warning: unused variable 'idx' [-Wunused-variable]
    u32 idx = 0;
        ^~~
'Finished building: ../src/echo.c'
' '
'Building target: ethernet_ps.elf'
'Invoking: ARM v7 gcc linker'
arm-none-eabi-gcc -mcpu=cortex-a9 -mfpu=vfpv3 -mfloat-abi=hard -Wl,-build-id=none -specs=Xilinx.spec -Wl,-T -Wl,../src/lscript.ld -L../../ethernet_ps_bsp/ps7_cortexa9_0/lib -o "ethernet_ps.elf"  ./src/echo.o ./src/i2c_access.o ./src/iic_phyreset.o ./src/main.o ./src/platform.o ./src/platform_mb.o ./src/platform_ppc.o ./src/platform_zynq.o ./src/platform_zynqmp.o ./src/sfp.o ./src/si5324.o   -Wl,--start-group,-lxil,-lgcc,-lc,--end-group -Wl,--start-group,-lxil,-llwip4,-lgcc,-lc,--end-group
'Finished building target: ethernet_ps.elf'
' '
'Invoking: ARM v7 Print Size'
arm-none-eabi-size ethernet_ps.elf  |tee "ethernet_ps.elf.size"
   text	   data	    bss	    dec	    hex	filename
 117676	   3432	5364000	5485108	 53b234	ethernet_ps.elf
'Finished building: ethernet_ps.elf.size'
' '
15:24:01 **** Incremental Build of configuration Debug for project ethernet_ps ****
make pre-build main-build 
a9-linaro-pre-build-step
' '
make: Nothing to be done for 'main-build'.
15:25:07 **** Auto Build of configuration Debug for project ethernet_ps ****
make pre-build main-build 
a9-linaro-pre-build-step
' '
'Building file: ../src/echo.c'
'Invoking: ARM v7 gcc compiler'
arm-none-eabi-gcc -Wall -O0 -g3 -c -fmessage-length=0 -MT"src/echo.o" -mcpu=cortex-a9 -mfpu=vfpv3 -mfloat-abi=hard -I../../ethernet_ps_bsp/ps7_cortexa9_0/include -MMD -MP -MF"src/echo.d" -MT"src/echo.o" -o "src/echo.o" "../src/echo.c"
../src/echo.c: In function 'recv_callback':
../src/echo.c:74:8: warning: unused variable 'value' [-Wunused-variable]
    u16 value = 0;
        ^~~~~
../src/echo.c:73:8: warning: unused variable 'idx' [-Wunused-variable]
    u32 idx = 0;
        ^~~
'Finished building: ../src/echo.c'
' '
'Building target: ethernet_ps.elf'
'Invoking: ARM v7 gcc linker'
arm-none-eabi-gcc -mcpu=cortex-a9 -mfpu=vfpv3 -mfloat-abi=hard -Wl,-build-id=none -specs=Xilinx.spec -Wl,-T -Wl,../src/lscript.ld -L../../ethernet_ps_bsp/ps7_cortexa9_0/lib -o "ethernet_ps.elf"  ./src/echo.o ./src/i2c_access.o ./src/iic_phyreset.o ./src/main.o ./src/platform.o ./src/platform_mb.o ./src/platform_ppc.o ./src/platform_zynq.o ./src/platform_zynqmp.o ./src/sfp.o ./src/si5324.o   -Wl,--start-group,-lxil,-lgcc,-lc,--end-group -Wl,--start-group,-lxil,-llwip4,-lgcc,-lc,--end-group
'Finished building target: ethernet_ps.elf'
' '
'Invoking: ARM v7 Print Size'
arm-none-eabi-size ethernet_ps.elf  |tee "ethernet_ps.elf.size"
   text	   data	    bss	    dec	    hex	filename
 117676	   3432	5364000	5485108	 53b234	ethernet_ps.elf
'Finished building: ethernet_ps.elf.size'
' '
15:25:11 **** Incremental Build of configuration Debug for project ethernet_ps ****
make pre-build main-build 
a9-linaro-pre-build-step
' '
make: Nothing to be done for 'main-build'.
15:25:54 **** Incremental Build of configuration Debug for project ethernet_ps ****
make pre-build main-build 
a9-linaro-pre-build-step
' '
'Building file: ../src/echo.c'
'Invoking: ARM v7 gcc compiler'
arm-none-eabi-gcc -Wall -O0 -g3 -c -fmessage-length=0 -MT"src/echo.o" -mcpu=cortex-a9 -mfpu=vfpv3 -mfloat-abi=hard -I../../ethernet_ps_bsp/ps7_cortexa9_0/include -MMD -MP -MF"src/echo.d" -MT"src/echo.o" -o "src/echo.o" "../src/echo.c"
../src/echo.c: In function 'recv_callback':
../src/echo.c:74:8: warning: unused variable 'value' [-Wunused-variable]
    u16 value = 0;
        ^~~~~
../src/echo.c:73:8: warning: unused variable 'idx' [-Wunused-variable]
    u32 idx = 0;
        ^~~
'Finished building: ../src/echo.c'
' '
'Building target: ethernet_ps.elf'
'Invoking: ARM v7 gcc linker'
arm-none-eabi-gcc -mcpu=cortex-a9 -mfpu=vfpv3 -mfloat-abi=hard -Wl,-build-id=none -specs=Xilinx.spec -Wl,-T -Wl,../src/lscript.ld -L../../ethernet_ps_bsp/ps7_cortexa9_0/lib -o "ethernet_ps.elf"  ./src/echo.o ./src/i2c_access.o ./src/iic_phyreset.o ./src/main.o ./src/platform.o ./src/platform_mb.o ./src/platform_ppc.o ./src/platform_zynq.o ./src/platform_zynqmp.o ./src/sfp.o ./src/si5324.o   -Wl,--start-group,-lxil,-lgcc,-lc,--end-group -Wl,--start-group,-lxil,-llwip4,-lgcc,-lc,--end-group
'Finished building target: ethernet_ps.elf'
' '
'Invoking: ARM v7 Print Size'
arm-none-eabi-size ethernet_ps.elf  |tee "ethernet_ps.elf.size"
   text	   data	    bss	    dec	    hex	filename
 117676	   3432	5364000	5485108	 53b234	ethernet_ps.elf
'Finished building: ethernet_ps.elf.size'
' '
15:28:35 **** Incremental Build of configuration Debug for project ethernet_ps ****
make pre-build main-build 
a9-linaro-pre-build-step
' '
make: Nothing to be done for 'main-build'.
15:32:19 **** Auto Build of configuration Debug for project ethernet_ps ****
make pre-build main-build 
a9-linaro-pre-build-step
' '
'Building file: ../src/echo.c'
'Invoking: ARM v7 gcc compiler'
arm-none-eabi-gcc -Wall -O0 -g3 -c -fmessage-length=0 -MT"src/echo.o" -mcpu=cortex-a9 -mfpu=vfpv3 -mfloat-abi=hard -I../../ethernet_ps_bsp/ps7_cortexa9_0/include -MMD -MP -MF"src/echo.d" -MT"src/echo.o" -o "src/echo.o" "../src/echo.c"
../src/echo.c: In function 'recv_callback':
../src/echo.c:74:8: warning: unused variable 'value' [-Wunused-variable]
    u16 value = 0;
        ^~~~~
../src/echo.c:73:8: warning: unused variable 'idx' [-Wunused-variable]
    u32 idx = 0;
        ^~~
'Finished building: ../src/echo.c'
' '
'Building target: ethernet_ps.elf'
'Invoking: ARM v7 gcc linker'
arm-none-eabi-gcc -mcpu=cortex-a9 -mfpu=vfpv3 -mfloat-abi=hard -Wl,-build-id=none -specs=Xilinx.spec -Wl,-T -Wl,../src/lscript.ld -L../../ethernet_ps_bsp/ps7_cortexa9_0/lib -o "ethernet_ps.elf"  ./src/echo.o ./src/i2c_access.o ./src/iic_phyreset.o ./src/main.o ./src/platform.o ./src/platform_mb.o ./src/platform_ppc.o ./src/platform_zynq.o ./src/platform_zynqmp.o ./src/sfp.o ./src/si5324.o   -Wl,--start-group,-lxil,-lgcc,-lc,--end-group -Wl,--start-group,-lxil,-llwip4,-lgcc,-lc,--end-group
'Finished building target: ethernet_ps.elf'
' '
'Invoking: ARM v7 Print Size'
arm-none-eabi-size ethernet_ps.elf  |tee "ethernet_ps.elf.size"
   text	   data	    bss	    dec	    hex	filename
 117936	   3432	5364000	5485368	 53b338	ethernet_ps.elf
'Finished building: ethernet_ps.elf.size'
' '
15:32:30 **** Incremental Build of configuration Debug for project ethernet_ps ****
make pre-build main-build 
a9-linaro-pre-build-step
' '
make: Nothing to be done for 'main-build'.
15:32:43 **** Auto Build of configuration Debug for project ethernet_ps ****
make pre-build main-build 
a9-linaro-pre-build-step
' '
'Building file: ../src/echo.c'
'Invoking: ARM v7 gcc compiler'
arm-none-eabi-gcc -Wall -O0 -g3 -c -fmessage-length=0 -MT"src/echo.o" -mcpu=cortex-a9 -mfpu=vfpv3 -mfloat-abi=hard -I../../ethernet_ps_bsp/ps7_cortexa9_0/include -MMD -MP -MF"src/echo.d" -MT"src/echo.o" -o "src/echo.o" "../src/echo.c"
../src/echo.c: In function 'recv_callback':
../src/echo.c:74:8: warning: unused variable 'value' [-Wunused-variable]
    u16 value = 0;
        ^~~~~
../src/echo.c:73:8: warning: unused variable 'idx' [-Wunused-variable]
    u32 idx = 0;
        ^~~
'Finished building: ../src/echo.c'
' '
'Building target: ethernet_ps.elf'
'Invoking: ARM v7 gcc linker'
arm-none-eabi-gcc -mcpu=cortex-a9 -mfpu=vfpv3 -mfloat-abi=hard -Wl,-build-id=none -specs=Xilinx.spec -Wl,-T -Wl,../src/lscript.ld -L../../ethernet_ps_bsp/ps7_cortexa9_0/lib -o "ethernet_ps.elf"  ./src/echo.o ./src/i2c_access.o ./src/iic_phyreset.o ./src/main.o ./src/platform.o ./src/platform_mb.o ./src/platform_ppc.o ./src/platform_zynq.o ./src/platform_zynqmp.o ./src/sfp.o ./src/si5324.o   -Wl,--start-group,-lxil,-lgcc,-lc,--end-group -Wl,--start-group,-lxil,-llwip4,-lgcc,-lc,--end-group
'Finished building target: ethernet_ps.elf'
' '
'Invoking: ARM v7 Print Size'
arm-none-eabi-size ethernet_ps.elf  |tee "ethernet_ps.elf.size"
   text	   data	    bss	    dec	    hex	filename
 117936	   3432	5364000	5485368	 53b338	ethernet_ps.elf
'Finished building: ethernet_ps.elf.size'
' '
15:32:48 **** Incremental Build of configuration Debug for project ethernet_ps ****
make pre-build main-build 
a9-linaro-pre-build-step
' '
make: Nothing to be done for 'main-build'.
15:33:59 **** Auto Build of configuration Debug for project ethernet_ps ****
make pre-build main-build 
a9-linaro-pre-build-step
' '
'Building file: ../src/echo.c'
'Invoking: ARM v7 gcc compiler'
arm-none-eabi-gcc -Wall -O0 -g3 -c -fmessage-length=0 -MT"src/echo.o" -mcpu=cortex-a9 -mfpu=vfpv3 -mfloat-abi=hard -I../../ethernet_ps_bsp/ps7_cortexa9_0/include -MMD -MP -MF"src/echo.d" -MT"src/echo.o" -o "src/echo.o" "../src/echo.c"
../src/echo.c: In function 'recv_callback':
../src/echo.c:74:8: warning: unused variable 'value' [-Wunused-variable]
    u16 value = 0;
        ^~~~~
../src/echo.c:73:8: warning: unused variable 'idx' [-Wunused-variable]
    u32 idx = 0;
        ^~~
'Finished building: ../src/echo.c'
' '
'Building target: ethernet_ps.elf'
'Invoking: ARM v7 gcc linker'
arm-none-eabi-gcc -mcpu=cortex-a9 -mfpu=vfpv3 -mfloat-abi=hard -Wl,-build-id=none -specs=Xilinx.spec -Wl,-T -Wl,../src/lscript.ld -L../../ethernet_ps_bsp/ps7_cortexa9_0/lib -o "ethernet_ps.elf"  ./src/echo.o ./src/i2c_access.o ./src/iic_phyreset.o ./src/main.o ./src/platform.o ./src/platform_mb.o ./src/platform_ppc.o ./src/platform_zynq.o ./src/platform_zynqmp.o ./src/sfp.o ./src/si5324.o   -Wl,--start-group,-lxil,-lgcc,-lc,--end-group -Wl,--start-group,-lxil,-llwip4,-lgcc,-lc,--end-group
'Finished building target: ethernet_ps.elf'
' '
'Invoking: ARM v7 Print Size'
arm-none-eabi-size ethernet_ps.elf  |tee "ethernet_ps.elf.size"
   text	   data	    bss	    dec	    hex	filename
 117936	   3432	5364000	5485368	 53b338	ethernet_ps.elf
'Finished building: ethernet_ps.elf.size'
' '
15:34:02 **** Incremental Build of configuration Debug for project ethernet_ps ****
make pre-build main-build 
a9-linaro-pre-build-step
' '
make: Nothing to be done for 'main-build'.
15:40:26 **** Auto Build of configuration Debug for project ethernet_ps ****
make pre-build main-build 
a9-linaro-pre-build-step
' '
'Building file: ../src/echo.c'
'Invoking: ARM v7 gcc compiler'
arm-none-eabi-gcc -Wall -O0 -g3 -c -fmessage-length=0 -MT"src/echo.o" -mcpu=cortex-a9 -mfpu=vfpv3 -mfloat-abi=hard -I../../ethernet_ps_bsp/ps7_cortexa9_0/include -MMD -MP -MF"src/echo.d" -MT"src/echo.o" -o "src/echo.o" "../src/echo.c"
../src/echo.c: In function 'recv_callback':
../src/echo.c:74:8: warning: unused variable 'value' [-Wunused-variable]
    u16 value = 0;
        ^~~~~
../src/echo.c:73:8: warning: unused variable 'idx' [-Wunused-variable]
    u32 idx = 0;
        ^~~
'Finished building: ../src/echo.c'
' '
'Building target: ethernet_ps.elf'
'Invoking: ARM v7 gcc linker'
arm-none-eabi-gcc -mcpu=cortex-a9 -mfpu=vfpv3 -mfloat-abi=hard -Wl,-build-id=none -specs=Xilinx.spec -Wl,-T -Wl,../src/lscript.ld -L../../ethernet_ps_bsp/ps7_cortexa9_0/lib -o "ethernet_ps.elf"  ./src/echo.o ./src/i2c_access.o ./src/iic_phyreset.o ./src/main.o ./src/platform.o ./src/platform_mb.o ./src/platform_ppc.o ./src/platform_zynq.o ./src/platform_zynqmp.o ./src/sfp.o ./src/si5324.o   -Wl,--start-group,-lxil,-lgcc,-lc,--end-group -Wl,--start-group,-lxil,-llwip4,-lgcc,-lc,--end-group
'Finished building target: ethernet_ps.elf'
' '
'Invoking: ARM v7 Print Size'
arm-none-eabi-size ethernet_ps.elf  |tee "ethernet_ps.elf.size"
   text	   data	    bss	    dec	    hex	filename
 117936	   3432	5364000	5485368	 53b338	ethernet_ps.elf
'Finished building: ethernet_ps.elf.size'
' '
08:02:07 **** Incremental Build of configuration Debug for project ethernet_ps ****
make pre-build main-build 
a9-linaro-pre-build-step
' '
make: Nothing to be done for 'main-build'.
08:04:06 **** Incremental Build of configuration Debug for project ethernet_ps ****
make pre-build main-build 
a9-linaro-pre-build-step
' '
make: Nothing to be done for 'main-build'.
08:06:07 **** Auto Build of configuration Debug for project ethernet_ps ****
make pre-build main-build 
a9-linaro-pre-build-step
' '
'Building file: ../src/echo.c'
'Invoking: ARM v7 gcc compiler'
arm-none-eabi-gcc -Wall -O0 -g3 -c -fmessage-length=0 -MT"src/echo.o" -mcpu=cortex-a9 -mfpu=vfpv3 -mfloat-abi=hard -I../../ethernet_ps_bsp/ps7_cortexa9_0/include -MMD -MP -MF"src/echo.d" -MT"src/echo.o" -o "src/echo.o" "../src/echo.c"
../src/echo.c: In function 'recv_callback':
../src/echo.c:74:8: warning: unused variable 'value' [-Wunused-variable]
    u16 value = 0;
        ^~~~~
../src/echo.c:73:8: warning: unused variable 'idx' [-Wunused-variable]
    u32 idx = 0;
        ^~~
'Finished building: ../src/echo.c'
' '
'Building target: ethernet_ps.elf'
'Invoking: ARM v7 gcc linker'
arm-none-eabi-gcc -mcpu=cortex-a9 -mfpu=vfpv3 -mfloat-abi=hard -Wl,-build-id=none -specs=Xilinx.spec -Wl,-T -Wl,../src/lscript.ld -L../../ethernet_ps_bsp/ps7_cortexa9_0/lib -o "ethernet_ps.elf"  ./src/echo.o ./src/i2c_access.o ./src/iic_phyreset.o ./src/main.o ./src/platform.o ./src/platform_mb.o ./src/platform_ppc.o ./src/platform_zynq.o ./src/platform_zynqmp.o ./src/sfp.o ./src/si5324.o   -Wl,--start-group,-lxil,-lgcc,-lc,--end-group -Wl,--start-group,-lxil,-llwip4,-lgcc,-lc,--end-group
'Finished building target: ethernet_ps.elf'
' '
'Invoking: ARM v7 Print Size'
arm-none-eabi-size ethernet_ps.elf  |tee "ethernet_ps.elf.size"
   text	   data	    bss	    dec	    hex	filename
 117936	   3432	5364000	5485368	 53b338	ethernet_ps.elf
'Finished building: ethernet_ps.elf.size'
' '
08:06:43 **** Incremental Build of configuration Debug for project ethernet_ps ****
make pre-build main-build 
a9-linaro-pre-build-step
' '
make: Nothing to be done for 'main-build'.
08:08:19 **** Incremental Build of configuration Debug for project ethernet_ps ****
make pre-build main-build 
a9-linaro-pre-build-step
' '
'Building file: ../src/echo.c'
'Invoking: ARM v7 gcc compiler'
arm-none-eabi-gcc -Wall -O0 -g3 -c -fmessage-length=0 -MT"src/echo.o" -mcpu=cortex-a9 -mfpu=vfpv3 -mfloat-abi=hard -I../../ethernet_ps_bsp/ps7_cortexa9_0/include -MMD -MP -MF"src/echo.d" -MT"src/echo.o" -o "src/echo.o" "../src/echo.c"
../src/echo.c: In function 'recv_callback':
../src/echo.c:74:7: warning: unused variable 'value' [-Wunused-variable]
   u16 value = 0;
       ^~~~~
../src/echo.c:73:7: warning: unused variable 'idx' [-Wunused-variable]
   u32 idx = 0;
       ^~~
'Finished building: ../src/echo.c'
' '
'Building target: ethernet_ps.elf'
'Invoking: ARM v7 gcc linker'
arm-none-eabi-gcc -mcpu=cortex-a9 -mfpu=vfpv3 -mfloat-abi=hard -Wl,-build-id=none -specs=Xilinx.spec -Wl,-T -Wl,../src/lscript.ld -L../../ethernet_ps_bsp/ps7_cortexa9_0/lib -o "ethernet_ps.elf"  ./src/echo.o ./src/i2c_access.o ./src/iic_phyreset.o ./src/main.o ./src/platform.o ./src/platform_mb.o ./src/platform_ppc.o ./src/platform_zynq.o ./src/platform_zynqmp.o ./src/sfp.o ./src/si5324.o   -Wl,--start-group,-lxil,-lgcc,-lc,--end-group -Wl,--start-group,-lxil,-llwip4,-lgcc,-lc,--end-group
'Finished building target: ethernet_ps.elf'
' '
'Invoking: ARM v7 Print Size'
arm-none-eabi-size ethernet_ps.elf  |tee "ethernet_ps.elf.size"
   text	   data	    bss	    dec	    hex	filename
 117936	   3432	5364000	5485368	 53b338	ethernet_ps.elf
'Finished building: ethernet_ps.elf.size'
' '
08:12:55 **** Auto Build of configuration Debug for project ethernet_ps ****
make pre-build main-build 
a9-linaro-pre-build-step
' '
'Building file: ../src/echo.c'
'Invoking: ARM v7 gcc compiler'
arm-none-eabi-gcc -Wall -O0 -g3 -c -fmessage-length=0 -MT"src/echo.o" -mcpu=cortex-a9 -mfpu=vfpv3 -mfloat-abi=hard -I../../ethernet_ps_bsp/ps7_cortexa9_0/include -MMD -MP -MF"src/echo.d" -MT"src/echo.o" -o "src/echo.o" "../src/echo.c"
../src/echo.c: In function 'recv_callback':
../src/echo.c:88:1: warning: statement with no effect [-Wunused-value]
 ""
 ^~
../src/echo.c:88:3: error: expected ';' before '}' token
 ""
   ^
   ;
    } else {
    ~
../src/echo.c:74:7: warning: unused variable 'value' [-Wunused-variable]
   u16 value = 0;
       ^~~~~
../src/echo.c:73:7: warning: unused variable 'idx' [-Wunused-variable]
   u32 idx = 0;
       ^~~
make: *** [src/subdir.mk:53: src/echo.o] Error 1
08:13:01 **** Incremental Build of configuration Debug for project ethernet_ps ****
make pre-build main-build 
a9-linaro-pre-build-step
' '
'Building file: ../src/echo.c'
'Invoking: ARM v7 gcc compiler'
arm-none-eabi-gcc -Wall -O0 -g3 -c -fmessage-length=0 -MT"src/echo.o" -mcpu=cortex-a9 -mfpu=vfpv3 -mfloat-abi=hard -I../../ethernet_ps_bsp/ps7_cortexa9_0/include -MMD -MP -MF"src/echo.d" -MT"src/echo.o" -o "src/echo.o" "../src/echo.c"
../src/echo.c: In function 'recv_callback':
../src/echo.c:88:1: warning: statement with no effect [-Wunused-value]
 ""
 ^~
../src/echo.c:88:3: error: expected ';' before '}' token
 ""
   ^
   ;
    } else {
    ~
../src/echo.c:74:7: warning: unused variable 'value' [-Wunused-variable]
   u16 value = 0;
       ^~~~~
../src/echo.c:73:7: warning: unused variable 'idx' [-Wunused-variable]
   u32 idx = 0;
       ^~~
make: *** [src/subdir.mk:53: src/echo.o] Error 1
08:13:08 **** Auto Build of configuration Debug for project ethernet_ps ****
make pre-build main-build 
a9-linaro-pre-build-step
' '
'Building file: ../src/echo.c'
'Invoking: ARM v7 gcc compiler'
arm-none-eabi-gcc -Wall -O0 -g3 -c -fmessage-length=0 -MT"src/echo.o" -mcpu=cortex-a9 -mfpu=vfpv3 -mfloat-abi=hard -I../../ethernet_ps_bsp/ps7_cortexa9_0/include -MMD -MP -MF"src/echo.d" -MT"src/echo.o" -o "src/echo.o" "../src/echo.c"
../src/echo.c: In function 'recv_callback':
../src/echo.c:74:7: warning: unused variable 'value' [-Wunused-variable]
   u16 value = 0;
       ^~~~~
../src/echo.c:73:7: warning: unused variable 'idx' [-Wunused-variable]
   u32 idx = 0;
       ^~~
'Finished building: ../src/echo.c'
' '
'Building target: ethernet_ps.elf'
'Invoking: ARM v7 gcc linker'
arm-none-eabi-gcc -mcpu=cortex-a9 -mfpu=vfpv3 -mfloat-abi=hard -Wl,-build-id=none -specs=Xilinx.spec -Wl,-T -Wl,../src/lscript.ld -L../../ethernet_ps_bsp/ps7_cortexa9_0/lib -o "ethernet_ps.elf"  ./src/echo.o ./src/i2c_access.o ./src/iic_phyreset.o ./src/main.o ./src/platform.o ./src/platform_mb.o ./src/platform_ppc.o ./src/platform_zynq.o ./src/platform_zynqmp.o ./src/sfp.o ./src/si5324.o   -Wl,--start-group,-lxil,-lgcc,-lc,--end-group -Wl,--start-group,-lxil,-llwip4,-lgcc,-lc,--end-group
'Finished building target: ethernet_ps.elf'
' '
'Invoking: ARM v7 Print Size'
arm-none-eabi-size ethernet_ps.elf  |tee "ethernet_ps.elf.size"
   text	   data	    bss	    dec	    hex	filename
 117936	   3432	5364000	5485368	 53b338	ethernet_ps.elf
'Finished building: ethernet_ps.elf.size'
' '
08:13:18 **** Incremental Build of configuration Debug for project ethernet_ps ****
make pre-build main-build 
a9-linaro-pre-build-step
' '
make: Nothing to be done for 'main-build'.
08:14:48 **** Auto Build of configuration Debug for project ethernet_ps ****
make pre-build main-build 
a9-linaro-pre-build-step
' '
'Building file: ../src/echo.c'
'Invoking: ARM v7 gcc compiler'
arm-none-eabi-gcc -Wall -O0 -g3 -c -fmessage-length=0 -MT"src/echo.o" -mcpu=cortex-a9 -mfpu=vfpv3 -mfloat-abi=hard -I../../ethernet_ps_bsp/ps7_cortexa9_0/include -MMD -MP -MF"src/echo.d" -MT"src/echo.o" -o "src/echo.o" "../src/echo.c"
../src/echo.c: In function 'recv_callback':
../src/echo.c:74:7: warning: unused variable 'value' [-Wunused-variable]
   u16 value = 0;
       ^~~~~
../src/echo.c:73:7: warning: unused variable 'idx' [-Wunused-variable]
   u32 idx = 0;
       ^~~
'Finished building: ../src/echo.c'
' '
'Building target: ethernet_ps.elf'
'Invoking: ARM v7 gcc linker'
arm-none-eabi-gcc -mcpu=cortex-a9 -mfpu=vfpv3 -mfloat-abi=hard -Wl,-build-id=none -specs=Xilinx.spec -Wl,-T -Wl,../src/lscript.ld -L../../ethernet_ps_bsp/ps7_cortexa9_0/lib -o "ethernet_ps.elf"  ./src/echo.o ./src/i2c_access.o ./src/iic_phyreset.o ./src/main.o ./src/platform.o ./src/platform_mb.o ./src/platform_ppc.o ./src/platform_zynq.o ./src/platform_zynqmp.o ./src/sfp.o ./src/si5324.o   -Wl,--start-group,-lxil,-lgcc,-lc,--end-group -Wl,--start-group,-lxil,-llwip4,-lgcc,-lc,--end-group
'Finished building target: ethernet_ps.elf'
' '
'Invoking: ARM v7 Print Size'
arm-none-eabi-size ethernet_ps.elf  |tee "ethernet_ps.elf.size"
   text	   data	    bss	    dec	    hex	filename
 117936	   3432	5364000	5485368	 53b338	ethernet_ps.elf
'Finished building: ethernet_ps.elf.size'
' '
08:14:51 **** Incremental Build of configuration Debug for project ethernet_ps ****
make pre-build main-build 
a9-linaro-pre-build-step
' '
make: Nothing to be done for 'main-build'.
08:24:12 **** Auto Build of configuration Debug for project ethernet_ps ****
make pre-build main-build 
a9-linaro-pre-build-step
' '
'Building file: ../src/echo.c'
'Invoking: ARM v7 gcc compiler'
arm-none-eabi-gcc -Wall -O0 -g3 -c -fmessage-length=0 -MT"src/echo.o" -mcpu=cortex-a9 -mfpu=vfpv3 -mfloat-abi=hard -I../../ethernet_ps_bsp/ps7_cortexa9_0/include -MMD -MP -MF"src/echo.d" -MT"src/echo.o" -o "src/echo.o" "../src/echo.c"
../src/echo.c: In function 'recv_callback':
../src/echo.c:74:7: warning: unused variable 'value' [-Wunused-variable]
   u16 value = 0;
       ^~~~~
../src/echo.c:73:7: warning: unused variable 'idx' [-Wunused-variable]
   u32 idx = 0;
       ^~~
'Finished building: ../src/echo.c'
' '
'Building target: ethernet_ps.elf'
'Invoking: ARM v7 gcc linker'
arm-none-eabi-gcc -mcpu=cortex-a9 -mfpu=vfpv3 -mfloat-abi=hard -Wl,-build-id=none -specs=Xilinx.spec -Wl,-T -Wl,../src/lscript.ld -L../../ethernet_ps_bsp/ps7_cortexa9_0/lib -o "ethernet_ps.elf"  ./src/echo.o ./src/i2c_access.o ./src/iic_phyreset.o ./src/main.o ./src/platform.o ./src/platform_mb.o ./src/platform_ppc.o ./src/platform_zynq.o ./src/platform_zynqmp.o ./src/sfp.o ./src/si5324.o   -Wl,--start-group,-lxil,-lgcc,-lc,--end-group -Wl,--start-group,-lxil,-llwip4,-lgcc,-lc,--end-group
'Finished building target: ethernet_ps.elf'
' '
'Invoking: ARM v7 Print Size'
arm-none-eabi-size ethernet_ps.elf  |tee "ethernet_ps.elf.size"
   text	   data	    bss	    dec	    hex	filename
 118000	   3432	5364000	5485432	 53b378	ethernet_ps.elf
'Finished building: ethernet_ps.elf.size'
' '
08:24:30 **** Auto Build of configuration Debug for project ethernet_ps ****
make pre-build main-build 
a9-linaro-pre-build-step
' '
'Building file: ../src/echo.c'
'Invoking: ARM v7 gcc compiler'
arm-none-eabi-gcc -Wall -O0 -g3 -c -fmessage-length=0 -MT"src/echo.o" -mcpu=cortex-a9 -mfpu=vfpv3 -mfloat-abi=hard -I../../ethernet_ps_bsp/ps7_cortexa9_0/include -MMD -MP -MF"src/echo.d" -MT"src/echo.o" -o "src/echo.o" "../src/echo.c"
../src/echo.c: In function 'recv_callback':
../src/echo.c:74:7: warning: unused variable 'value' [-Wunused-variable]
   u16 value = 0;
       ^~~~~
../src/echo.c:73:7: warning: unused variable 'idx' [-Wunused-variable]
   u32 idx = 0;
       ^~~
'Finished building: ../src/echo.c'
' '
'Building target: ethernet_ps.elf'
'Invoking: ARM v7 gcc linker'
arm-none-eabi-gcc -mcpu=cortex-a9 -mfpu=vfpv3 -mfloat-abi=hard -Wl,-build-id=none -specs=Xilinx.spec -Wl,-T -Wl,../src/lscript.ld -L../../ethernet_ps_bsp/ps7_cortexa9_0/lib -o "ethernet_ps.elf"  ./src/echo.o ./src/i2c_access.o ./src/iic_phyreset.o ./src/main.o ./src/platform.o ./src/platform_mb.o ./src/platform_ppc.o ./src/platform_zynq.o ./src/platform_zynqmp.o ./src/sfp.o ./src/si5324.o   -Wl,--start-group,-lxil,-lgcc,-lc,--end-group -Wl,--start-group,-lxil,-llwip4,-lgcc,-lc,--end-group
'Finished building target: ethernet_ps.elf'
' '
'Invoking: ARM v7 Print Size'
arm-none-eabi-size ethernet_ps.elf  |tee "ethernet_ps.elf.size"
   text	   data	    bss	    dec	    hex	filename
 118000	   3432	5364000	5485432	 53b378	ethernet_ps.elf
'Finished building: ethernet_ps.elf.size'
' '
08:25:08 **** Auto Build of configuration Debug for project ethernet_ps ****
make pre-build main-build 
a9-linaro-pre-build-step
' '
'Building file: ../src/echo.c'
'Invoking: ARM v7 gcc compiler'
arm-none-eabi-gcc -Wall -O0 -g3 -c -fmessage-length=0 -MT"src/echo.o" -mcpu=cortex-a9 -mfpu=vfpv3 -mfloat-abi=hard -I../../ethernet_ps_bsp/ps7_cortexa9_0/include -MMD -MP -MF"src/echo.d" -MT"src/echo.o" -o "src/echo.o" "../src/echo.c"
../src/echo.c: In function 'recv_callback':
../src/echo.c:74:7: warning: unused variable 'value' [-Wunused-variable]
   u16 value = 0;
       ^~~~~
../src/echo.c:73:7: warning: unused variable 'idx' [-Wunused-variable]
   u32 idx = 0;
       ^~~
'Finished building: ../src/echo.c'
' '
'Building target: ethernet_ps.elf'
'Invoking: ARM v7 gcc linker'
arm-none-eabi-gcc -mcpu=cortex-a9 -mfpu=vfpv3 -mfloat-abi=hard -Wl,-build-id=none -specs=Xilinx.spec -Wl,-T -Wl,../src/lscript.ld -L../../ethernet_ps_bsp/ps7_cortexa9_0/lib -o "ethernet_ps.elf"  ./src/echo.o ./src/i2c_access.o ./src/iic_phyreset.o ./src/main.o ./src/platform.o ./src/platform_mb.o ./src/platform_ppc.o ./src/platform_zynq.o ./src/platform_zynqmp.o ./src/sfp.o ./src/si5324.o   -Wl,--start-group,-lxil,-lgcc,-lc,--end-group -Wl,--start-group,-lxil,-llwip4,-lgcc,-lc,--end-group
'Finished building target: ethernet_ps.elf'
' '
'Invoking: ARM v7 Print Size'
arm-none-eabi-size ethernet_ps.elf  |tee "ethernet_ps.elf.size"
   text	   data	    bss	    dec	    hex	filename
 118008	   3432	5364000	5485440	 53b380	ethernet_ps.elf
'Finished building: ethernet_ps.elf.size'
' '
08:25:12 **** Incremental Build of configuration Debug for project ethernet_ps ****
make pre-build main-build 
a9-linaro-pre-build-step
' '
make: Nothing to be done for 'main-build'.
08:32:46 **** Auto Build of configuration Debug for project ethernet_ps ****
make pre-build main-build 
a9-linaro-pre-build-step
' '
'Building file: ../src/echo.c'
'Invoking: ARM v7 gcc compiler'
arm-none-eabi-gcc -Wall -O0 -g3 -c -fmessage-length=0 -MT"src/echo.o" -mcpu=cortex-a9 -mfpu=vfpv3 -mfloat-abi=hard -I../../ethernet_ps_bsp/ps7_cortexa9_0/include -MMD -MP -MF"src/echo.d" -MT"src/echo.o" -o "src/echo.o" "../src/echo.c"
'Finished building: ../src/echo.c'
' '
'Building target: ethernet_ps.elf'
'Invoking: ARM v7 gcc linker'
arm-none-eabi-gcc -mcpu=cortex-a9 -mfpu=vfpv3 -mfloat-abi=hard -Wl,-build-id=none -specs=Xilinx.spec -Wl,-T -Wl,../src/lscript.ld -L../../ethernet_ps_bsp/ps7_cortexa9_0/lib -o "ethernet_ps.elf"  ./src/echo.o ./src/i2c_access.o ./src/iic_phyreset.o ./src/main.o ./src/platform.o ./src/platform_mb.o ./src/platform_ppc.o ./src/platform_zynq.o ./src/platform_zynqmp.o ./src/sfp.o ./src/si5324.o   -Wl,--start-group,-lxil,-lgcc,-lc,--end-group -Wl,--start-group,-lxil,-llwip4,-lgcc,-lc,--end-group
'Finished building target: ethernet_ps.elf'
' '
'Invoking: ARM v7 Print Size'
arm-none-eabi-size ethernet_ps.elf  |tee "ethernet_ps.elf.size"
   text	   data	    bss	    dec	    hex	filename
 118008	   3432	5364000	5485440	 53b380	ethernet_ps.elf
'Finished building: ethernet_ps.elf.size'
' '
08:32:54 **** Incremental Build of configuration Debug for project ethernet_ps ****
make pre-build main-build 
a9-linaro-pre-build-step
' '
make: Nothing to be done for 'main-build'.
08:33:47 **** Incremental Build of configuration Debug for project ethernet_ps ****
make pre-build main-build 
a9-linaro-pre-build-step
' '
make: Nothing to be done for 'main-build'.
08:34:46 **** Incremental Build of configuration Debug for project ethernet_ps ****
make pre-build main-build 
a9-linaro-pre-build-step
' '
make: Nothing to be done for 'main-build'.
08:40:00 **** Auto Build of configuration Debug for project ethernet_ps ****
make pre-build main-build 
a9-linaro-pre-build-step
' '
'Building file: ../src/echo.c'
'Invoking: ARM v7 gcc compiler'
arm-none-eabi-gcc -Wall -O0 -g3 -c -fmessage-length=0 -MT"src/echo.o" -mcpu=cortex-a9 -mfpu=vfpv3 -mfloat-abi=hard -I../../ethernet_ps_bsp/ps7_cortexa9_0/include -MMD -MP -MF"src/echo.d" -MT"src/echo.o" -o "src/echo.o" "../src/echo.c"
'Finished building: ../src/echo.c'
' '
'Building target: ethernet_ps.elf'
'Invoking: ARM v7 gcc linker'
arm-none-eabi-gcc -mcpu=cortex-a9 -mfpu=vfpv3 -mfloat-abi=hard -Wl,-build-id=none -specs=Xilinx.spec -Wl,-T -Wl,../src/lscript.ld -L../../ethernet_ps_bsp/ps7_cortexa9_0/lib -o "ethernet_ps.elf"  ./src/echo.o ./src/i2c_access.o ./src/iic_phyreset.o ./src/main.o ./src/platform.o ./src/platform_mb.o ./src/platform_ppc.o ./src/platform_zynq.o ./src/platform_zynqmp.o ./src/sfp.o ./src/si5324.o   -Wl,--start-group,-lxil,-lgcc,-lc,--end-group -Wl,--start-group,-lxil,-llwip4,-lgcc,-lc,--end-group
'Finished building target: ethernet_ps.elf'
' '
'Invoking: ARM v7 Print Size'
arm-none-eabi-size ethernet_ps.elf  |tee "ethernet_ps.elf.size"
   text	   data	    bss	    dec	    hex	filename
 118008	   3432	5364000	5485440	 53b380	ethernet_ps.elf
'Finished building: ethernet_ps.elf.size'
' '
08:42:38 **** Auto Build of configuration Debug for project ethernet_ps ****
make pre-build main-build 
a9-linaro-pre-build-step
' '
'Building file: ../src/echo.c'
'Invoking: ARM v7 gcc compiler'
arm-none-eabi-gcc -Wall -O0 -g3 -c -fmessage-length=0 -MT"src/echo.o" -mcpu=cortex-a9 -mfpu=vfpv3 -mfloat-abi=hard -I../../ethernet_ps_bsp/ps7_cortexa9_0/include -MMD -MP -MF"src/echo.d" -MT"src/echo.o" -o "src/echo.o" "../src/echo.c"
'Finished building: ../src/echo.c'
' '
'Building target: ethernet_ps.elf'
'Invoking: ARM v7 gcc linker'
arm-none-eabi-gcc -mcpu=cortex-a9 -mfpu=vfpv3 -mfloat-abi=hard -Wl,-build-id=none -specs=Xilinx.spec -Wl,-T -Wl,../src/lscript.ld -L../../ethernet_ps_bsp/ps7_cortexa9_0/lib -o "ethernet_ps.elf"  ./src/echo.o ./src/i2c_access.o ./src/iic_phyreset.o ./src/main.o ./src/platform.o ./src/platform_mb.o ./src/platform_ppc.o ./src/platform_zynq.o ./src/platform_zynqmp.o ./src/sfp.o ./src/si5324.o   -Wl,--start-group,-lxil,-lgcc,-lc,--end-group -Wl,--start-group,-lxil,-llwip4,-lgcc,-lc,--end-group
'Finished building target: ethernet_ps.elf'
' '
'Invoking: ARM v7 Print Size'
arm-none-eabi-size ethernet_ps.elf  |tee "ethernet_ps.elf.size"
   text	   data	    bss	    dec	    hex	filename
 118008	   3432	5364000	5485440	 53b380	ethernet_ps.elf
'Finished building: ethernet_ps.elf.size'
' '
08:42:51 **** Incremental Build of configuration Debug for project ethernet_ps ****
make pre-build main-build 
a9-linaro-pre-build-step
' '
make: Nothing to be done for 'main-build'.
08:45:25 **** Auto Build of configuration Debug for project ethernet_ps ****
make pre-build main-build 
a9-linaro-pre-build-step
' '
'Building file: ../src/echo.c'
'Invoking: ARM v7 gcc compiler'
arm-none-eabi-gcc -Wall -O0 -g3 -c -fmessage-length=0 -MT"src/echo.o" -mcpu=cortex-a9 -mfpu=vfpv3 -mfloat-abi=hard -I../../ethernet_ps_bsp/ps7_cortexa9_0/include -MMD -MP -MF"src/echo.d" -MT"src/echo.o" -o "src/echo.o" "../src/echo.c"
'Finished building: ../src/echo.c'
' '
'Building target: ethernet_ps.elf'
'Invoking: ARM v7 gcc linker'
arm-none-eabi-gcc -mcpu=cortex-a9 -mfpu=vfpv3 -mfloat-abi=hard -Wl,-build-id=none -specs=Xilinx.spec -Wl,-T -Wl,../src/lscript.ld -L../../ethernet_ps_bsp/ps7_cortexa9_0/lib -o "ethernet_ps.elf"  ./src/echo.o ./src/i2c_access.o ./src/iic_phyreset.o ./src/main.o ./src/platform.o ./src/platform_mb.o ./src/platform_ppc.o ./src/platform_zynq.o ./src/platform_zynqmp.o ./src/sfp.o ./src/si5324.o   -Wl,--start-group,-lxil,-lgcc,-lc,--end-group -Wl,--start-group,-lxil,-llwip4,-lgcc,-lc,--end-group
'Finished building target: ethernet_ps.elf'
' '
'Invoking: ARM v7 Print Size'
arm-none-eabi-size ethernet_ps.elf  |tee "ethernet_ps.elf.size"
   text	   data	    bss	    dec	    hex	filename
 118012	   3432	5364000	5485444	 53b384	ethernet_ps.elf
'Finished building: ethernet_ps.elf.size'
' '
08:45:31 **** Incremental Build of configuration Debug for project ethernet_ps ****
make pre-build main-build 
a9-linaro-pre-build-step
' '
make: Nothing to be done for 'main-build'.
08:49:38 **** Auto Build of configuration Debug for project ethernet_ps ****
make pre-build main-build 
a9-linaro-pre-build-step
' '
'Building file: ../src/echo.c'
'Invoking: ARM v7 gcc compiler'
arm-none-eabi-gcc -Wall -O0 -g3 -c -fmessage-length=0 -MT"src/echo.o" -mcpu=cortex-a9 -mfpu=vfpv3 -mfloat-abi=hard -I../../ethernet_ps_bsp/ps7_cortexa9_0/include -MMD -MP -MF"src/echo.d" -MT"src/echo.o" -o "src/echo.o" "../src/echo.c"
../src/echo.c: In function 'recv_callback':
../src/echo.c:73:7: warning: variable 'send_len' set but not used [-Wunused-but-set-variable]
   u16 send_len = 0;
       ^~~~~~~~
'Finished building: ../src/echo.c'
' '
'Building target: ethernet_ps.elf'
'Invoking: ARM v7 gcc linker'
arm-none-eabi-gcc -mcpu=cortex-a9 -mfpu=vfpv3 -mfloat-abi=hard -Wl,-build-id=none -specs=Xilinx.spec -Wl,-T -Wl,../src/lscript.ld -L../../ethernet_ps_bsp/ps7_cortexa9_0/lib -o "ethernet_ps.elf"  ./src/echo.o ./src/i2c_access.o ./src/iic_phyreset.o ./src/main.o ./src/platform.o ./src/platform_mb.o ./src/platform_ppc.o ./src/platform_zynq.o ./src/platform_zynqmp.o ./src/sfp.o ./src/si5324.o   -Wl,--start-group,-lxil,-lgcc,-lc,--end-group -Wl,--start-group,-lxil,-llwip4,-lgcc,-lc,--end-group
'Finished building target: ethernet_ps.elf'
' '
'Invoking: ARM v7 Print Size'
arm-none-eabi-size ethernet_ps.elf  |tee "ethernet_ps.elf.size"
   text	   data	    bss	    dec	    hex	filename
 118012	   3432	5364000	5485444	 53b384	ethernet_ps.elf
'Finished building: ethernet_ps.elf.size'
' '
08:49:45 **** Incremental Build of configuration Debug for project ethernet_ps ****
make pre-build main-build 
a9-linaro-pre-build-step
' '
make: Nothing to be done for 'main-build'.
09:24:58 **** Auto Build of configuration Debug for project ethernet_ps ****
make pre-build main-build 
a9-linaro-pre-build-step
' '
'Building file: ../src/echo.c'
'Invoking: ARM v7 gcc compiler'
arm-none-eabi-gcc -Wall -O0 -g3 -c -fmessage-length=0 -MT"src/echo.o" -mcpu=cortex-a9 -mfpu=vfpv3 -mfloat-abi=hard -I../../ethernet_ps_bsp/ps7_cortexa9_0/include -MMD -MP -MF"src/echo.d" -MT"src/echo.o" -o "src/echo.o" "../src/echo.c"
../src/echo.c: In function 'recv_callback':
../src/echo.c:73:7: warning: unused variable 'send_len' [-Wunused-variable]
   u16 send_len = 0;
       ^~~~~~~~
'Finished building: ../src/echo.c'
' '
'Building target: ethernet_ps.elf'
'Invoking: ARM v7 gcc linker'
arm-none-eabi-gcc -mcpu=cortex-a9 -mfpu=vfpv3 -mfloat-abi=hard -Wl,-build-id=none -specs=Xilinx.spec -Wl,-T -Wl,../src/lscript.ld -L../../ethernet_ps_bsp/ps7_cortexa9_0/lib -o "ethernet_ps.elf"  ./src/echo.o ./src/i2c_access.o ./src/iic_phyreset.o ./src/main.o ./src/platform.o ./src/platform_mb.o ./src/platform_ppc.o ./src/platform_zynq.o ./src/platform_zynqmp.o ./src/sfp.o ./src/si5324.o   -Wl,--start-group,-lxil,-lgcc,-lc,--end-group -Wl,--start-group,-lxil,-llwip4,-lgcc,-lc,--end-group
'Finished building target: ethernet_ps.elf'
' '
'Invoking: ARM v7 Print Size'
arm-none-eabi-size ethernet_ps.elf  |tee "ethernet_ps.elf.size"
   text	   data	    bss	    dec	    hex	filename
 117948	   3432	5364000	5485380	 53b344	ethernet_ps.elf
'Finished building: ethernet_ps.elf.size'
' '
09:25:04 **** Incremental Build of configuration Debug for project ethernet_ps ****
make pre-build main-build 
a9-linaro-pre-build-step
' '
make: Nothing to be done for 'main-build'.
