#-----------------------------------------------------------
# Vivado v2019.1 (64-bit)
# SW Build 2552052 on Fri May 24 14:49:42 MDT 2019
# IP Build 2548770 on Fri May 24 18:01:18 MDT 2019
# Start of session at: Thu Apr  2 09:18:31 2026
# Process ID: 31536
# Current directory: D:/Vivado_Projects/Zynq_Workspace
# Command line: vivado.exe -gui_launcher_event rodinguilauncherevent25080 D:\Vivado_Projects\Zynq_Workspace\Zynq_Workspace.xpr
# Log file: D:/Vivado_Projects/Zynq_Workspace/vivado.log
# Journal file: D:/Vivado_Projects/Zynq_Workspace\vivado.jou
#-----------------------------------------------------------
start_gui
open_project D:/Vivado_Projects/Zynq_Workspace/Zynq_Workspace.xpr
Scanning sources...
Finished scanning sources
INFO: [IP_Flow 19-234] Refreshing IP repositories
INFO: [IP_Flow 19-1700] Loaded user IP repository 'd:/Vivado_Projects/ip_repo/custom_timer_ip/custom_timer_ip_1.0'.
INFO: [IP_Flow 19-2313] Loaded Vivado IP repository 'D:/Xilinx/Vivado/2019.1/data/ip'.
open_project: Time (s): cpu = 00:00:23 ; elapsed = 00:00:14 . Memory (MB): peak = 998.098 ; gain = 314.266
exit
INFO: [Common 17-206] Exiting Vivado at Thu Apr  2 09:19:07 2026...
