
*** Running vivado
    with args -log top.vds -m64 -product Vivado -mode batch -messageDb vivado.pb -notrace -source top.tcl



****** Vivado v2024.1.1 (64-bit)
  **** SW Build 5094488 on Fri Jun 14 08:59:21 MDT 2024
  **** IP Build 5091682 on Fri Jun 14 16:55:04 MDT 2024
  **** SharedData Build 5094118 on Fri Jun 14 01:09:43 MDT 2024
  **** Start of session at: Thu Sep  4 22:45:46 2025
    ** Copyright 1986-2022 Xilinx, Inc. All Rights Reserved.
    ** Copyright 2022-2024 Advanced Micro Devices, Inc. All Rights Reserved.

source top.tcl -notrace
create_project: Time (s): cpu = 00:00:10 ; elapsed = 00:00:11 . Memory (MB): peak = 554.949 ; gain = 239.566
Command: read_checkpoint -auto_incremental -incremental C:/Vivado_Project/VHDL_Dersleri/fifo/fifo/fifo.srcs/utils_1/imports/synth_1/top.dcp
INFO: [Vivado 12-5825] Read reference checkpoint from C:/Vivado_Project/VHDL_Dersleri/fifo/fifo/fifo.srcs/utils_1/imports/synth_1/top.dcp for incremental synthesis
INFO: [Vivado 12-7989] Please ensure there are no constraint changes
Command: synth_design -top top -part xc7a35tcpg236-1
Starting synth_design
Attempting to get a license for feature 'Synthesis' and/or device 'xc7a35t'
INFO: [Common 17-349] Got license for feature 'Synthesis' and/or device 'xc7a35t'
INFO: [Designutils 20-5440] No compile time benefit to using incremental synthesis; A full resynthesis will be run
INFO: [Designutils 20-4379] Flow is switching to default flow due to incremental criteria not met. If you would like to alter this behaviour and have the flow terminate instead, please set the following parameter config_implementation {autoIncr.Synth.RejectBehavior Terminate}
INFO: [Synth 8-7079] Multithreading enabled for synth_design using a maximum of 2 processes.
INFO: [Synth 8-7078] Launching helper process for spawning children vivado processes
INFO: [Synth 8-7075] Helper process launched with PID 21852
---------------------------------------------------------------------------------
Starting Synthesize : Time (s): cpu = 00:00:05 ; elapsed = 00:00:05 . Memory (MB): peak = 1013.336 ; gain = 447.324
---------------------------------------------------------------------------------
INFO: [Synth 8-6157] synthesizing module 'top' [C:/Vivado_Project/VHDL_Dersleri/fifo/fifo/fifo.srcs/sources_1/new/top.v:1]
INFO: [Synth 8-155] case statement is not full and has no default [C:/Vivado_Project/VHDL_Dersleri/fifo/fifo/fifo.srcs/sources_1/new/top.v:38]
INFO: [Synth 8-155] case statement is not full and has no default [C:/Vivado_Project/VHDL_Dersleri/fifo/fifo/fifo.srcs/sources_1/new/top.v:53]
INFO: [Synth 8-6155] done synthesizing module 'top' (0#1) [C:/Vivado_Project/VHDL_Dersleri/fifo/fifo/fifo.srcs/sources_1/new/top.v:1]
---------------------------------------------------------------------------------
Finished Synthesize : Time (s): cpu = 00:00:06 ; elapsed = 00:00:07 . Memory (MB): peak = 1122.215 ; gain = 556.203
---------------------------------------------------------------------------------
---------------------------------------------------------------------------------
Finished Constraint Validation : Time (s): cpu = 00:00:07 ; elapsed = 00:00:07 . Memory (MB): peak = 1122.215 ; gain = 556.203
---------------------------------------------------------------------------------
---------------------------------------------------------------------------------
Start Loading Part and Timing Information
---------------------------------------------------------------------------------
Loading part: xc7a35tcpg236-1
---------------------------------------------------------------------------------
Finished Loading Part and Timing Information : Time (s): cpu = 00:00:07 ; elapsed = 00:00:07 . Memory (MB): peak = 1122.215 ; gain = 556.203
---------------------------------------------------------------------------------
INFO: [Device 21-403] Loading part xc7a35tcpg236-1
WARNING: [Synth 8-327] inferring latch for variable 'state_wr_reg' [C:/Vivado_Project/VHDL_Dersleri/fifo/fifo/fifo.srcs/sources_1/new/top.v:38]
WARNING: [Synth 8-327] inferring latch for variable 'state_rd_reg' [C:/Vivado_Project/VHDL_Dersleri/fifo/fifo/fifo.srcs/sources_1/new/top.v:53]
---------------------------------------------------------------------------------
Finished RTL Optimization Phase 2 : Time (s): cpu = 00:00:07 ; elapsed = 00:00:07 . Memory (MB): peak = 1122.215 ; gain = 556.203
---------------------------------------------------------------------------------
No constraint files found.
---------------------------------------------------------------------------------
Start RTL Component Statistics 
---------------------------------------------------------------------------------
Detailed RTL Component Info : 
+---Adders : 
	   2 Input   32 Bit       Adders := 2     
	   2 Input    5 Bit       Adders := 1     
+---Registers : 
	                8 Bit    Registers := 1     
	                5 Bit    Registers := 1     
	                1 Bit    Registers := 1     
+---RAMs : 
	              256 Bit	(32 X 8 bit)          RAMs := 1     
+---Muxes : 
	   2 Input    4 Bit        Muxes := 6     
	   2 Input    2 Bit        Muxes := 2     
	   2 Input    1 Bit        Muxes := 8     
---------------------------------------------------------------------------------
Finished RTL Component Statistics 
---------------------------------------------------------------------------------
---------------------------------------------------------------------------------
Start Part Resource Summary
---------------------------------------------------------------------------------
INFO: [Device 21-9227] Part: xc7a35tcpg236-1 does not have CEAM library.
Part Resources:
DSPs: 90 (col length:60)
BRAMs: 100 (col length: RAMB18 60 RAMB36 30)
---------------------------------------------------------------------------------
Finished Part Resource Summary
---------------------------------------------------------------------------------
No constraint files found.
---------------------------------------------------------------------------------
Start Cross Boundary and Area Optimization
---------------------------------------------------------------------------------
WARNING: [Synth 8-7080] Parallel synthesis criteria is not met
INFO: [Synth 8-3971] The signal "top/fifo_reg" was recognized as a true dual port RAM template.
CRITICAL WARNING: [Synth 8-6859] multi-driven net on pin Q with 1st driver pin 'state_wr_reg[3]/Q' [C:/Vivado_Project/VHDL_Dersleri/fifo/fifo/fifo.srcs/sources_1/new/top.v:69]
CRITICAL WARNING: [Synth 8-6859] multi-driven net on pin Q with 2nd driver pin 'GND' [C:/Vivado_Project/VHDL_Dersleri/fifo/fifo/fifo.srcs/sources_1/new/top.v:69]
CRITICAL WARNING: [Synth 8-6858] multi-driven net Q is connected to at least one constant driver which has been preserved, other driver is ignored [C:/Vivado_Project/VHDL_Dersleri/fifo/fifo/fifo.srcs/sources_1/new/top.v:69]
CRITICAL WARNING: [Synth 8-6859] multi-driven net on pin Q with 1st driver pin 'state_wr_reg[2]/Q' [C:/Vivado_Project/VHDL_Dersleri/fifo/fifo/fifo.srcs/sources_1/new/top.v:69]
CRITICAL WARNING: [Synth 8-6859] multi-driven net on pin Q with 2nd driver pin 'GND' [C:/Vivado_Project/VHDL_Dersleri/fifo/fifo/fifo.srcs/sources_1/new/top.v:69]
CRITICAL WARNING: [Synth 8-6858] multi-driven net Q is connected to at least one constant driver which has been preserved, other driver is ignored [C:/Vivado_Project/VHDL_Dersleri/fifo/fifo/fifo.srcs/sources_1/new/top.v:69]
CRITICAL WARNING: [Synth 8-6859] multi-driven net on pin Q with 1st driver pin 'state_wr_reg[1]/Q' [C:/Vivado_Project/VHDL_Dersleri/fifo/fifo/fifo.srcs/sources_1/new/top.v:69]
CRITICAL WARNING: [Synth 8-6859] multi-driven net on pin Q with 2nd driver pin 'GND' [C:/Vivado_Project/VHDL_Dersleri/fifo/fifo/fifo.srcs/sources_1/new/top.v:69]
CRITICAL WARNING: [Synth 8-6858] multi-driven net Q is connected to at least one constant driver which has been preserved, other driver is ignored [C:/Vivado_Project/VHDL_Dersleri/fifo/fifo/fifo.srcs/sources_1/new/top.v:69]
CRITICAL WARNING: [Synth 8-6859] multi-driven net on pin Q with 1st driver pin 'state_wr_reg[0]/Q' [C:/Vivado_Project/VHDL_Dersleri/fifo/fifo/fifo.srcs/sources_1/new/top.v:69]
CRITICAL WARNING: [Synth 8-6859] multi-driven net on pin Q with 2nd driver pin 'VCC' [C:/Vivado_Project/VHDL_Dersleri/fifo/fifo/fifo.srcs/sources_1/new/top.v:69]
CRITICAL WARNING: [Synth 8-6858] multi-driven net Q is connected to at least one constant driver which has been preserved, other driver is ignored [C:/Vivado_Project/VHDL_Dersleri/fifo/fifo/fifo.srcs/sources_1/new/top.v:69]
WARNING: [Synth 8-3332] Sequential element (state_wr_reg[3]__0) is unused and will be removed from module top.
WARNING: [Synth 8-3332] Sequential element (state_wr_reg[2]__0) is unused and will be removed from module top.
WARNING: [Synth 8-3332] Sequential element (state_wr_reg[1]__0) is unused and will be removed from module top.
WARNING: [Synth 8-3332] Sequential element (state_wr_reg[0]__0) is unused and will be removed from module top.
CRITICAL WARNING: [Synth 8-6859] multi-driven net on pin Q with 1st driver pin 'state_rd_reg[3]/Q' [C:/Vivado_Project/VHDL_Dersleri/fifo/fifo/fifo.srcs/sources_1/new/top.v:91]
CRITICAL WARNING: [Synth 8-6859] multi-driven net on pin Q with 2nd driver pin 'GND' [C:/Vivado_Project/VHDL_Dersleri/fifo/fifo/fifo.srcs/sources_1/new/top.v:91]
CRITICAL WARNING: [Synth 8-6858] multi-driven net Q is connected to at least one constant driver which has been preserved, other driver is ignored [C:/Vivado_Project/VHDL_Dersleri/fifo/fifo/fifo.srcs/sources_1/new/top.v:91]
CRITICAL WARNING: [Synth 8-6859] multi-driven net on pin Q with 1st driver pin 'state_rd_reg[2]/Q' [C:/Vivado_Project/VHDL_Dersleri/fifo/fifo/fifo.srcs/sources_1/new/top.v:91]
CRITICAL WARNING: [Synth 8-6859] multi-driven net on pin Q with 2nd driver pin 'GND' [C:/Vivado_Project/VHDL_Dersleri/fifo/fifo/fifo.srcs/sources_1/new/top.v:91]
CRITICAL WARNING: [Synth 8-6858] multi-driven net Q is connected to at least one constant driver which has been preserved, other driver is ignored [C:/Vivado_Project/VHDL_Dersleri/fifo/fifo/fifo.srcs/sources_1/new/top.v:91]
CRITICAL WARNING: [Synth 8-6859] multi-driven net on pin Q with 1st driver pin 'state_rd_reg[1]/Q' [C:/Vivado_Project/VHDL_Dersleri/fifo/fifo/fifo.srcs/sources_1/new/top.v:91]
CRITICAL WARNING: [Synth 8-6859] multi-driven net on pin Q with 2nd driver pin 'GND' [C:/Vivado_Project/VHDL_Dersleri/fifo/fifo/fifo.srcs/sources_1/new/top.v:91]
CRITICAL WARNING: [Synth 8-6858] multi-driven net Q is connected to at least one constant driver which has been preserved, other driver is ignored [C:/Vivado_Project/VHDL_Dersleri/fifo/fifo/fifo.srcs/sources_1/new/top.v:91]
CRITICAL WARNING: [Synth 8-6859] multi-driven net on pin Q with 1st driver pin 'state_rd_reg[0]/Q' [C:/Vivado_Project/VHDL_Dersleri/fifo/fifo/fifo.srcs/sources_1/new/top.v:91]
CRITICAL WARNING: [Synth 8-6859] multi-driven net on pin Q with 2nd driver pin 'GND' [C:/Vivado_Project/VHDL_Dersleri/fifo/fifo/fifo.srcs/sources_1/new/top.v:91]
CRITICAL WARNING: [Synth 8-6858] multi-driven net Q is connected to at least one constant driver which has been preserved, other driver is ignored [C:/Vivado_Project/VHDL_Dersleri/fifo/fifo/fifo.srcs/sources_1/new/top.v:91]
WARNING: [Synth 8-3332] Sequential element (state_rd_reg[3]__0) is unused and will be removed from module top.
WARNING: [Synth 8-3332] Sequential element (state_rd_reg[2]__0) is unused and will be removed from module top.
WARNING: [Synth 8-3332] Sequential element (state_rd_reg[1]__0) is unused and will be removed from module top.
WARNING: [Synth 8-3332] Sequential element (state_rd_reg[0]__0) is unused and will be removed from module top.
---------------------------------------------------------------------------------
Finished Cross Boundary and Area Optimization : Time (s): cpu = 00:00:12 ; elapsed = 00:00:13 . Memory (MB): peak = 1310.336 ; gain = 744.324
---------------------------------------------------------------------------------
---------------------------------------------------------------------------------
Start ROM, RAM, DSP, Shift Register and Retiming Reporting
---------------------------------------------------------------------------------

Block RAM: Preliminary Mapping Report (see note below)
+------------+------------+------------------------+---+---+------------------------+---+---+------------------+--------+--------+
|Module Name | RTL Object | PORT A (Depth x Width) | W | R | PORT B (Depth x Width) | W | R | Ports driving FF | RAMB18 | RAMB36 | 
+------------+------------+------------------------+---+---+------------------------+---+---+------------------+--------+--------+
|top         | fifo_reg   | 32 x 8(NO_CHANGE)      | W |   | 32 x 8(READ_FIRST)     | W | R | Port A and B     | 1      | 0      | 
+------------+------------+------------------------+---+---+------------------------+---+---+------------------+--------+--------+

Note: The table above is a preliminary report that shows the Block RAMs at the current stage of the synthesis flow. Some Block RAMs may be reimplemented as non Block RAM primitives later in the synthesis flow. Multiple instantiated Block RAMs are reported only once. 
---------------------------------------------------------------------------------
Finished ROM, RAM, DSP, Shift Register and Retiming Reporting
---------------------------------------------------------------------------------
No constraint files found.
---------------------------------------------------------------------------------
Start Timing Optimization
---------------------------------------------------------------------------------
---------------------------------------------------------------------------------
Finished Timing Optimization : Time (s): cpu = 00:00:12 ; elapsed = 00:00:13 . Memory (MB): peak = 1310.336 ; gain = 744.324
---------------------------------------------------------------------------------
---------------------------------------------------------------------------------
Start ROM, RAM, DSP, Shift Register and Retiming Reporting
---------------------------------------------------------------------------------

Block RAM: Final Mapping Report
+------------+------------+------------------------+---+---+------------------------+---+---+------------------+--------+--------+
|Module Name | RTL Object | PORT A (Depth x Width) | W | R | PORT B (Depth x Width) | W | R | Ports driving FF | RAMB18 | RAMB36 | 
+------------+------------+------------------------+---+---+------------------------+---+---+------------------+--------+--------+
|top         | fifo_reg   | 32 x 8(NO_CHANGE)      | W |   | 32 x 8(READ_FIRST)     | W | R | Port A and B     | 1      | 0      | 
+------------+------------+------------------------+---+---+------------------------+---+---+------------------+--------+--------+

---------------------------------------------------------------------------------
Finished ROM, RAM, DSP, Shift Register and Retiming Reporting
---------------------------------------------------------------------------------
---------------------------------------------------------------------------------
Start Technology Mapping
---------------------------------------------------------------------------------
INFO: [Synth 8-7052] The timing for the instance fifo_reg (implemented as a Block RAM) might be sub-optimal as no optional output register could be merged into the ram block. Providing additional output register may help in improving timing.
---------------------------------------------------------------------------------
Finished Technology Mapping : Time (s): cpu = 00:00:12 ; elapsed = 00:00:13 . Memory (MB): peak = 1310.336 ; gain = 744.324
---------------------------------------------------------------------------------
---------------------------------------------------------------------------------
Start IO Insertion
---------------------------------------------------------------------------------
---------------------------------------------------------------------------------
Start Flattening Before IO Insertion
---------------------------------------------------------------------------------
---------------------------------------------------------------------------------
Finished Flattening Before IO Insertion
---------------------------------------------------------------------------------
---------------------------------------------------------------------------------
Start Final Netlist Cleanup
---------------------------------------------------------------------------------
---------------------------------------------------------------------------------
Finished Final Netlist Cleanup
---------------------------------------------------------------------------------
---------------------------------------------------------------------------------
Finished IO Insertion : Time (s): cpu = 00:00:16 ; elapsed = 00:00:17 . Memory (MB): peak = 1310.336 ; gain = 744.324
---------------------------------------------------------------------------------
---------------------------------------------------------------------------------
Start Renaming Generated Instances
---------------------------------------------------------------------------------
---------------------------------------------------------------------------------
Finished Renaming Generated Instances : Time (s): cpu = 00:00:16 ; elapsed = 00:00:17 . Memory (MB): peak = 1310.336 ; gain = 744.324
---------------------------------------------------------------------------------
---------------------------------------------------------------------------------
Start Rebuilding User Hierarchy
---------------------------------------------------------------------------------
---------------------------------------------------------------------------------
Finished Rebuilding User Hierarchy : Time (s): cpu = 00:00:16 ; elapsed = 00:00:17 . Memory (MB): peak = 1310.336 ; gain = 744.324
---------------------------------------------------------------------------------
---------------------------------------------------------------------------------
Start Renaming Generated Ports
---------------------------------------------------------------------------------
---------------------------------------------------------------------------------
Finished Renaming Generated Ports : Time (s): cpu = 00:00:16 ; elapsed = 00:00:17 . Memory (MB): peak = 1310.336 ; gain = 744.324
---------------------------------------------------------------------------------
---------------------------------------------------------------------------------
Start Handling Custom Attributes
---------------------------------------------------------------------------------
---------------------------------------------------------------------------------
Finished Handling Custom Attributes : Time (s): cpu = 00:00:16 ; elapsed = 00:00:17 . Memory (MB): peak = 1310.336 ; gain = 744.324
---------------------------------------------------------------------------------
---------------------------------------------------------------------------------
Start Renaming Generated Nets
---------------------------------------------------------------------------------
---------------------------------------------------------------------------------
Finished Renaming Generated Nets : Time (s): cpu = 00:00:16 ; elapsed = 00:00:17 . Memory (MB): peak = 1310.336 ; gain = 744.324
---------------------------------------------------------------------------------
---------------------------------------------------------------------------------
Start Writing Synthesis Report
---------------------------------------------------------------------------------

Report BlackBoxes: 
+-+--------------+----------+
| |BlackBox name |Instances |
+-+--------------+----------+
+-+--------------+----------+

Report Cell Usage: 
+------+---------+------+
|      |Cell     |Count |
+------+---------+------+
|1     |BUFG     |     1|
|2     |CARRY4   |     3|
|3     |LUT3     |     8|
|4     |RAMB18E1 |     1|
|5     |FDRE     |     9|
|6     |IBUF     |    10|
|7     |OBUF     |    11|
+------+---------+------+

Report Instance Areas: 
+------+---------+-------+------+
|      |Instance |Module |Cells |
+------+---------+-------+------+
|1     |top      |       |    43|
+------+---------+-------+------+
---------------------------------------------------------------------------------
Finished Writing Synthesis Report : Time (s): cpu = 00:00:16 ; elapsed = 00:00:17 . Memory (MB): peak = 1310.336 ; gain = 744.324
---------------------------------------------------------------------------------
Synthesis finished with 0 errors, 24 critical warnings and 11 warnings.
Synthesis Optimization Runtime : Time (s): cpu = 00:00:16 ; elapsed = 00:00:17 . Memory (MB): peak = 1310.336 ; gain = 744.324
Synthesis Optimization Complete : Time (s): cpu = 00:00:16 ; elapsed = 00:00:17 . Memory (MB): peak = 1310.336 ; gain = 744.324
INFO: [Project 1-571] Translating synthesized netlist
Netlist sorting complete. Time (s): cpu = 00:00:00 ; elapsed = 00:00:00 . Memory (MB): peak = 1319.242 ; gain = 0.000
INFO: [Netlist 29-17] Analyzing 4 Unisim elements for replacement
INFO: [Netlist 29-28] Unisim Transformation completed in 0 CPU seconds
INFO: [Project 1-570] Preparing netlist for logic optimization
INFO: [Opt 31-138] Pushed 0 inverter(s) to 0 load pin(s).
Netlist sorting complete. Time (s): cpu = 00:00:00 ; elapsed = 00:00:00 . Memory (MB): peak = 1415.766 ; gain = 0.000
INFO: [Project 1-111] Unisim Transformation Summary:
No Unisim elements were transformed.

Synth Design complete | Checksum: f59183af
INFO: [Common 17-83] Releasing license: Synthesis
23 Infos, 11 Warnings, 24 Critical Warnings and 0 Errors encountered.
synth_design completed successfully
synth_design: Time (s): cpu = 00:00:17 ; elapsed = 00:00:19 . Memory (MB): peak = 1415.766 ; gain = 849.766
INFO: [runtcl-6] Synthesis results are not added to the cache due to CRITICAL_WARNING
Write ShapeDB Complete: Time (s): cpu = 00:00:00 ; elapsed = 00:00:00.001 . Memory (MB): peak = 1415.766 ; gain = 0.000
INFO: [Common 17-1381] The checkpoint 'C:/Vivado_Project/VHDL_Dersleri/fifo/fifo/fifo.runs/synth_1/top.dcp' has been generated.
INFO: [Vivado 12-24828] Executing command : report_utilization -file top_utilization_synth.rpt -pb top_utilization_synth.pb
INFO: [Common 17-206] Exiting Vivado at Thu Sep  4 22:46:18 2025...
